<?xml version="1.0" encoding="UTF-8"?>
<coverage generated="1588632520975" clover="4.4.1">
   <project timestamp="1588632520850">
      <metrics coveredelements="254" complexity="123" loc="848" methods="68" classes="10" statements="185" packages="3" coveredconditionals="65" coveredmethods="48" elements="351" ncloc="401" files="8" conditionals="98" coveredstatements="141"/>
      <package name="default-pkg">
         <metrics coveredelements="18" complexity="18" loc="114" methods="12" classes="1" statements="21" coveredconditionals="1" coveredmethods="7" elements="45" ncloc="53" files="1" conditionals="12" coveredstatements="10"/>
         <file path="/home/hieuvd/spl_dataset_generation/InputPreparation/projects/Elevator-FH-JML/mutated_projects/Weight.ElevatorSystem.Elevator.ODL_1/variants/model_m_ca3_0004/src/Actions.java" name="Actions.java">
            <metrics coveredelements="18" coveredconditionals="1" complexity="18" loc="114" coveredmethods="7" methods="12" elements="45" classes="1" ncloc="53" statements="21" conditionals="12" coveredstatements="10"/>
            <class name="Actions">
               <metrics coveredelements="18" coveredconditionals="1" complexity="18" coveredmethods="7" methods="12" elements="45" statements="21" conditionals="12" coveredstatements="10"/>
            </class>
            <line complexity="2" visibility="public" signature="Actions(Environment,Elevator)" num="17" count="11" type="method"/>
            <line num="18" count="11" type="stmt"/>
            <line num="19" count="11" type="stmt"/>
            <line falsecount="11" truecount="0" num="19" type="cond"/>
            <line num="20" count="0" type="stmt"/>
            <line num="22" count="11" type="stmt"/>
            <line num="23" count="11" type="stmt"/>
            <line complexity="1" visibility="public" signature="bobCall() : Person" num="34" count="9" type="method"/>
            <line num="35" count="9" type="stmt"/>
            <line complexity="1" visibility="public" signature="aliceCall() : Person" num="41" count="5" type="method"/>
            <line num="42" count="5" type="stmt"/>
            <line complexity="1" visibility="public" signature="angelinaCall() : Person" num="48" count="4" type="method"/>
            <line num="49" count="4" type="stmt"/>
            <line complexity="1" visibility="public" signature="chuckCall() : Person" num="55" count="5" type="method"/>
            <line num="56" count="5" type="stmt"/>
            <line complexity="1" visibility="public" signature="monicaCall() : Person" num="62" count="8" type="method"/>
            <line num="63" count="8" type="stmt"/>
            <line complexity="1" visibility="public" signature="bigMacCall() : Person" num="69" count="9" type="method"/>
            <line num="70" count="9" type="stmt"/>
            <line complexity="2" visibility="public" signature="pressInLift0() : void" num="76" count="0" type="method"/>
            <line num="77" count="0" type="stmt"/>
            <line falsecount="0" truecount="0" num="77" type="cond"/>
            <line num="78" count="0" type="stmt"/>
            <line complexity="2" visibility="public" signature="pressInLift1() : void" num="84" count="0" type="method"/>
            <line num="85" count="0" type="stmt"/>
            <line falsecount="0" truecount="0" num="85" type="cond"/>
            <line num="86" count="0" type="stmt"/>
            <line complexity="2" visibility="public" signature="pressInLift2() : void" num="92" count="0" type="method"/>
            <line num="93" count="0" type="stmt"/>
            <line falsecount="0" truecount="0" num="93" type="cond"/>
            <line num="94" count="0" type="stmt"/>
            <line complexity="2" visibility="public" signature="pressInLift3() : void" num="100" count="0" type="method"/>
            <line num="101" count="0" type="stmt"/>
            <line falsecount="0" truecount="0" num="101" type="cond"/>
            <line num="102" count="0" type="stmt"/>
            <line complexity="2" visibility="public" signature="pressInLift4() : void" num="108" count="0" type="method"/>
            <line num="109" count="0" type="stmt"/>
            <line falsecount="0" truecount="0" num="109" type="cond"/>
            <line num="110" count="0" type="stmt"/>
         </file>
      </package>
      <package name="ElevatorSystem">
         <metrics coveredelements="236" complexity="98" loc="667" methods="51" classes="7" statements="155" coveredconditionals="64" coveredmethods="41" elements="288" ncloc="319" files="5" conditionals="82" coveredstatements="131"/>
         <file path="/home/hieuvd/spl_dataset_generation/InputPreparation/projects/Elevator-FH-JML/mutated_projects/Weight.ElevatorSystem.Elevator.ODL_1/variants/model_m_ca3_0004/src/ElevatorSystem/Environment.java" name="Environment.java">
            <metrics coveredelements="12" coveredconditionals="2" complexity="5" loc="54" coveredmethods="4" methods="4" elements="12" classes="1" ncloc="19" statements="6" conditionals="2" coveredstatements="6"/>
            <class name="Environment">
               <metrics coveredelements="12" coveredconditionals="2" complexity="5" coveredmethods="4" methods="4" elements="12" statements="6" conditionals="2" coveredstatements="6"/>
            </class>
            <line complexity="2" visibility="public" signature="Environment(int)" num="25" count="11" type="method"/>
            <line num="28" count="11" type="stmt"/>
            <line num="29" count="11" type="stmt"/>
            <line falsecount="11" truecount="55" num="29" type="cond"/>
            <line num="30" count="55" type="stmt"/>
            <line complexity="1" visibility="public" signature="getFloor(int) : Floor" num="37" count="3587" type="method"/>
            <line num="38" count="3587" type="stmt"/>
            <line complexity="1" visibility="public" signature="getFloors() : Floor[]" num="43" count="7024" type="method"/>
            <line num="44" count="7024" type="stmt"/>
            <line complexity="1" visibility="public" signature="isTopFloor(int) : boolean" num="49" count="5221" type="method"/>
            <line num="50" count="5221" type="stmt"/>
         </file>
         <file path="/home/hieuvd/spl_dataset_generation/InputPreparation/projects/Elevator-FH-JML/mutated_projects/Weight.ElevatorSystem.Elevator.ODL_1/variants/model_m_ca3_0004/src/ElevatorSystem/Person.java" name="Person.java">
            <metrics coveredelements="19" coveredconditionals="0" complexity="8" loc="86" coveredmethods="7" methods="8" elements="21" classes="1" ncloc="37" statements="13" conditionals="0" coveredstatements="12"/>
            <class name="Person">
               <metrics coveredelements="19" coveredconditionals="0" complexity="8" coveredmethods="7" methods="8" elements="21" statements="13" conditionals="0" coveredstatements="12"/>
            </class>
            <line complexity="1" visibility="public" signature="getWeight() : int" num="27" count="38" type="method"/>
            <line num="28" count="38" type="stmt"/>
            <line complexity="1" visibility="public" signature="Person(String,int,int,int,Environment)" num="34" count="40" type="method"/>
            <line num="35" count="40" type="stmt"/>
            <line num="36" count="40" type="stmt"/>
            <line num="37" count="40" type="stmt"/>
            <line num="38" count="40" type="stmt"/>
            <line num="39" count="40" type="stmt"/>
            <line num="40" count="40" type="stmt"/>
            <line complexity="1" visibility="public" signature="getName() : String" num="46" count="25" type="method"/>
            <line num="47" count="25" type="stmt"/>
            <line complexity="1" visibility="public" signature="getOrigin() : int" num="52" count="4" type="method"/>
            <line num="53" count="4" type="stmt"/>
            <line complexity="1" visibility="public" signature="getDestination() : int" num="59" count="34" type="method"/>
            <line num="60" count="34" type="stmt"/>
            <line complexity="1" visibility="public" signature="leaveElevator() : void" num="66" count="12" type="method"/>
            <line num="67" count="12" type="stmt"/>
            <line complexity="1" visibility="public" signature="isDestinationReached() : boolean" num="73" count="0" type="method"/>
            <line num="74" count="0" type="stmt"/>
            <line complexity="1" visibility="public" signature="enterElevator(Elevator) : void" num="80" count="26" type="method"/>
            <line num="82" count="26" type="stmt"/>
         </file>
         <file path="/home/hieuvd/spl_dataset_generation/InputPreparation/projects/Elevator-FH-JML/mutated_projects/Weight.ElevatorSystem.Elevator.ODL_1/variants/model_m_ca3_0004/src/ElevatorSystem/EvilPerson.java" name="EvilPerson.java">
            <metrics coveredelements="0" coveredconditionals="0" complexity="2" loc="29" coveredmethods="0" methods="2" elements="7" classes="1" ncloc="15" statements="5" conditionals="0" coveredstatements="0"/>
            <class name="EvilPerson">
               <metrics coveredelements="0" coveredconditionals="0" complexity="2" coveredmethods="0" methods="2" elements="7" statements="5" conditionals="0" coveredstatements="0"/>
            </class>
            <line complexity="1" visibility="public" signature="EvilPerson(String,int,int,int,int[],Environment)" num="12" count="0" type="method"/>
            <line num="14" count="0" type="stmt"/>
            <line num="15" count="0" type="stmt"/>
            <line complexity="1" visibility="public" signature="enterElevator(Elevator) : void" num="21" count="0" type="method"/>
            <line num="23" count="0" type="stmt"/>
            <line num="24" count="0" type="stmt"/>
            <line num="25" count="0" type="stmt"/>
         </file>
         <file path="/home/hieuvd/spl_dataset_generation/InputPreparation/projects/Elevator-FH-JML/mutated_projects/Weight.ElevatorSystem.Elevator.ODL_1/variants/model_m_ca3_0004/src/ElevatorSystem/Elevator.java" name="Elevator.java">
            <metrics coveredelements="188" coveredconditionals="62" complexity="76" loc="415" coveredmethods="24" methods="30" elements="229" classes="3" ncloc="212" statements="119" conditionals="80" coveredstatements="102"/>
            <class name="Elevator">
               <metrics coveredelements="184" coveredconditionals="62" complexity="74" coveredmethods="22" methods="28" elements="225" statements="117" conditionals="80" coveredstatements="100"/>
            </class>
            <class name="Elevator.Direction">
               <metrics coveredelements="4" coveredconditionals="0" complexity="2" coveredmethods="2" methods="2" elements="4" statements="2" conditionals="0" coveredstatements="2"/>
            </class>
            <class name="Elevator.DoorState">
               <metrics coveredelements="0" coveredconditionals="0" complexity="0" coveredmethods="0" methods="0" elements="0" statements="0" conditionals="0" coveredstatements="0"/>
            </class>
            <line complexity="1" visibility="public" signature="reverse() : Direction" num="23" count="2166" type="method"/>
            <line num="23" count="2166" type="stmt"/>
            <line complexity="1" visibility="public" signature="reverse() : Direction" num="26" count="2164" type="method"/>
            <line num="26" count="2164" type="stmt"/>
            <line complexity="1" visibility="public" signature="Elevator(Environment,boolean)" num="55" count="4" type="method"/>
            <line num="56" count="4" type="stmt"/>
            <line num="57" count="4" type="stmt"/>
            <line num="58" count="4" type="stmt"/>
            <line num="59" count="4" type="stmt"/>
            <line num="60" count="4" type="stmt"/>
            <line num="61" count="4" type="stmt"/>
            <line complexity="2" visibility="public" signature="Elevator(Environment,boolean,int,boolean)" num="66" count="7" type="method"/>
            <line num="67" count="7" type="stmt"/>
            <line num="68" count="7" type="stmt"/>
            <line falsecount="7" truecount="0" num="68" type="cond"/>
            <line num="69" count="7" type="stmt"/>
            <line num="70" count="7" type="stmt"/>
            <line num="71" count="7" type="stmt"/>
            <line num="72" count="7" type="stmt"/>
            <line complexity="1" visibility="public" signature="isBlocked() : boolean" num="78" count="3568" type="method"/>
            <line num="79" count="3568" type="stmt"/>
            <line complexity="2" visibility="private" signature="enterElevator__wrappee__Base(Person) : void" num="85" count="26" type="method"/>
            <line num="86" count="26" type="stmt"/>
            <line num="87" count="26" type="stmt"/>
            <line num="88" count="26" type="stmt"/>
            <line num="88" count="17" type="stmt"/>
            <line falsecount="9" truecount="17" num="88" type="cond"/>
            <line complexity="1" visibility="public" signature="enterElevator(Person) : void" num="94" count="26" type="method"/>
            <line num="96" count="26" type="stmt"/>
            <line num="97" count="26" type="stmt"/>
            <line complexity="3" visibility="private" signature="leaveElevator__wrappee__Base(Person) : boolean" num="103" count="12" type="method"/>
            <line num="104" count="12" type="stmt"/>
            <line falsecount="0" truecount="12" num="104" type="cond"/>
            <line num="105" count="12" type="stmt"/>
            <line num="106" count="12" type="stmt"/>
            <line num="107" count="12" type="stmt"/>
            <line num="107" count="8" type="stmt"/>
            <line falsecount="4" truecount="8" num="107" type="cond"/>
            <line num="108" count="12" type="stmt"/>
            <line num="109" count="0" type="stmt"/>
            <line complexity="2" visibility="public" signature="leaveElevator(Person) : boolean" num="115" count="12" type="method"/>
            <line num="117" count="12" type="stmt"/>
            <line falsecount="0" truecount="12" num="117" type="cond"/>
            <line num="118" count="12" type="stmt"/>
            <line num="119" count="12" type="stmt"/>
            <line num="121" count="0" type="stmt"/>
            <line complexity="1" visibility="public" signature="pressInLiftFloorButton(int) : void" num="135" count="26" type="method"/>
            <line num="137" count="26" type="stmt"/>
            <line complexity="1" visibility="private" signature="resetFloorButton(int) : void" num="142" count="30" type="method"/>
            <line num="143" count="30" type="stmt"/>
            <line complexity="1" visibility="public" signature="getCurrentFloorID() : int" num="148" count="17" type="method"/>
            <line num="149" count="17" type="stmt"/>
            <line complexity="1" visibility="public" signature="areDoorsOpen() : boolean" num="155" count="3550" type="method"/>
            <line num="156" count="3550" type="stmt"/>
            <line complexity="6" visibility="private" signature="timeShift__wrappee__Base() : void" num="171" count="3542" type="method"/>
            <line num="174" count="3542" type="stmt"/>
            <line falsecount="3512" truecount="30" num="174" type="cond"/>
            <line num="176" count="30" type="stmt"/>
            <line num="178" count="30" type="stmt"/>
            <line num="179" count="17" type="stmt"/>
            <line falsecount="5" truecount="12" num="179" type="cond"/>
            <line num="180" count="12" type="stmt"/>
            <line num="183" count="30" type="stmt"/>
            <line num="184" count="30" type="stmt"/>
            <line num="186" count="3512" type="stmt"/>
            <line falsecount="3483" truecount="29" num="186" type="cond"/>
            <line num="187" count="29" type="stmt"/>
            <line num="190" count="3512" type="stmt"/>
            <line falsecount="3458" truecount="53" num="190" type="cond"/>
            <line num="193" count="53" type="stmt"/>
            <line num="194" count="3458" type="stmt"/>
            <line falsecount="3449" truecount="9" num="194" type="cond"/>
            <line num="197" count="9" type="stmt"/>
            <line num="201" count="3449" type="stmt"/>
            <line complexity="4" visibility="public" signature="timeShift() : void" num="222" count="3550" type="method"/>
            <line num="223" count="3550" type="stmt"/>
            <line falsecount="3542" truecount="8" num="223" type="cond"/>
            <line num="224" count="8" type="stmt"/>
            <line num="225" count="8" type="stmt"/>
            <line num="225" count="4" type="stmt"/>
            <line falsecount="4" truecount="4" num="225" type="cond"/>
            <line num="227" count="3542" type="stmt"/>
            <line num="228" count="3542" type="stmt"/>
            <line complexity="1" visibility="private" signature="stopRequestedAtCurrentFloor__wrappee__Base() : boolean" num="235" count="3513" type="method"/>
            <line num="236" count="3513" type="stmt"/>
            <line complexity="2" visibility="private" signature="stopRequestedAtCurrentFloor() : boolean" num="243" count="3542" type="method"/>
            <line num="244" count="3542" type="stmt"/>
            <line falsecount="3513" truecount="29" num="244" type="cond"/>
            <line num="245" count="29" type="stmt"/>
            <line num="246" count="3513" type="stmt"/>
            <line complexity="5" visibility="private" signature="continueInDirection__wrappee__Base(Direction) : void" num="252" count="3511" type="method"/>
            <line num="253" count="3511" type="stmt"/>
            <line num="254" count="3511" type="stmt"/>
            <line falsecount="1765" truecount="1746" num="254" type="cond"/>
            <line num="255" count="1746" type="stmt"/>
            <line falsecount="1315" truecount="431" num="255" type="cond"/>
            <line num="257" count="431" type="stmt"/>
            <line num="260" count="1765" type="stmt"/>
            <line falsecount="1333" truecount="432" num="260" type="cond"/>
            <line num="262" count="432" type="stmt"/>
            <line num="265" count="3511" type="stmt"/>
            <line falsecount="1764" truecount="1747" num="265" type="cond"/>
            <line num="266" count="1747" type="stmt"/>
            <line num="268" count="1764" type="stmt"/>
            <line complexity="1" visibility="private" signature="continueInDirection(Direction) : void" num="290" count="3511" type="method"/>
            <line num="291" count="3511" type="stmt"/>
            <line complexity="3" visibility="private" signature="isAnyLiftButtonPressed() : boolean" num="298" count="25" type="method"/>
            <line num="299" count="25" type="stmt"/>
            <line falsecount="0" truecount="32" num="299" type="cond"/>
            <line num="300" count="32" type="stmt"/>
            <line num="300" count="25" type="stmt"/>
            <line falsecount="7" truecount="25" num="300" type="cond"/>
            <line num="302" count="0" type="stmt"/>
            <line complexity="14" visibility="private" signature="stopRequestedInDirection__wrappee__Base(Direction,boolean,boolean) : boolean" num="308" count="6970" type="method"/>
            <line num="309" count="6970" type="stmt"/>
            <line num="310" count="6970" type="stmt"/>
            <line falsecount="3495" truecount="3475" num="310" type="cond"/>
            <line num="311" count="3475" type="stmt"/>
            <line num="311" count="434" type="stmt"/>
            <line falsecount="3041" truecount="434" num="311" type="cond"/>
            <line num="312" count="3041" type="stmt"/>
            <line falsecount="3020" truecount="6943" num="312" type="cond"/>
            <line num="313" count="6943" type="stmt"/>
            <line num="313" count="19" type="stmt"/>
            <line falsecount="6924" truecount="19" num="313" type="cond"/>
            <line num="314" count="6924" type="stmt"/>
            <line num="314" count="2" type="stmt"/>
            <line falsecount="6922" truecount="2" num="314" type="cond"/>
            <line num="316" count="3020" type="stmt"/>
            <line num="318" count="3495" type="stmt"/>
            <line num="318" count="436" type="stmt"/>
            <line falsecount="3059" truecount="436" num="318" type="cond"/>
            <line num="319" count="3059" type="stmt"/>
            <line falsecount="3017" truecount="6981" num="319" type="cond"/>
            <line num="320" count="6981" type="stmt"/>
            <line num="320" count="13" type="stmt"/>
            <line falsecount="6968" truecount="13" num="320" type="cond"/>
            <line num="321" count="6968" type="stmt"/>
            <line num="321" count="28" type="stmt"/>
            <line falsecount="6940" truecount="28" num="321" type="cond"/>
            <line num="323" count="3017" type="stmt"/>
            <line complexity="4" visibility="private" signature="stopRequestedInDirection(Direction,boolean,boolean) : boolean" num="330" count="6970" type="method"/>
            <line num="331" count="6970" type="stmt"/>
            <line falsecount="6945" truecount="25" num="331" type="cond"/>
            <line num="332" count="25" type="stmt"/>
            <line num="332" count="15" type="stmt"/>
            <line falsecount="10" truecount="15" num="332" type="cond"/>
            <line num="333" count="25" type="stmt"/>
            <line num="334" count="6945" type="stmt"/>
            <line complexity="4" visibility="private" signature="anyStopRequested() : boolean" num="339" count="43" type="method"/>
            <line num="340" count="43" type="stmt"/>
            <line num="341" count="43" type="stmt"/>
            <line falsecount="2" truecount="94" num="341" type="cond"/>
            <line num="342" count="94" type="stmt"/>
            <line num="342" count="21" type="stmt"/>
            <line falsecount="73" truecount="21" num="342" type="cond"/>
            <line num="343" count="73" type="stmt"/>
            <line num="343" count="20" type="stmt"/>
            <line falsecount="53" truecount="20" num="343" type="cond"/>
            <line num="345" count="2" type="stmt"/>
            <line complexity="1" visibility="public" signature="buttonForFloorIsPressed(int) : boolean" num="351" count="0" type="method"/>
            <line num="352" count="0" type="stmt"/>
            <line complexity="1" visibility="public" signature="getCurrentDirection() : Direction" num="358" count="0" type="method"/>
            <line num="359" count="0" type="stmt"/>
            <line complexity="1" visibility="public" signature="getEnv() : Environment" num="364" count="0" type="method"/>
            <line num="365" count="0" type="stmt"/>
            <line complexity="1" visibility="public" signature="isEmpty() : boolean" num="370" count="0" type="method"/>
            <line num="371" count="0" type="stmt"/>
            <line complexity="1" visibility="public" signature="isIdle() : boolean" num="376" count="43" type="method"/>
            <line num="377" count="43" type="stmt"/>
            <line complexity="2" visibility="public" signature="toString() : String" num="383" count="0" type="method"/>
            <line num="385" count="0" type="stmt"/>
            <line falsecount="0" truecount="0" num="385" type="cond"/>
            <line complexity="7" visibility="private" signature="existInLiftCallsInDirection(Direction) : boolean" num="399" count="0" type="method"/>
            <line num="400" count="0" type="stmt"/>
            <line falsecount="0" truecount="0" num="400" type="cond"/>
            <line num="401" count="0" type="stmt"/>
            <line falsecount="0" truecount="0" num="401" type="cond"/>
            <line num="402" count="0" type="stmt"/>
            <line num="402" count="0" type="stmt"/>
            <line falsecount="0" truecount="0" num="402" type="cond"/>
            <line num="403" count="0" type="stmt"/>
            <line falsecount="0" truecount="0" num="403" type="cond"/>
            <line num="404" count="0" type="stmt"/>
            <line falsecount="0" truecount="0" num="404" type="cond"/>
            <line num="405" count="0" type="stmt"/>
            <line num="405" count="0" type="stmt"/>
            <line falsecount="0" truecount="0" num="405" type="cond"/>
            <line num="407" count="0" type="stmt"/>
         </file>
         <file path="/home/hieuvd/spl_dataset_generation/InputPreparation/projects/Elevator-FH-JML/mutated_projects/Weight.ElevatorSystem.Elevator.ODL_1/variants/model_m_ca3_0004/src/ElevatorSystem/Floor.java" name="Floor.java">
            <metrics coveredelements="17" coveredconditionals="0" complexity="7" loc="83" coveredmethods="6" methods="7" elements="19" classes="1" ncloc="36" statements="12" conditionals="0" coveredstatements="11"/>
            <class name="Floor">
               <metrics coveredelements="17" coveredconditionals="0" complexity="7" coveredmethods="6" methods="7" elements="19" statements="12" conditionals="0" coveredstatements="11"/>
            </class>
            <line complexity="1" visibility="public" signature="Floor(Environment,int)" num="26" count="55" type="method"/>
            <line num="27" count="55" type="stmt"/>
            <line num="28" count="55" type="stmt"/>
            <line complexity="1" visibility="public" signature="getFloorID() : int" num="34" count="0" type="method"/>
            <line num="35" count="0" type="stmt"/>
            <line complexity="1" visibility="public" signature="callElevator() : void" num="44" count="40" type="method"/>
            <line num="46" count="40" type="stmt"/>
            <line complexity="1" visibility="public" signature="reset() : void" num="52" count="30" type="method"/>
            <line num="53" count="30" type="stmt"/>
            <line complexity="1" visibility="public" signature="hasCall() : boolean" num="59" count="17490" type="method"/>
            <line num="60" count="17490" type="stmt"/>
            <line complexity="1" visibility="public" signature="processWaitingPersons(Elevator) : void" num="66" count="30" type="method"/>
            <line num="67" count="30" type="stmt"/>
            <line num="68" count="26" type="stmt"/>
            <line num="70" count="30" type="stmt"/>
            <line num="71" count="30" type="stmt"/>
            <line complexity="1" visibility="public" signature="addWaitingPerson(Person) : void" num="77" count="40" type="method"/>
            <line num="78" count="40" type="stmt"/>
            <line num="79" count="40" type="stmt"/>
         </file>
      </package>
      <package name="TestSpecifications">
         <metrics coveredelements="0" complexity="7" loc="67" methods="5" classes="2" statements="9" coveredconditionals="0" coveredmethods="0" elements="18" ncloc="29" files="2" conditionals="4" coveredstatements="0"/>
         <file path="/home/hieuvd/spl_dataset_generation/InputPreparation/projects/Elevator-FH-JML/mutated_projects/Weight.ElevatorSystem.Elevator.ODL_1/variants/model_m_ca3_0004/src/TestSpecifications/SpecificationManager.java" name="SpecificationManager.java">
            <metrics coveredelements="0" coveredconditionals="0" complexity="5" loc="41" coveredmethods="0" methods="3" elements="13" classes="1" ncloc="17" statements="6" conditionals="4" coveredstatements="0"/>
            <class name="SpecificationManager">
               <metrics coveredelements="0" coveredconditionals="0" complexity="5" coveredmethods="0" methods="3" elements="13" statements="6" conditionals="4" coveredstatements="0"/>
            </class>
            <line complexity="1" visibility="public" signature="setupSpecifications() : void" num="7" count="0" type="method"/>
            <line complexity="3" visibility="public" signature="checkSpecification(int) : boolean" num="20" count="0" type="method"/>
            <line num="21" count="0" type="stmt"/>
            <line falsecount="0" truecount="0" num="21" type="cond"/>
            <line num="22" count="0" type="stmt"/>
            <line num="23" count="0" type="stmt"/>
            <line falsecount="0" truecount="0" num="23" type="cond"/>
            <line num="24" count="0" type="stmt"/>
            <line num="26" count="0" type="stmt"/>
            <line complexity="1" visibility="public" signature="checkOnlySpecification(int) : void" num="36" count="0" type="method"/>
            <line num="37" count="0" type="stmt"/>
         </file>
         <file path="/home/hieuvd/spl_dataset_generation/InputPreparation/projects/Elevator-FH-JML/mutated_projects/Weight.ElevatorSystem.Elevator.ODL_1/variants/model_m_ca3_0004/src/TestSpecifications/SpecificationException.java" name="SpecificationException.java">
            <metrics coveredelements="0" coveredconditionals="0" complexity="2" loc="26" coveredmethods="0" methods="2" elements="5" classes="1" ncloc="12" statements="3" conditionals="0" coveredstatements="0"/>
            <class name="SpecificationException">
               <metrics coveredelements="0" coveredconditionals="0" complexity="2" coveredmethods="0" methods="2" elements="5" statements="3" conditionals="0" coveredstatements="0"/>
            </class>
            <line complexity="1" visibility="public" signature="SpecificationException(String,String)" num="13" count="0" type="method"/>
            <line num="14" count="0" type="stmt"/>
            <line num="15" count="0" type="stmt"/>
            <line complexity="1" visibility="public" signature="getSpecificationName() : String" num="21" count="0" type="method"/>
            <line num="22" count="0" type="stmt"/>
         </file>
      </package>
   </project>
   <testproject timestamp="1588632520850">
      <metrics coveredelements="0" complexity="23" loc="181" methods="8" classes="1" statements="60" packages="1" coveredconditionals="0" coveredmethods="0" elements="86" ncloc="95" files="1" conditionals="18" coveredstatements="0"/>
      <package name="default-pkg">
         <metrics coveredelements="0" complexity="23" loc="181" methods="8" classes="1" statements="60" coveredconditionals="0" coveredmethods="0" elements="86" ncloc="95" files="1" conditionals="18" coveredstatements="0"/>
         <file path="/home/hieuvd/spl_dataset_generation/InputPreparation/projects/Elevator-FH-JML/mutated_projects/Weight.ElevatorSystem.Elevator.ODL_1/variants/model_m_ca3_0004/src/JUnit_Scenario_Tests.java" name="JUnit_Scenario_Tests.java">
            <metrics coveredelements="0" coveredconditionals="0" complexity="23" loc="181" coveredmethods="0" methods="8" elements="86" classes="1" ncloc="95" statements="60" conditionals="18" coveredstatements="0"/>
            <class name="JUnit_Scenario_Tests">
               <metrics coveredelements="0" coveredconditionals="0" complexity="23" coveredmethods="0" methods="8" elements="86" statements="60" conditionals="18" coveredstatements="0"/>
            </class>
            <line complexity="1" visibility="public" signature="setup() : void" num="22" count="0" type="method"/>
            <line complexity="1" visibility="public" signature="testFinished(Environment) : void" num="40" count="0" type="method"/>
            <line complexity="3" visibility="public" signature="Specification1() : void" num="47" count="0" type="method"/>
            <line num="49" count="0" type="stmt"/>
            <line num="50" count="0" type="stmt"/>
            <line num="51" count="0" type="stmt"/>
            <line num="52" count="0" type="stmt"/>
            <line num="54" count="0" type="stmt"/>
            <line num="55" count="0" type="stmt"/>
            <line num="56" count="0" type="stmt"/>
            <line falsecount="0" truecount="0" num="56" type="cond"/>
            <line num="57" count="0" type="stmt"/>
            <line num="58" count="0" type="stmt"/>
            <line complexity="3" visibility="public" signature="Specification2() : void" num="66" count="0" type="method"/>
            <line num="68" count="0" type="stmt"/>
            <line num="69" count="0" type="stmt"/>
            <line num="70" count="0" type="stmt"/>
            <line num="71" count="0" type="stmt"/>
            <line num="73" count="0" type="stmt"/>
            <line num="74" count="0" type="stmt"/>
            <line falsecount="0" truecount="0" num="74" type="cond"/>
            <line num="75" count="0" type="stmt"/>
            <line num="76" count="0" type="stmt"/>
            <line complexity="4" visibility="public" signature="Specification3() : void" num="84" count="0" type="method"/>
            <line num="86" count="0" type="stmt"/>
            <line num="87" count="0" type="stmt"/>
            <line num="88" count="0" type="stmt"/>
            <line num="89" count="0" type="stmt"/>
            <line num="91" count="0" type="stmt"/>
            <line num="92" count="0" type="stmt"/>
            <line falsecount="0" truecount="0" num="92" type="cond"/>
            <line num="93" count="0" type="stmt"/>
            <line num="96" count="0" type="stmt"/>
            <line num="101" count="0" type="stmt"/>
            <line num="102" count="0" type="stmt"/>
            <line falsecount="0" truecount="0" num="102" type="cond"/>
            <line num="103" count="0" type="stmt"/>
            <line num="104" count="0" type="stmt"/>
            <line complexity="3" visibility="public" signature="Specification9() : void" num="117" count="0" type="method"/>
            <line num="119" count="0" type="stmt"/>
            <line num="120" count="0" type="stmt"/>
            <line num="121" count="0" type="stmt"/>
            <line num="122" count="0" type="stmt"/>
            <line num="124" count="0" type="stmt"/>
            <line num="125" count="0" type="stmt"/>
            <line falsecount="0" truecount="0" num="125" type="cond"/>
            <line num="126" count="0" type="stmt"/>
            <line num="127" count="0" type="stmt"/>
            <line complexity="4" visibility="public" signature="Specification13() : void" num="139" count="0" type="method"/>
            <line num="141" count="0" type="stmt"/>
            <line num="142" count="0" type="stmt"/>
            <line num="143" count="0" type="stmt"/>
            <line num="144" count="0" type="stmt"/>
            <line num="146" count="0" type="stmt"/>
            <line num="147" count="0" type="stmt"/>
            <line num="148" count="0" type="stmt"/>
            <line falsecount="0" truecount="0" num="148" type="cond"/>
            <line num="149" count="0" type="stmt"/>
            <line num="151" count="0" type="stmt"/>
            <line num="152" count="0" type="stmt"/>
            <line falsecount="0" truecount="0" num="152" type="cond"/>
            <line num="153" count="0" type="stmt"/>
            <line num="154" count="0" type="stmt"/>
            <line complexity="4" visibility="public" signature="Specification14() : void" num="162" count="0" type="method"/>
            <line num="164" count="0" type="stmt"/>
            <line num="165" count="0" type="stmt"/>
            <line num="166" count="0" type="stmt"/>
            <line num="167" count="0" type="stmt"/>
            <line num="169" count="0" type="stmt"/>
            <line num="171" count="0" type="stmt"/>
            <line falsecount="0" truecount="0" num="171" type="cond"/>
            <line num="172" count="0" type="stmt"/>
            <line num="174" count="0" type="stmt"/>
            <line num="175" count="0" type="stmt"/>
            <line falsecount="0" truecount="0" num="175" type="cond"/>
            <line num="176" count="0" type="stmt"/>
            <line num="177" count="0" type="stmt"/>
         </file>
      </package>
   </testproject>
</coverage>