<?xml version="1.0" encoding="UTF-8"?>
<coverage generated="1588632636989" clover="4.4.1">
   <project timestamp="1588632636878">
      <metrics coveredelements="14" complexity="122" loc="865" methods="71" classes="10" statements="185" packages="3" coveredconditionals="4" coveredmethods="2" elements="346" ncloc="405" files="8" conditionals="90" coveredstatements="8"/>
      <package name="ElevatorSystem">
         <metrics coveredelements="14" complexity="97" loc="684" methods="54" classes="7" statements="155" coveredconditionals="4" coveredmethods="2" elements="283" ncloc="323" files="5" conditionals="74" coveredstatements="8"/>
         <file path="/home/hieuvd/spl_dataset_generation/InputPreparation/projects/Elevator-FH-JML/mutated_projects/Weight.ElevatorSystem.Elevator.ASRS_5/variants/model_m_ca3_0005/src/ElevatorSystem/Elevator.java" name="Elevator.java">
            <metrics coveredelements="0" coveredconditionals="0" complexity="74" loc="424" coveredmethods="0" methods="33" elements="219" classes="3" ncloc="212" statements="116" conditionals="70" coveredstatements="0"/>
            <class name="Elevator">
               <metrics coveredelements="0" coveredconditionals="0" complexity="72" coveredmethods="0" methods="31" elements="215" statements="114" conditionals="70" coveredstatements="0"/>
            </class>
            <class name="Elevator.Direction">
               <metrics coveredelements="0" coveredconditionals="0" complexity="2" coveredmethods="0" methods="2" elements="4" statements="2" conditionals="0" coveredstatements="0"/>
            </class>
            <class name="Elevator.DoorState">
               <metrics coveredelements="0" coveredconditionals="0" complexity="0" coveredmethods="0" methods="0" elements="0" statements="0" conditionals="0" coveredstatements="0"/>
            </class>
            <line complexity="1" visibility="public" signature="reverse() : Direction" num="22" count="0" type="method"/>
            <line num="22" count="0" type="stmt"/>
            <line complexity="1" visibility="public" signature="reverse() : Direction" num="25" count="0" type="method"/>
            <line num="25" count="0" type="stmt"/>
            <line complexity="1" visibility="public" signature="Elevator(Environment,boolean)" num="54" count="0" type="method"/>
            <line num="55" count="0" type="stmt"/>
            <line num="56" count="0" type="stmt"/>
            <line num="57" count="0" type="stmt"/>
            <line num="58" count="0" type="stmt"/>
            <line num="59" count="0" type="stmt"/>
            <line num="60" count="0" type="stmt"/>
            <line complexity="2" visibility="public" signature="Elevator(Environment,boolean,int,boolean)" num="65" count="0" type="method"/>
            <line num="66" count="0" type="stmt"/>
            <line num="67" count="0" type="stmt"/>
            <line falsecount="0" truecount="0" num="67" type="cond"/>
            <line num="68" count="0" type="stmt"/>
            <line num="69" count="0" type="stmt"/>
            <line num="70" count="0" type="stmt"/>
            <line num="71" count="0" type="stmt"/>
            <line complexity="1" visibility="public" signature="isBlocked() : boolean" num="77" count="0" type="method"/>
            <line num="78" count="0" type="stmt"/>
            <line complexity="2" visibility="private" signature="enterElevator__wrappee__Base(Person) : void" num="84" count="0" type="method"/>
            <line num="85" count="0" type="stmt"/>
            <line num="86" count="0" type="stmt"/>
            <line num="87" count="0" type="stmt"/>
            <line num="87" count="0" type="stmt"/>
            <line falsecount="0" truecount="0" num="87" type="cond"/>
            <line complexity="1" visibility="public" signature="enterElevator(Person) : void" num="93" count="0" type="method"/>
            <line num="95" count="0" type="stmt"/>
            <line num="96" count="0" type="stmt"/>
            <line complexity="3" visibility="private" signature="leaveElevator__wrappee__Base(Person) : boolean" num="102" count="0" type="method"/>
            <line num="103" count="0" type="stmt"/>
            <line falsecount="0" truecount="0" num="103" type="cond"/>
            <line num="104" count="0" type="stmt"/>
            <line num="105" count="0" type="stmt"/>
            <line num="106" count="0" type="stmt"/>
            <line num="106" count="0" type="stmt"/>
            <line falsecount="0" truecount="0" num="106" type="cond"/>
            <line num="107" count="0" type="stmt"/>
            <line num="108" count="0" type="stmt"/>
            <line complexity="2" visibility="private" signature="leaveElevator__wrappee__Weight(Person) : boolean" num="114" count="0" type="method"/>
            <line num="116" count="0" type="stmt"/>
            <line falsecount="0" truecount="0" num="116" type="cond"/>
            <line num="117" count="0" type="stmt"/>
            <line num="118" count="0" type="stmt"/>
            <line num="120" count="0" type="stmt"/>
            <line complexity="3" visibility="public" signature="leaveElevator(Person) : boolean" num="126" count="0" type="method"/>
            <line num="127" count="0" type="stmt"/>
            <line falsecount="0" truecount="0" num="127" type="cond"/>
            <line num="128" count="0" type="stmt"/>
            <line falsecount="0" truecount="0" num="128" type="cond"/>
            <line num="129" count="0" type="stmt"/>
            <line num="130" count="0" type="stmt"/>
            <line num="131" count="0" type="stmt"/>
            <line complexity="1" visibility="private" signature="pressInLiftFloorButton__wrappee__Base(int) : void" num="144" count="0" type="method"/>
            <line num="146" count="0" type="stmt"/>
            <line complexity="1" visibility="public" signature="pressInLiftFloorButton(int) : void" num="156" count="0" type="method"/>
            <line num="158" count="0" type="stmt"/>
            <line complexity="1" visibility="private" signature="resetFloorButton(int) : void" num="163" count="0" type="method"/>
            <line num="164" count="0" type="stmt"/>
            <line complexity="1" visibility="public" signature="getCurrentFloorID() : int" num="169" count="0" type="method"/>
            <line num="170" count="0" type="stmt"/>
            <line complexity="1" visibility="public" signature="areDoorsOpen() : boolean" num="176" count="0" type="method"/>
            <line num="177" count="0" type="stmt"/>
            <line complexity="6" visibility="private" signature="timeShift__wrappee__Base() : void" num="192" count="0" type="method"/>
            <line num="195" count="0" type="stmt"/>
            <line falsecount="0" truecount="0" num="195" type="cond"/>
            <line num="197" count="0" type="stmt"/>
            <line num="199" count="0" type="stmt"/>
            <line num="200" count="0" type="stmt"/>
            <line falsecount="0" truecount="0" num="200" type="cond"/>
            <line num="201" count="0" type="stmt"/>
            <line num="204" count="0" type="stmt"/>
            <line num="205" count="0" type="stmt"/>
            <line num="207" count="0" type="stmt"/>
            <line falsecount="0" truecount="0" num="207" type="cond"/>
            <line num="208" count="0" type="stmt"/>
            <line num="211" count="0" type="stmt"/>
            <line falsecount="0" truecount="0" num="211" type="cond"/>
            <line num="214" count="0" type="stmt"/>
            <line num="215" count="0" type="stmt"/>
            <line falsecount="0" truecount="0" num="215" type="cond"/>
            <line num="218" count="0" type="stmt"/>
            <line num="222" count="0" type="stmt"/>
            <line complexity="1" visibility="private" signature="timeShift__wrappee__Empty() : void" num="240" count="0" type="method"/>
            <line num="241" count="0" type="stmt"/>
            <line complexity="1" visibility="public" signature="timeShift() : void" num="255" count="0" type="method"/>
            <line num="256" count="0" type="stmt"/>
            <line complexity="1" visibility="private" signature="stopRequestedAtCurrentFloor__wrappee__Base() : boolean" num="262" count="0" type="method"/>
            <line num="263" count="0" type="stmt"/>
            <line complexity="3" visibility="private" signature="stopRequestedAtCurrentFloor() : boolean" num="271" count="0" type="method"/>
            <line num="272" count="0" type="stmt"/>
            <line falsecount="0" truecount="0" num="272" type="cond"/>
            <line num="273" count="0" type="stmt"/>
            <line num="274" count="0" type="stmt"/>
            <line complexity="5" visibility="private" signature="continueInDirection(Direction) : void" num="280" count="0" type="method"/>
            <line num="281" count="0" type="stmt"/>
            <line num="282" count="0" type="stmt"/>
            <line falsecount="0" truecount="0" num="282" type="cond"/>
            <line num="283" count="0" type="stmt"/>
            <line falsecount="0" truecount="0" num="283" type="cond"/>
            <line num="285" count="0" type="stmt"/>
            <line num="288" count="0" type="stmt"/>
            <line falsecount="0" truecount="0" num="288" type="cond"/>
            <line num="290" count="0" type="stmt"/>
            <line num="293" count="0" type="stmt"/>
            <line falsecount="0" truecount="0" num="293" type="cond"/>
            <line num="294" count="0" type="stmt"/>
            <line num="296" count="0" type="stmt"/>
            <line complexity="3" visibility="private" signature="isAnyLiftButtonPressed() : boolean" num="304" count="0" type="method"/>
            <line num="305" count="0" type="stmt"/>
            <line falsecount="0" truecount="0" num="305" type="cond"/>
            <line num="306" count="0" type="stmt"/>
            <line num="306" count="0" type="stmt"/>
            <line falsecount="0" truecount="0" num="306" type="cond"/>
            <line num="308" count="0" type="stmt"/>
            <line complexity="14" visibility="private" signature="stopRequestedInDirection__wrappee__Base(Direction,boolean,boolean) : boolean" num="314" count="0" type="method"/>
            <line num="315" count="0" type="stmt"/>
            <line num="316" count="0" type="stmt"/>
            <line falsecount="0" truecount="0" num="316" type="cond"/>
            <line num="317" count="0" type="stmt"/>
            <line num="317" count="0" type="stmt"/>
            <line falsecount="0" truecount="0" num="317" type="cond"/>
            <line num="318" count="0" type="stmt"/>
            <line falsecount="0" truecount="0" num="318" type="cond"/>
            <line num="319" count="0" type="stmt"/>
            <line num="319" count="0" type="stmt"/>
            <line falsecount="0" truecount="0" num="319" type="cond"/>
            <line num="320" count="0" type="stmt"/>
            <line num="320" count="0" type="stmt"/>
            <line falsecount="0" truecount="0" num="320" type="cond"/>
            <line num="322" count="0" type="stmt"/>
            <line num="324" count="0" type="stmt"/>
            <line num="324" count="0" type="stmt"/>
            <line falsecount="0" truecount="0" num="324" type="cond"/>
            <line num="325" count="0" type="stmt"/>
            <line falsecount="0" truecount="0" num="325" type="cond"/>
            <line num="326" count="0" type="stmt"/>
            <line num="326" count="0" type="stmt"/>
            <line falsecount="0" truecount="0" num="326" type="cond"/>
            <line num="327" count="0" type="stmt"/>
            <line num="327" count="0" type="stmt"/>
            <line falsecount="0" truecount="0" num="327" type="cond"/>
            <line num="329" count="0" type="stmt"/>
            <line complexity="3" visibility="private" signature="stopRequestedInDirection(Direction,boolean,boolean) : boolean" num="336" count="0" type="method"/>
            <line num="337" count="0" type="stmt"/>
            <line falsecount="0" truecount="0" num="337" type="cond"/>
            <line num="338" count="0" type="stmt"/>
            <line num="338" count="0" type="stmt"/>
            <line falsecount="0" truecount="0" num="338" type="cond"/>
            <line num="339" count="0" type="stmt"/>
            <line num="341" count="0" type="stmt"/>
            <line complexity="4" visibility="private" signature="anyStopRequested() : boolean" num="346" count="0" type="method"/>
            <line num="347" count="0" type="stmt"/>
            <line num="348" count="0" type="stmt"/>
            <line falsecount="0" truecount="0" num="348" type="cond"/>
            <line num="349" count="0" type="stmt"/>
            <line num="349" count="0" type="stmt"/>
            <line falsecount="0" truecount="0" num="349" type="cond"/>
            <line num="350" count="0" type="stmt"/>
            <line num="350" count="0" type="stmt"/>
            <line falsecount="0" truecount="0" num="350" type="cond"/>
            <line num="352" count="0" type="stmt"/>
            <line complexity="1" visibility="public" signature="buttonForFloorIsPressed(int) : boolean" num="358" count="0" type="method"/>
            <line num="359" count="0" type="stmt"/>
            <line complexity="1" visibility="public" signature="getCurrentDirection() : Direction" num="365" count="0" type="method"/>
            <line num="366" count="0" type="stmt"/>
            <line complexity="1" visibility="public" signature="getEnv() : Environment" num="371" count="0" type="method"/>
            <line num="372" count="0" type="stmt"/>
            <line complexity="1" visibility="public" signature="isEmpty() : boolean" num="377" count="0" type="method"/>
            <line num="378" count="0" type="stmt"/>
            <line complexity="1" visibility="public" signature="isIdle() : boolean" num="383" count="0" type="method"/>
            <line num="384" count="0" type="stmt"/>
            <line complexity="2" visibility="public" signature="toString() : String" num="390" count="0" type="method"/>
            <line num="392" count="0" type="stmt"/>
            <line falsecount="0" truecount="0" num="392" type="cond"/>
            <line complexity="1" visibility="public" signature="isExecutiveFloor(int) : boolean" num="410" count="0" type="method"/>
            <line num="410" count="0" type="stmt"/>
            <line complexity="3" visibility="public" signature="isExecutiveFloorCalling() : boolean" num="417" count="0" type="method"/>
            <line num="418" count="0" type="stmt"/>
            <line num="419" count="0" type="stmt"/>
            <line num="419" count="0" type="stmt"/>
            <line falsecount="0" truecount="0" num="419" type="cond"/>
            <line num="420" count="0" type="stmt"/>
         </file>
         <file path="/home/hieuvd/spl_dataset_generation/InputPreparation/projects/Elevator-FH-JML/mutated_projects/Weight.ElevatorSystem.Elevator.ASRS_5/variants/model_m_ca3_0005/src/ElevatorSystem/Floor.java" name="Floor.java">
            <metrics coveredelements="3" coveredconditionals="0" complexity="7" loc="83" coveredmethods="1" methods="7" elements="19" classes="1" ncloc="36" statements="12" conditionals="0" coveredstatements="2"/>
            <class name="Floor">
               <metrics coveredelements="3" coveredconditionals="0" complexity="7" coveredmethods="1" methods="7" elements="19" statements="12" conditionals="0" coveredstatements="2"/>
            </class>
            <line complexity="1" visibility="public" signature="Floor(Environment,int)" num="26" count="4250" type="method"/>
            <line num="27" count="4250" type="stmt"/>
            <line num="28" count="4250" type="stmt"/>
            <line complexity="1" visibility="public" signature="getFloorID() : int" num="34" count="0" type="method"/>
            <line num="35" count="0" type="stmt"/>
            <line complexity="1" visibility="public" signature="callElevator() : void" num="44" count="0" type="method"/>
            <line num="46" count="0" type="stmt"/>
            <line complexity="1" visibility="public" signature="reset() : void" num="52" count="0" type="method"/>
            <line num="53" count="0" type="stmt"/>
            <line complexity="1" visibility="public" signature="hasCall() : boolean" num="59" count="0" type="method"/>
            <line num="60" count="0" type="stmt"/>
            <line complexity="1" visibility="public" signature="processWaitingPersons(Elevator) : void" num="66" count="0" type="method"/>
            <line num="67" count="0" type="stmt"/>
            <line num="68" count="0" type="stmt"/>
            <line num="70" count="0" type="stmt"/>
            <line num="71" count="0" type="stmt"/>
            <line complexity="1" visibility="public" signature="addWaitingPerson(Person) : void" num="77" count="0" type="method"/>
            <line num="78" count="0" type="stmt"/>
            <line num="79" count="0" type="stmt"/>
         </file>
         <file path="/home/hieuvd/spl_dataset_generation/InputPreparation/projects/Elevator-FH-JML/mutated_projects/Weight.ElevatorSystem.Elevator.ASRS_5/variants/model_m_ca3_0005/src/ElevatorSystem/Person.java" name="Person.java">
            <metrics coveredelements="0" coveredconditionals="0" complexity="8" loc="86" coveredmethods="0" methods="8" elements="21" classes="1" ncloc="37" statements="13" conditionals="0" coveredstatements="0"/>
            <class name="Person">
               <metrics coveredelements="0" coveredconditionals="0" complexity="8" coveredmethods="0" methods="8" elements="21" statements="13" conditionals="0" coveredstatements="0"/>
            </class>
            <line complexity="1" visibility="public" signature="getWeight() : int" num="27" count="0" type="method"/>
            <line num="28" count="0" type="stmt"/>
            <line complexity="1" visibility="public" signature="Person(String,int,int,int,Environment)" num="34" count="0" type="method"/>
            <line num="35" count="0" type="stmt"/>
            <line num="36" count="0" type="stmt"/>
            <line num="37" count="0" type="stmt"/>
            <line num="38" count="0" type="stmt"/>
            <line num="39" count="0" type="stmt"/>
            <line num="40" count="0" type="stmt"/>
            <line complexity="1" visibility="public" signature="getName() : String" num="46" count="0" type="method"/>
            <line num="47" count="0" type="stmt"/>
            <line complexity="1" visibility="public" signature="getOrigin() : int" num="52" count="0" type="method"/>
            <line num="53" count="0" type="stmt"/>
            <line complexity="1" visibility="public" signature="getDestination() : int" num="59" count="0" type="method"/>
            <line num="60" count="0" type="stmt"/>
            <line complexity="1" visibility="public" signature="leaveElevator() : void" num="66" count="0" type="method"/>
            <line num="67" count="0" type="stmt"/>
            <line complexity="1" visibility="public" signature="isDestinationReached() : boolean" num="73" count="0" type="method"/>
            <line num="74" count="0" type="stmt"/>
            <line complexity="1" visibility="public" signature="enterElevator(Elevator) : void" num="80" count="0" type="method"/>
            <line num="82" count="0" type="stmt"/>
         </file>
         <file path="/home/hieuvd/spl_dataset_generation/InputPreparation/projects/Elevator-FH-JML/mutated_projects/Weight.ElevatorSystem.Elevator.ASRS_5/variants/model_m_ca3_0005/src/ElevatorSystem/EvilPerson.java" name="EvilPerson.java">
            <metrics coveredelements="0" coveredconditionals="0" complexity="2" loc="29" coveredmethods="0" methods="2" elements="7" classes="1" ncloc="15" statements="5" conditionals="0" coveredstatements="0"/>
            <class name="EvilPerson">
               <metrics coveredelements="0" coveredconditionals="0" complexity="2" coveredmethods="0" methods="2" elements="7" statements="5" conditionals="0" coveredstatements="0"/>
            </class>
            <line complexity="1" visibility="public" signature="EvilPerson(String,int,int,int,int[],Environment)" num="12" count="0" type="method"/>
            <line num="14" count="0" type="stmt"/>
            <line num="15" count="0" type="stmt"/>
            <line complexity="1" visibility="public" signature="enterElevator(Elevator) : void" num="21" count="0" type="method"/>
            <line num="23" count="0" type="stmt"/>
            <line num="24" count="0" type="stmt"/>
            <line num="25" count="0" type="stmt"/>
         </file>
         <file path="/home/hieuvd/spl_dataset_generation/InputPreparation/projects/Elevator-FH-JML/mutated_projects/Weight.ElevatorSystem.Elevator.ASRS_5/variants/model_m_ca3_0005/src/ElevatorSystem/Environment.java" name="Environment.java">
            <metrics coveredelements="11" coveredconditionals="4" complexity="6" loc="62" coveredmethods="1" methods="4" elements="17" classes="1" ncloc="23" statements="9" conditionals="4" coveredstatements="6"/>
            <class name="Environment">
               <metrics coveredelements="11" coveredconditionals="4" complexity="6" coveredmethods="1" methods="4" elements="17" statements="9" conditionals="4" coveredstatements="6"/>
            </class>
            <line complexity="3" visibility="public" signature="Environment(int)" num="28" count="1" type="method"/>
            <line num="31" count="1" type="stmt"/>
            <line num="32" count="1" type="stmt"/>
            <line falsecount="1" truecount="2125" num="32" type="cond"/>
            <line num="33" count="2125" type="stmt"/>
            <line num="36" count="1" type="stmt"/>
            <line num="37" count="1" type="stmt"/>
            <line falsecount="1" truecount="2125" num="37" type="cond"/>
            <line num="38" count="2125" type="stmt"/>
            <line complexity="1" visibility="public" signature="getFloor(int) : Floor" num="45" count="0" type="method"/>
            <line num="46" count="0" type="stmt"/>
            <line complexity="1" visibility="public" signature="getFloors() : Floor[]" num="51" count="0" type="method"/>
            <line num="52" count="0" type="stmt"/>
            <line complexity="1" visibility="public" signature="isTopFloor(int) : boolean" num="57" count="0" type="method"/>
            <line num="58" count="0" type="stmt"/>
         </file>
      </package>
      <package name="default-pkg">
         <metrics coveredelements="0" complexity="18" loc="114" methods="12" classes="1" statements="21" coveredconditionals="0" coveredmethods="0" elements="45" ncloc="53" files="1" conditionals="12" coveredstatements="0"/>
         <file path="/home/hieuvd/spl_dataset_generation/InputPreparation/projects/Elevator-FH-JML/mutated_projects/Weight.ElevatorSystem.Elevator.ASRS_5/variants/model_m_ca3_0005/src/Actions.java" name="Actions.java">
            <metrics coveredelements="0" coveredconditionals="0" complexity="18" loc="114" coveredmethods="0" methods="12" elements="45" classes="1" ncloc="53" statements="21" conditionals="12" coveredstatements="0"/>
            <class name="Actions">
               <metrics coveredelements="0" coveredconditionals="0" complexity="18" coveredmethods="0" methods="12" elements="45" statements="21" conditionals="12" coveredstatements="0"/>
            </class>
            <line complexity="2" visibility="public" signature="Actions(Environment,Elevator)" num="17" count="0" type="method"/>
            <line num="18" count="0" type="stmt"/>
            <line num="19" count="0" type="stmt"/>
            <line falsecount="0" truecount="0" num="19" type="cond"/>
            <line num="20" count="0" type="stmt"/>
            <line num="22" count="0" type="stmt"/>
            <line num="23" count="0" type="stmt"/>
            <line complexity="1" visibility="public" signature="bobCall() : Person" num="34" count="0" type="method"/>
            <line num="35" count="0" type="stmt"/>
            <line complexity="1" visibility="public" signature="aliceCall() : Person" num="41" count="0" type="method"/>
            <line num="42" count="0" type="stmt"/>
            <line complexity="1" visibility="public" signature="angelinaCall() : Person" num="48" count="0" type="method"/>
            <line num="49" count="0" type="stmt"/>
            <line complexity="1" visibility="public" signature="chuckCall() : Person" num="55" count="0" type="method"/>
            <line num="56" count="0" type="stmt"/>
            <line complexity="1" visibility="public" signature="monicaCall() : Person" num="62" count="0" type="method"/>
            <line num="63" count="0" type="stmt"/>
            <line complexity="1" visibility="public" signature="bigMacCall() : Person" num="69" count="0" type="method"/>
            <line num="70" count="0" type="stmt"/>
            <line complexity="2" visibility="public" signature="pressInLift0() : void" num="76" count="0" type="method"/>
            <line num="77" count="0" type="stmt"/>
            <line falsecount="0" truecount="0" num="77" type="cond"/>
            <line num="78" count="0" type="stmt"/>
            <line complexity="2" visibility="public" signature="pressInLift1() : void" num="84" count="0" type="method"/>
            <line num="85" count="0" type="stmt"/>
            <line falsecount="0" truecount="0" num="85" type="cond"/>
            <line num="86" count="0" type="stmt"/>
            <line complexity="2" visibility="public" signature="pressInLift2() : void" num="92" count="0" type="method"/>
            <line num="93" count="0" type="stmt"/>
            <line falsecount="0" truecount="0" num="93" type="cond"/>
            <line num="94" count="0" type="stmt"/>
            <line complexity="2" visibility="public" signature="pressInLift3() : void" num="100" count="0" type="method"/>
            <line num="101" count="0" type="stmt"/>
            <line falsecount="0" truecount="0" num="101" type="cond"/>
            <line num="102" count="0" type="stmt"/>
            <line complexity="2" visibility="public" signature="pressInLift4() : void" num="108" count="0" type="method"/>
            <line num="109" count="0" type="stmt"/>
            <line falsecount="0" truecount="0" num="109" type="cond"/>
            <line num="110" count="0" type="stmt"/>
         </file>
      </package>
      <package name="TestSpecifications">
         <metrics coveredelements="0" complexity="7" loc="67" methods="5" classes="2" statements="9" coveredconditionals="0" coveredmethods="0" elements="18" ncloc="29" files="2" conditionals="4" coveredstatements="0"/>
         <file path="/home/hieuvd/spl_dataset_generation/InputPreparation/projects/Elevator-FH-JML/mutated_projects/Weight.ElevatorSystem.Elevator.ASRS_5/variants/model_m_ca3_0005/src/TestSpecifications/SpecificationException.java" name="SpecificationException.java">
            <metrics coveredelements="0" coveredconditionals="0" complexity="2" loc="26" coveredmethods="0" methods="2" elements="5" classes="1" ncloc="12" statements="3" conditionals="0" coveredstatements="0"/>
            <class name="SpecificationException">
               <metrics coveredelements="0" coveredconditionals="0" complexity="2" coveredmethods="0" methods="2" elements="5" statements="3" conditionals="0" coveredstatements="0"/>
            </class>
            <line complexity="1" visibility="public" signature="SpecificationException(String,String)" num="13" count="0" type="method"/>
            <line num="14" count="0" type="stmt"/>
            <line num="15" count="0" type="stmt"/>
            <line complexity="1" visibility="public" signature="getSpecificationName() : String" num="21" count="0" type="method"/>
            <line num="22" count="0" type="stmt"/>
         </file>
         <file path="/home/hieuvd/spl_dataset_generation/InputPreparation/projects/Elevator-FH-JML/mutated_projects/Weight.ElevatorSystem.Elevator.ASRS_5/variants/model_m_ca3_0005/src/TestSpecifications/SpecificationManager.java" name="SpecificationManager.java">
            <metrics coveredelements="0" coveredconditionals="0" complexity="5" loc="41" coveredmethods="0" methods="3" elements="13" classes="1" ncloc="17" statements="6" conditionals="4" coveredstatements="0"/>
            <class name="SpecificationManager">
               <metrics coveredelements="0" coveredconditionals="0" complexity="5" coveredmethods="0" methods="3" elements="13" statements="6" conditionals="4" coveredstatements="0"/>
            </class>
            <line complexity="1" visibility="public" signature="setupSpecifications() : void" num="7" count="0" type="method"/>
            <line complexity="3" visibility="public" signature="checkSpecification(int) : boolean" num="20" count="0" type="method"/>
            <line num="21" count="0" type="stmt"/>
            <line falsecount="0" truecount="0" num="21" type="cond"/>
            <line num="22" count="0" type="stmt"/>
            <line num="23" count="0" type="stmt"/>
            <line falsecount="0" truecount="0" num="23" type="cond"/>
            <line num="24" count="0" type="stmt"/>
            <line num="26" count="0" type="stmt"/>
            <line complexity="1" visibility="public" signature="checkOnlySpecification(int) : void" num="36" count="0" type="method"/>
            <line num="37" count="0" type="stmt"/>
         </file>
      </package>
   </project>
   <testproject timestamp="1588632636878">
      <metrics coveredelements="0" complexity="0" loc="0" methods="0" classes="0" statements="0" packages="0" coveredconditionals="0" coveredmethods="0" elements="0" ncloc="0" files="0" conditionals="0" coveredstatements="0"/>
   </testproject>
</coverage>