<?xml version="1.0" encoding="UTF-8"?>
<coverage generated="1588713544649" clover="4.4.1">
   <project timestamp="1588713544501">
      <metrics coveredelements="363" complexity="209" loc="1226" methods="88" classes="11" statements="403" packages="3" coveredconditionals="80" coveredmethods="59" elements="653" ncloc="641" files="9" conditionals="162" coveredstatements="224"/>
      <package name="ElevatorSystem">
         <metrics coveredelements="234" complexity="99" loc="677" methods="53" classes="7" statements="156" coveredconditionals="62" coveredmethods="42" elements="291" ncloc="322" files="5" conditionals="82" coveredstatements="130"/>
         <file path="/home/hieuvd/spl_dataset_generation/InputPreparation/projects/Elevator-FH-JML/mutated_projects/Empty.ElevatorSystem.Environment.AOIS_1/variants/model_m_ca3_0010/src/ElevatorSystem/Floor.java" name="Floor.java">
            <metrics coveredelements="17" coveredconditionals="0" complexity="7" loc="83" coveredmethods="6" methods="7" elements="19" classes="1" ncloc="36" statements="12" conditionals="0" coveredstatements="11"/>
            <class name="Floor">
               <metrics coveredelements="17" coveredconditionals="0" complexity="7" coveredmethods="6" methods="7" elements="19" statements="12" conditionals="0" coveredstatements="11"/>
            </class>
            <line complexity="1" visibility="public" signature="Floor(Environment,int)" num="26" count="48" type="method"/>
            <line num="27" count="48" type="stmt"/>
            <line num="28" count="48" type="stmt"/>
            <line complexity="1" visibility="public" signature="getFloorID() : int" num="34" count="0" type="method"/>
            <line num="35" count="0" type="stmt"/>
            <line complexity="1" visibility="public" signature="callElevator() : void" num="44" count="628" type="method"/>
            <line num="46" count="628" type="stmt"/>
            <line complexity="1" visibility="public" signature="reset() : void" num="52" count="121" type="method"/>
            <line num="53" count="121" type="stmt"/>
            <line complexity="1" visibility="public" signature="hasCall() : boolean" num="59" count="17334" type="method"/>
            <line num="60" count="17334" type="stmt"/>
            <line complexity="1" visibility="public" signature="processWaitingPersons(Elevator) : void" num="66" count="121" type="method"/>
            <line num="67" count="121" type="stmt"/>
            <line num="68" count="627" type="stmt"/>
            <line num="70" count="121" type="stmt"/>
            <line num="71" count="121" type="stmt"/>
            <line complexity="1" visibility="public" signature="addWaitingPerson(Person) : void" num="77" count="628" type="method"/>
            <line num="78" count="628" type="stmt"/>
            <line num="79" count="628" type="stmt"/>
         </file>
         <file path="/home/hieuvd/spl_dataset_generation/InputPreparation/projects/Elevator-FH-JML/mutated_projects/Empty.ElevatorSystem.Environment.AOIS_1/variants/model_m_ca3_0010/src/ElevatorSystem/Elevator.java" name="Elevator.java">
            <metrics coveredelements="186" coveredconditionals="60" complexity="77" loc="421" coveredmethods="25" methods="32" elements="232" classes="3" ncloc="211" statements="120" conditionals="80" coveredstatements="101"/>
            <class name="Elevator">
               <metrics coveredelements="182" coveredconditionals="60" complexity="75" coveredmethods="23" methods="30" elements="228" statements="118" conditionals="80" coveredstatements="99"/>
            </class>
            <class name="Elevator.Direction">
               <metrics coveredelements="4" coveredconditionals="0" complexity="2" coveredmethods="2" methods="2" elements="4" statements="2" conditionals="0" coveredstatements="2"/>
            </class>
            <class name="Elevator.DoorState">
               <metrics coveredelements="0" coveredconditionals="0" complexity="0" coveredmethods="0" methods="0" elements="0" statements="0" conditionals="0" coveredstatements="0"/>
            </class>
            <line complexity="1" visibility="public" signature="reverse() : Direction" num="24" count="1793" type="method"/>
            <line num="24" count="1793" type="stmt"/>
            <line complexity="1" visibility="public" signature="reverse() : Direction" num="28" count="1790" type="method"/>
            <line num="28" count="1790" type="stmt"/>
            <line complexity="1" visibility="public" signature="Elevator(Environment,boolean)" num="57" count="1" type="method"/>
            <line num="58" count="1" type="stmt"/>
            <line num="59" count="1" type="stmt"/>
            <line num="60" count="1" type="stmt"/>
            <line num="61" count="1" type="stmt"/>
            <line num="62" count="1" type="stmt"/>
            <line num="63" count="1" type="stmt"/>
            <line complexity="2" visibility="public" signature="Elevator(Environment,boolean,int,boolean)" num="68" count="7" type="method"/>
            <line num="69" count="7" type="stmt"/>
            <line num="70" count="7" type="stmt"/>
            <line falsecount="7" truecount="0" num="70" type="cond"/>
            <line num="71" count="7" type="stmt"/>
            <line num="72" count="7" type="stmt"/>
            <line num="73" count="7" type="stmt"/>
            <line num="74" count="7" type="stmt"/>
            <line complexity="1" visibility="public" signature="isBlocked() : boolean" num="80" count="3688" type="method"/>
            <line num="81" count="3688" type="stmt"/>
            <line complexity="2" visibility="private" signature="enterElevator__wrappee__Base(Person) : void" num="87" count="627" type="method"/>
            <line num="88" count="627" type="stmt"/>
            <line num="89" count="627" type="stmt"/>
            <line num="90" count="627" type="stmt"/>
            <line num="90" count="622" type="stmt"/>
            <line falsecount="5" truecount="622" num="90" type="cond"/>
            <line complexity="1" visibility="public" signature="enterElevator(Person) : void" num="95" count="627" type="method"/>
            <line num="96" count="627" type="stmt"/>
            <line num="97" count="627" type="stmt"/>
            <line complexity="3" visibility="private" signature="leaveElevator__wrappee__Base(Person) : boolean" num="103" count="626" type="method"/>
            <line num="104" count="626" type="stmt"/>
            <line falsecount="0" truecount="626" num="104" type="cond"/>
            <line num="105" count="626" type="stmt"/>
            <line num="106" count="626" type="stmt"/>
            <line num="107" count="626" type="stmt"/>
            <line num="107" count="622" type="stmt"/>
            <line falsecount="4" truecount="622" num="107" type="cond"/>
            <line num="108" count="626" type="stmt"/>
            <line num="109" count="0" type="stmt"/>
            <line complexity="2" visibility="private" signature="leaveElevator__wrappee__Weight(Person) : boolean" num="115" count="626" type="method"/>
            <line num="116" count="626" type="stmt"/>
            <line falsecount="0" truecount="626" num="116" type="cond"/>
            <line num="117" count="626" type="stmt"/>
            <line num="118" count="626" type="stmt"/>
            <line num="119" count="0" type="stmt"/>
            <line complexity="3" visibility="public" signature="leaveElevator(Person) : boolean" num="124" count="626" type="method"/>
            <line num="125" count="626" type="stmt"/>
            <line falsecount="0" truecount="626" num="125" type="cond"/>
            <line num="126" count="626" type="stmt"/>
            <line falsecount="516" truecount="110" num="126" type="cond"/>
            <line num="127" count="110" type="stmt"/>
            <line num="128" count="626" type="stmt"/>
            <line num="129" count="0" type="stmt"/>
            <line complexity="1" visibility="private" signature="pressInLiftFloorButton__wrappee__Base(int) : void" num="142" count="627" type="method"/>
            <line num="144" count="627" type="stmt"/>
            <line complexity="1" visibility="public" signature="pressInLiftFloorButton(int) : void" num="154" count="627" type="method"/>
            <line num="156" count="627" type="stmt"/>
            <line complexity="1" visibility="private" signature="resetFloorButton(int) : void" num="161" count="121" type="method"/>
            <line num="162" count="121" type="stmt"/>
            <line complexity="1" visibility="public" signature="getCurrentFloorID() : int" num="167" count="622" type="method"/>
            <line num="168" count="622" type="stmt"/>
            <line complexity="1" visibility="public" signature="areDoorsOpen() : boolean" num="174" count="0" type="method"/>
            <line num="175" count="0" type="stmt"/>
            <line complexity="6" visibility="private" signature="timeShift__wrappee__Base() : void" num="190" count="3226" type="method"/>
            <line num="193" count="3226" type="stmt"/>
            <line falsecount="3105" truecount="121" num="193" type="cond"/>
            <line num="195" count="121" type="stmt"/>
            <line num="197" count="121" type="stmt"/>
            <line num="198" count="628" type="stmt"/>
            <line falsecount="2" truecount="626" num="198" type="cond"/>
            <line num="199" count="626" type="stmt"/>
            <line num="202" count="121" type="stmt"/>
            <line num="203" count="121" type="stmt"/>
            <line num="205" count="3105" type="stmt"/>
            <line falsecount="2984" truecount="121" num="205" type="cond"/>
            <line num="206" count="121" type="stmt"/>
            <line num="209" count="3105" type="stmt"/>
            <line falsecount="2934" truecount="170" num="209" type="cond"/>
            <line num="212" count="170" type="stmt"/>
            <line num="213" count="2934" type="stmt"/>
            <line falsecount="2856" truecount="78" num="213" type="cond"/>
            <line num="216" count="78" type="stmt"/>
            <line num="220" count="2856" type="stmt"/>
            <line complexity="1" visibility="public" signature="timeShift() : void" num="238" count="3226" type="method"/>
            <line num="239" count="3226" type="stmt"/>
            <line complexity="1" visibility="private" signature="stopRequestedAtCurrentFloor__wrappee__Base() : boolean" num="246" count="2909" type="method"/>
            <line num="247" count="2909" type="stmt"/>
            <line complexity="2" visibility="private" signature="stopRequestedAtCurrentFloor() : boolean" num="254" count="3226" type="method"/>
            <line num="255" count="3226" type="stmt"/>
            <line falsecount="2909" truecount="317" num="255" type="cond"/>
            <line num="256" count="317" type="stmt"/>
            <line num="257" count="2909" type="stmt"/>
            <line complexity="5" visibility="private" signature="continueInDirection__wrappee__Base(Direction) : void" num="263" count="3104" type="method"/>
            <line num="264" count="3104" type="stmt"/>
            <line num="265" count="3104" type="stmt"/>
            <line falsecount="1557" truecount="1547" num="265" type="cond"/>
            <line num="266" count="1547" type="stmt"/>
            <line falsecount="1262" truecount="285" num="266" type="cond"/>
            <line num="268" count="285" type="stmt"/>
            <line num="271" count="1557" type="stmt"/>
            <line falsecount="1271" truecount="286" num="271" type="cond"/>
            <line num="273" count="286" type="stmt"/>
            <line num="276" count="3104" type="stmt"/>
            <line falsecount="1556" truecount="1548" num="276" type="cond"/>
            <line num="277" count="1548" type="stmt"/>
            <line num="279" count="1556" type="stmt"/>
            <line complexity="1" visibility="private" signature="continueInDirection(Direction) : void" num="301" count="3104" type="method"/>
            <line num="302" count="3104" type="stmt"/>
            <line complexity="3" visibility="private" signature="isAnyLiftButtonPressed() : boolean" num="309" count="283" type="method"/>
            <line num="310" count="283" type="stmt"/>
            <line falsecount="0" truecount="566" num="310" type="cond"/>
            <line num="311" count="566" type="stmt"/>
            <line num="311" count="283" type="stmt"/>
            <line falsecount="283" truecount="283" num="311" type="cond"/>
            <line num="313" count="0" type="stmt"/>
            <line complexity="14" visibility="private" signature="stopRequestedInDirection__wrappee__Base(Direction,boolean,boolean) : boolean" num="319" count="6039" type="method"/>
            <line num="320" count="6039" type="stmt"/>
            <line num="321" count="6039" type="stmt"/>
            <line falsecount="3026" truecount="3013" num="321" type="cond"/>
            <line num="322" count="3013" type="stmt"/>
            <line num="322" count="285" type="stmt"/>
            <line falsecount="2728" truecount="285" num="322" type="cond"/>
            <line num="323" count="2728" type="stmt"/>
            <line falsecount="2610" truecount="7389" num="323" type="cond"/>
            <line num="324" count="7389" type="stmt"/>
            <line num="324" count="12" type="stmt"/>
            <line falsecount="7377" truecount="12" num="324" type="cond"/>
            <line num="325" count="7377" type="stmt"/>
            <line num="325" count="105" type="stmt"/>
            <line falsecount="7272" truecount="105" num="325" type="cond"/>
            <line num="327" count="2610" type="stmt"/>
            <line num="329" count="3026" type="stmt"/>
            <line num="329" count="325" type="stmt"/>
            <line falsecount="2701" truecount="325" num="329" type="cond"/>
            <line num="330" count="2701" type="stmt"/>
            <line falsecount="2570" truecount="7407" num="330" type="cond"/>
            <line num="331" count="7407" type="stmt"/>
            <line num="331" count="6" type="stmt"/>
            <line falsecount="7401" truecount="6" num="331" type="cond"/>
            <line num="332" count="7401" type="stmt"/>
            <line num="332" count="125" type="stmt"/>
            <line falsecount="7276" truecount="125" num="332" type="cond"/>
            <line num="334" count="2570" type="stmt"/>
            <line complexity="4" visibility="private" signature="stopRequestedInDirection(Direction,boolean,boolean) : boolean" num="341" count="6039" type="method"/>
            <line num="342" count="6039" type="stmt"/>
            <line falsecount="5756" truecount="283" num="342" type="cond"/>
            <line num="343" count="283" type="stmt"/>
            <line num="343" count="283" type="stmt"/>
            <line falsecount="0" truecount="283" num="343" type="cond"/>
            <line num="344" count="283" type="stmt"/>
            <line num="345" count="5756" type="stmt"/>
            <line complexity="4" visibility="private" signature="anyStopRequested() : boolean" num="350" count="29" type="method"/>
            <line num="351" count="29" type="stmt"/>
            <line num="352" count="29" type="stmt"/>
            <line falsecount="2" truecount="53" num="352" type="cond"/>
            <line num="353" count="53" type="stmt"/>
            <line num="353" count="16" type="stmt"/>
            <line falsecount="37" truecount="16" num="353" type="cond"/>
            <line num="354" count="37" type="stmt"/>
            <line num="354" count="11" type="stmt"/>
            <line falsecount="26" truecount="11" num="354" type="cond"/>
            <line num="356" count="2" type="stmt"/>
            <line complexity="1" visibility="public" signature="buttonForFloorIsPressed(int) : boolean" num="362" count="0" type="method"/>
            <line num="363" count="0" type="stmt"/>
            <line complexity="1" visibility="public" signature="getCurrentDirection() : Direction" num="369" count="0" type="method"/>
            <line num="370" count="0" type="stmt"/>
            <line complexity="1" visibility="public" signature="getEnv() : Environment" num="375" count="0" type="method"/>
            <line num="376" count="0" type="stmt"/>
            <line complexity="1" visibility="public" signature="isEmpty() : boolean" num="381" count="0" type="method"/>
            <line num="382" count="0" type="stmt"/>
            <line complexity="1" visibility="public" signature="isIdle() : boolean" num="387" count="29" type="method"/>
            <line num="388" count="29" type="stmt"/>
            <line complexity="2" visibility="public" signature="toString() : String" num="394" count="0" type="method"/>
            <line num="396" count="0" type="stmt"/>
            <line falsecount="0" truecount="0" num="396" type="cond"/>
            <line complexity="7" visibility="private" signature="existInLiftCallsInDirection(Direction) : boolean" num="409" count="0" type="method"/>
            <line num="410" count="0" type="stmt"/>
            <line falsecount="0" truecount="0" num="410" type="cond"/>
            <line num="411" count="0" type="stmt"/>
            <line falsecount="0" truecount="0" num="411" type="cond"/>
            <line num="412" count="0" type="stmt"/>
            <line num="412" count="0" type="stmt"/>
            <line falsecount="0" truecount="0" num="412" type="cond"/>
            <line num="413" count="0" type="stmt"/>
            <line falsecount="0" truecount="0" num="413" type="cond"/>
            <line num="414" count="0" type="stmt"/>
            <line falsecount="0" truecount="0" num="414" type="cond"/>
            <line num="415" count="0" type="stmt"/>
            <line num="415" count="0" type="stmt"/>
            <line falsecount="0" truecount="0" num="415" type="cond"/>
            <line num="417" count="0" type="stmt"/>
         </file>
         <file path="/home/hieuvd/spl_dataset_generation/InputPreparation/projects/Elevator-FH-JML/mutated_projects/Empty.ElevatorSystem.Environment.AOIS_1/variants/model_m_ca3_0010/src/ElevatorSystem/Environment.java" name="Environment.java">
            <metrics coveredelements="12" coveredconditionals="2" complexity="5" loc="58" coveredmethods="4" methods="4" elements="12" classes="1" ncloc="23" statements="6" conditionals="2" coveredstatements="6"/>
            <class name="Environment">
               <metrics coveredelements="12" coveredconditionals="2" complexity="5" coveredmethods="4" methods="4" elements="12" statements="6" conditionals="2" coveredstatements="6"/>
            </class>
            <line complexity="2" visibility="public" signature="Environment(int)" num="25" count="8" type="method"/>
            <line num="27" count="8" type="stmt"/>
            <line num="28" count="8" type="stmt"/>
            <line falsecount="8" truecount="48" num="28" type="cond"/>
            <line num="29" count="48" type="stmt"/>
            <line complexity="1" visibility="public" signature="getFloor(int) : Floor" num="36" count="3664" type="method"/>
            <line num="38" count="3664" type="stmt"/>
            <line complexity="1" visibility="public" signature="getFloors() : Floor[]" num="44" count="6076" type="method"/>
            <line num="46" count="6076" type="stmt"/>
            <line complexity="1" visibility="public" signature="isTopFloor(int) : boolean" num="52" count="4560" type="method"/>
            <line num="54" count="4560" type="stmt"/>
         </file>
         <file path="/home/hieuvd/spl_dataset_generation/InputPreparation/projects/Elevator-FH-JML/mutated_projects/Empty.ElevatorSystem.Environment.AOIS_1/variants/model_m_ca3_0010/src/ElevatorSystem/EvilPerson.java" name="EvilPerson.java">
            <metrics coveredelements="0" coveredconditionals="0" complexity="2" loc="29" coveredmethods="0" methods="2" elements="7" classes="1" ncloc="15" statements="5" conditionals="0" coveredstatements="0"/>
            <class name="EvilPerson">
               <metrics coveredelements="0" coveredconditionals="0" complexity="2" coveredmethods="0" methods="2" elements="7" statements="5" conditionals="0" coveredstatements="0"/>
            </class>
            <line complexity="1" visibility="public" signature="EvilPerson(String,int,int,int,int[],Environment)" num="12" count="0" type="method"/>
            <line num="14" count="0" type="stmt"/>
            <line num="15" count="0" type="stmt"/>
            <line complexity="1" visibility="public" signature="enterElevator(Elevator) : void" num="21" count="0" type="method"/>
            <line num="23" count="0" type="stmt"/>
            <line num="24" count="0" type="stmt"/>
            <line num="25" count="0" type="stmt"/>
         </file>
         <file path="/home/hieuvd/spl_dataset_generation/InputPreparation/projects/Elevator-FH-JML/mutated_projects/Empty.ElevatorSystem.Environment.AOIS_1/variants/model_m_ca3_0010/src/ElevatorSystem/Person.java" name="Person.java">
            <metrics coveredelements="19" coveredconditionals="0" complexity="8" loc="86" coveredmethods="7" methods="8" elements="21" classes="1" ncloc="37" statements="13" conditionals="0" coveredstatements="12"/>
            <class name="Person">
               <metrics coveredelements="19" coveredconditionals="0" complexity="8" coveredmethods="7" methods="8" elements="21" statements="13" conditionals="0" coveredstatements="12"/>
            </class>
            <line complexity="1" visibility="public" signature="getWeight() : int" num="27" count="1253" type="method"/>
            <line num="28" count="1253" type="stmt"/>
            <line complexity="1" visibility="public" signature="Person(String,int,int,int,Environment)" num="34" count="628" type="method"/>
            <line num="35" count="628" type="stmt"/>
            <line num="36" count="628" type="stmt"/>
            <line num="37" count="628" type="stmt"/>
            <line num="38" count="628" type="stmt"/>
            <line num="39" count="628" type="stmt"/>
            <line num="40" count="628" type="stmt"/>
            <line complexity="1" visibility="public" signature="getName() : String" num="46" count="1244" type="method"/>
            <line num="47" count="1244" type="stmt"/>
            <line complexity="1" visibility="public" signature="getOrigin() : int" num="52" count="6" type="method"/>
            <line num="53" count="6" type="stmt"/>
            <line complexity="1" visibility="public" signature="getDestination() : int" num="59" count="1250" type="method"/>
            <line num="60" count="1250" type="stmt"/>
            <line complexity="1" visibility="public" signature="leaveElevator() : void" num="66" count="626" type="method"/>
            <line num="67" count="626" type="stmt"/>
            <line complexity="1" visibility="public" signature="isDestinationReached() : boolean" num="73" count="0" type="method"/>
            <line num="74" count="0" type="stmt"/>
            <line complexity="1" visibility="public" signature="enterElevator(Elevator) : void" num="80" count="627" type="method"/>
            <line num="82" count="627" type="stmt"/>
         </file>
      </package>
      <package name="default-pkg">
         <metrics coveredelements="129" complexity="103" loc="482" methods="30" classes="2" statements="238" coveredconditionals="18" coveredmethods="17" elements="344" ncloc="290" files="2" conditionals="76" coveredstatements="94"/>
         <file path="/home/hieuvd/spl_dataset_generation/InputPreparation/projects/Elevator-FH-JML/mutated_projects/Empty.ElevatorSystem.Environment.AOIS_1/variants/model_m_ca3_0010/src/Actions.java" name="Actions.java">
            <metrics coveredelements="18" coveredconditionals="1" complexity="18" loc="114" coveredmethods="7" methods="12" elements="45" classes="1" ncloc="53" statements="21" conditionals="12" coveredstatements="10"/>
            <class name="Actions">
               <metrics coveredelements="18" coveredconditionals="1" complexity="18" coveredmethods="7" methods="12" elements="45" statements="21" conditionals="12" coveredstatements="10"/>
            </class>
            <line complexity="2" visibility="public" signature="Actions(Environment,Elevator)" num="17" count="8" type="method"/>
            <line num="18" count="8" type="stmt"/>
            <line num="19" count="8" type="stmt"/>
            <line falsecount="8" truecount="0" num="19" type="cond"/>
            <line num="20" count="0" type="stmt"/>
            <line num="22" count="8" type="stmt"/>
            <line num="23" count="8" type="stmt"/>
            <line complexity="1" visibility="public" signature="bobCall() : Person" num="34" count="162" type="method"/>
            <line num="35" count="162" type="stmt"/>
            <line complexity="1" visibility="public" signature="aliceCall() : Person" num="41" count="77" type="method"/>
            <line num="42" count="77" type="stmt"/>
            <line complexity="1" visibility="public" signature="angelinaCall() : Person" num="48" count="77" type="method"/>
            <line num="49" count="77" type="stmt"/>
            <line complexity="1" visibility="public" signature="chuckCall() : Person" num="55" count="78" type="method"/>
            <line num="56" count="78" type="stmt"/>
            <line complexity="1" visibility="public" signature="monicaCall() : Person" num="62" count="156" type="method"/>
            <line num="63" count="156" type="stmt"/>
            <line complexity="1" visibility="public" signature="bigMacCall() : Person" num="69" count="78" type="method"/>
            <line num="70" count="78" type="stmt"/>
            <line complexity="2" visibility="public" signature="pressInLift0() : void" num="76" count="0" type="method"/>
            <line num="77" count="0" type="stmt"/>
            <line falsecount="0" truecount="0" num="77" type="cond"/>
            <line num="78" count="0" type="stmt"/>
            <line complexity="2" visibility="public" signature="pressInLift1() : void" num="84" count="0" type="method"/>
            <line num="85" count="0" type="stmt"/>
            <line falsecount="0" truecount="0" num="85" type="cond"/>
            <line num="86" count="0" type="stmt"/>
            <line complexity="2" visibility="public" signature="pressInLift2() : void" num="92" count="0" type="method"/>
            <line num="93" count="0" type="stmt"/>
            <line falsecount="0" truecount="0" num="93" type="cond"/>
            <line num="94" count="0" type="stmt"/>
            <line complexity="2" visibility="public" signature="pressInLift3() : void" num="100" count="0" type="method"/>
            <line num="101" count="0" type="stmt"/>
            <line falsecount="0" truecount="0" num="101" type="cond"/>
            <line num="102" count="0" type="stmt"/>
            <line complexity="2" visibility="public" signature="pressInLift4() : void" num="108" count="0" type="method"/>
            <line num="109" count="0" type="stmt"/>
            <line falsecount="0" truecount="0" num="109" type="cond"/>
            <line num="110" count="0" type="stmt"/>
         </file>
         <file path="/home/hieuvd/spl_dataset_generation/InputPreparation/projects/Elevator-FH-JML/mutated_projects/Empty.ElevatorSystem.Environment.AOIS_1/variants/model_m_ca3_0010/src/PL_Interface_impl.java" name="PL_Interface_impl.java">
            <metrics coveredelements="111" coveredconditionals="17" complexity="85" loc="368" coveredmethods="10" methods="18" elements="299" classes="1" ncloc="237" statements="217" conditionals="64" coveredstatements="84"/>
            <class name="PL_Interface_impl">
               <metrics coveredelements="111" coveredconditionals="17" complexity="85" coveredmethods="10" methods="18" elements="299" statements="217" conditionals="64" coveredstatements="84"/>
            </class>
            <line complexity="2" visibility="public" signature="main(String[]) : void" num="39" count="1" type="method"/>
            <line num="40" count="1" type="stmt"/>
            <line num="41" count="1" type="stmt"/>
            <line num="42" count="1" type="stmt"/>
            <line num="43" count="1" type="stmt"/>
            <line num="44" count="1" type="stmt"/>
            <line num="45" count="1" type="stmt"/>
            <line num="47" count="0" type="stmt"/>
            <line num="49" count="0" type="stmt"/>
            <line complexity="3" visibility="public" signature="start(int,int) : void" num="56" count="1" type="method"/>
            <line num="57" count="1" type="stmt"/>
            <line num="58" count="1" type="stmt"/>
            <line falsecount="0" truecount="1" num="58" type="cond"/>
            <line num="59" count="1" type="stmt"/>
            <line num="60" count="1" type="stmt"/>
            <line num="62" count="0" type="stmt"/>
            <line complexity="1" visibility="public" signature="checkOnlySpecification(int) : void" num="76" count="0" type="method"/>
            <line num="77" count="0" type="stmt"/>
            <line complexity="1" visibility="public" signature="getExecutedActions() : List&lt;String&gt;" num="83" count="0" type="method"/>
            <line num="84" count="0" type="stmt"/>
            <line complexity="1" visibility="public" signature="isAbortedRun() : boolean" num="90" count="1" type="method"/>
            <line num="91" count="1" type="stmt"/>
            <line complexity="11" visibility="private" signature="test__wrappee__Base(int,int) : void" num="102" count="5" type="method"/>
            <line num="103" count="5" type="stmt"/>
            <line falsecount="5" truecount="0" num="103" type="cond"/>
            <line num="104" count="0" type="stmt"/>
            <line num="105" count="0" type="stmt"/>
            <line num="105" count="0" type="stmt"/>
            <line num="105" count="0" type="stmt"/>
            <line num="106" count="0" type="stmt"/>
            <line num="106" count="0" type="stmt"/>
            <line num="106" count="0" type="stmt"/>
            <line num="107" count="0" type="stmt"/>
            <line num="107" count="0" type="stmt"/>
            <line num="107" count="0" type="stmt"/>
            <line num="108" count="0" type="stmt"/>
            <line num="108" count="0" type="stmt"/>
            <line num="108" count="0" type="stmt"/>
            <line num="109" count="0" type="stmt"/>
            <line num="109" count="0" type="stmt"/>
            <line num="109" count="0" type="stmt"/>
            <line num="110" count="0" type="stmt"/>
            <line num="110" count="0" type="stmt"/>
            <line num="110" count="0" type="stmt"/>
            <line num="111" count="0" type="stmt"/>
            <line num="111" count="0" type="stmt"/>
            <line num="111" count="0" type="stmt"/>
            <line num="112" count="0" type="stmt"/>
            <line num="112" count="0" type="stmt"/>
            <line num="112" count="0" type="stmt"/>
            <line num="113" count="0" type="stmt"/>
            <line num="113" count="0" type="stmt"/>
            <line num="113" count="0" type="stmt"/>
            <line num="116" count="5" type="stmt"/>
            <line complexity="1" visibility="public" signature="test(int,int) : void" num="128" count="5" type="method"/>
            <line num="129" count="5" type="stmt"/>
            <line complexity="16" visibility="public" signature="randomSequenceOfActions(int) : void" num="139" count="5" type="method"/>
            <line num="140" count="5" type="stmt"/>
            <line num="141" count="5" type="stmt"/>
            <line num="142" count="5" type="stmt"/>
            <line num="143" count="5" type="stmt"/>
            <line falsecount="4" truecount="1" num="143" type="cond"/>
            <line num="145" count="1" type="stmt"/>
            <line num="146" count="1" type="stmt"/>
            <line num="149" count="4" type="stmt"/>
            <line num="150" count="4" type="stmt"/>
            <line num="152" count="5" type="stmt"/>
            <line num="154" count="5" type="stmt"/>
            <line num="155" count="5" type="stmt"/>
            <line falsecount="5" truecount="777" num="155" type="cond"/>
            <line num="156" count="777" type="stmt"/>
            <line num="157" count="777" type="stmt"/>
            <line num="158" count="777" type="stmt"/>
            <line num="159" count="777" type="stmt"/>
            <line num="160" count="156" type="stmt"/>
            <line num="160" count="156" type="stmt"/>
            <line num="160" count="156" type="stmt"/>
            <line num="160" count="156" type="stmt"/>
            <line num="161" count="77" type="stmt"/>
            <line num="161" count="77" type="stmt"/>
            <line num="161" count="77" type="stmt"/>
            <line num="161" count="77" type="stmt"/>
            <line num="162" count="77" type="stmt"/>
            <line num="162" count="77" type="stmt"/>
            <line num="162" count="77" type="stmt"/>
            <line num="162" count="77" type="stmt"/>
            <line num="163" count="78" type="stmt"/>
            <line num="163" count="78" type="stmt"/>
            <line num="163" count="78" type="stmt"/>
            <line num="163" count="78" type="stmt"/>
            <line num="164" count="156" type="stmt"/>
            <line num="164" count="156" type="stmt"/>
            <line num="164" count="156" type="stmt"/>
            <line num="164" count="156" type="stmt"/>
            <line num="165" count="78" type="stmt"/>
            <line num="165" count="78" type="stmt"/>
            <line num="165" count="78" type="stmt"/>
            <line num="165" count="78" type="stmt"/>
            <line num="166" count="77" type="stmt"/>
            <line num="166" count="77" type="stmt"/>
            <line num="166" count="77" type="stmt"/>
            <line num="166" count="77" type="stmt"/>
            <line num="167" count="78" type="stmt"/>
            <line num="168" count="78" type="stmt"/>
            <line num="169" count="78" type="stmt"/>
            <line falsecount="78" truecount="234" num="169" type="cond"/>
            <line num="170" count="234" type="stmt"/>
            <line num="173" count="78" type="stmt"/>
            <line num="174" count="0" type="stmt"/>
            <line num="175" count="0" type="stmt"/>
            <line num="178" count="777" type="stmt"/>
            <line num="180" count="777" type="stmt"/>
            <line falsecount="777" truecount="0" num="180" type="cond"/>
            <line num="182" count="0" type="stmt"/>
            <line num="185" count="5" type="stmt"/>
            <line falsecount="3" truecount="29" num="185" type="cond"/>
            <line num="186" count="29" type="stmt"/>
            <line falsecount="27" truecount="2" num="186" type="cond"/>
            <line num="187" count="2" type="stmt"/>
            <line num="188" count="27" type="stmt"/>
            <line complexity="25" visibility="public" signature="modifiedrandomSequenceOfActions(int) : void" num="195" count="0" type="method"/>
            <line num="196" count="0" type="stmt"/>
            <line num="197" count="0" type="stmt"/>
            <line num="198" count="0" type="stmt"/>
            <line falsecount="0" truecount="0" num="198" type="cond"/>
            <line num="200" count="0" type="stmt"/>
            <line num="201" count="0" type="stmt"/>
            <line num="204" count="0" type="stmt"/>
            <line num="205" count="0" type="stmt"/>
            <line num="207" count="0" type="stmt"/>
            <line num="209" count="0" type="stmt"/>
            <line num="210" count="0" type="stmt"/>
            <line falsecount="0" truecount="0" num="210" type="cond"/>
            <line num="211" count="0" type="stmt"/>
            <line num="212" count="0" type="stmt"/>
            <line num="213" count="0" type="stmt"/>
            <line num="215" count="0" type="stmt"/>
            <line num="216" count="0" type="stmt"/>
            <line num="217" count="0" type="stmt"/>
            <line num="218" count="0" type="stmt"/>
            <line num="219" count="0" type="stmt"/>
            <line num="220" count="0" type="stmt"/>
            <line num="221" count="0" type="stmt"/>
            <line num="222" count="0" type="stmt"/>
            <line falsecount="0" truecount="0" num="222" type="cond"/>
            <line num="225" count="0" type="stmt"/>
            <line num="225" count="0" type="stmt"/>
            <line num="225" count="0" type="stmt"/>
            <line num="225" count="0" type="stmt"/>
            <line falsecount="0" truecount="0" num="225" type="cond"/>
            <line num="226" count="0" type="stmt"/>
            <line num="226" count="0" type="stmt"/>
            <line num="226" count="0" type="stmt"/>
            <line num="226" count="0" type="stmt"/>
            <line falsecount="0" truecount="0" num="226" type="cond"/>
            <line num="227" count="0" type="stmt"/>
            <line num="227" count="0" type="stmt"/>
            <line num="227" count="0" type="stmt"/>
            <line num="227" count="0" type="stmt"/>
            <line falsecount="0" truecount="0" num="227" type="cond"/>
            <line num="228" count="0" type="stmt"/>
            <line num="228" count="0" type="stmt"/>
            <line num="228" count="0" type="stmt"/>
            <line num="228" count="0" type="stmt"/>
            <line falsecount="0" truecount="0" num="228" type="cond"/>
            <line num="229" count="0" type="stmt"/>
            <line num="229" count="0" type="stmt"/>
            <line num="229" count="0" type="stmt"/>
            <line num="229" count="0" type="stmt"/>
            <line falsecount="0" truecount="0" num="229" type="cond"/>
            <line num="230" count="0" type="stmt"/>
            <line num="230" count="0" type="stmt"/>
            <line num="230" count="0" type="stmt"/>
            <line num="230" count="0" type="stmt"/>
            <line falsecount="0" truecount="0" num="230" type="cond"/>
            <line num="231" count="0" type="stmt"/>
            <line num="231" count="0" type="stmt"/>
            <line num="231" count="0" type="stmt"/>
            <line num="231" count="0" type="stmt"/>
            <line falsecount="0" truecount="0" num="231" type="cond"/>
            <line num="232" count="0" type="stmt"/>
            <line falsecount="0" truecount="0" num="232" type="cond"/>
            <line num="233" count="0" type="stmt"/>
            <line num="234" count="0" type="stmt"/>
            <line falsecount="0" truecount="0" num="234" type="cond"/>
            <line num="235" count="0" type="stmt"/>
            <line num="238" count="0" type="stmt"/>
            <line falsecount="0" truecount="0" num="238" type="cond"/>
            <line num="240" count="0" type="stmt"/>
            <line num="243" count="0" type="stmt"/>
            <line falsecount="0" truecount="0" num="243" type="cond"/>
            <line num="244" count="0" type="stmt"/>
            <line falsecount="0" truecount="0" num="244" type="cond"/>
            <line num="245" count="0" type="stmt"/>
            <line num="246" count="0" type="stmt"/>
            <line complexity="3" visibility="public" signature="Specification1() : void" num="253" count="0" type="method"/>
            <line num="254" count="0" type="stmt"/>
            <line num="255" count="0" type="stmt"/>
            <line num="256" count="0" type="stmt"/>
            <line num="258" count="0" type="stmt"/>
            <line num="259" count="0" type="stmt"/>
            <line num="260" count="0" type="stmt"/>
            <line falsecount="0" truecount="0" num="260" type="cond"/>
            <line num="261" count="0" type="stmt"/>
            <line complexity="3" visibility="public" signature="Specification2() : void" num="266" count="0" type="method"/>
            <line num="267" count="0" type="stmt"/>
            <line num="268" count="0" type="stmt"/>
            <line num="269" count="0" type="stmt"/>
            <line num="271" count="0" type="stmt"/>
            <line num="272" count="0" type="stmt"/>
            <line falsecount="0" truecount="0" num="272" type="cond"/>
            <line num="273" count="0" type="stmt"/>
            <line complexity="4" visibility="public" signature="Specification3() : void" num="278" count="3" type="method"/>
            <line num="279" count="3" type="stmt"/>
            <line num="280" count="3" type="stmt"/>
            <line num="281" count="3" type="stmt"/>
            <line num="283" count="3" type="stmt"/>
            <line num="284" count="3" type="stmt"/>
            <line falsecount="3" truecount="3" num="284" type="cond"/>
            <line num="285" count="3" type="stmt"/>
            <line num="288" count="3" type="stmt"/>
            <line num="293" count="3" type="stmt"/>
            <line num="294" count="3" type="stmt"/>
            <line falsecount="2" truecount="2882" num="294" type="cond"/>
            <line num="295" count="2882" type="stmt"/>
            <line complexity="3" visibility="public" signature="Specification9() : void" num="300" count="0" type="method"/>
            <line num="301" count="0" type="stmt"/>
            <line num="302" count="0" type="stmt"/>
            <line num="303" count="0" type="stmt"/>
            <line num="305" count="0" type="stmt"/>
            <line num="306" count="0" type="stmt"/>
            <line falsecount="0" truecount="0" num="306" type="cond"/>
            <line num="307" count="0" type="stmt"/>
            <line complexity="4" visibility="public" signature="Specification13() : void" num="312" count="0" type="method"/>
            <line num="313" count="0" type="stmt"/>
            <line num="314" count="0" type="stmt"/>
            <line num="315" count="0" type="stmt"/>
            <line num="317" count="0" type="stmt"/>
            <line num="318" count="0" type="stmt"/>
            <line num="319" count="0" type="stmt"/>
            <line falsecount="0" truecount="0" num="319" type="cond"/>
            <line num="320" count="0" type="stmt"/>
            <line num="322" count="0" type="stmt"/>
            <line num="323" count="0" type="stmt"/>
            <line falsecount="0" truecount="0" num="323" type="cond"/>
            <line num="324" count="0" type="stmt"/>
            <line complexity="4" visibility="public" signature="Specification14() : void" num="329" count="0" type="method"/>
            <line num="330" count="0" type="stmt"/>
            <line num="331" count="0" type="stmt"/>
            <line num="332" count="0" type="stmt"/>
            <line num="334" count="0" type="stmt"/>
            <line num="336" count="0" type="stmt"/>
            <line falsecount="0" truecount="0" num="336" type="cond"/>
            <line num="337" count="0" type="stmt"/>
            <line num="339" count="0" type="stmt"/>
            <line num="340" count="0" type="stmt"/>
            <line falsecount="0" truecount="0" num="340" type="cond"/>
            <line num="341" count="0" type="stmt"/>
            <line complexity="1" visibility="public" signature="getIntegerMinMax(int,int) : int" num="346" count="777" type="method"/>
            <line num="347" count="777" type="stmt"/>
            <line complexity="1" visibility="public" signature="getBoolean() : boolean" num="352" count="6" type="method"/>
            <line num="353" count="6" type="stmt"/>
            <line complexity="1" visibility="package" signature="listToString(List&lt;String&gt;) : String" num="359" count="1" type="method"/>
            <line num="360" count="1" type="stmt"/>
            <line num="361" count="1" type="stmt"/>
            <line num="362" count="782" type="stmt"/>
            <line num="364" count="1" type="stmt"/>
         </file>
      </package>
      <package name="TestSpecifications">
         <metrics coveredelements="0" complexity="7" loc="67" methods="5" classes="2" statements="9" coveredconditionals="0" coveredmethods="0" elements="18" ncloc="29" files="2" conditionals="4" coveredstatements="0"/>
         <file path="/home/hieuvd/spl_dataset_generation/InputPreparation/projects/Elevator-FH-JML/mutated_projects/Empty.ElevatorSystem.Environment.AOIS_1/variants/model_m_ca3_0010/src/TestSpecifications/SpecificationException.java" name="SpecificationException.java">
            <metrics coveredelements="0" coveredconditionals="0" complexity="2" loc="26" coveredmethods="0" methods="2" elements="5" classes="1" ncloc="12" statements="3" conditionals="0" coveredstatements="0"/>
            <class name="SpecificationException">
               <metrics coveredelements="0" coveredconditionals="0" complexity="2" coveredmethods="0" methods="2" elements="5" statements="3" conditionals="0" coveredstatements="0"/>
            </class>
            <line complexity="1" visibility="public" signature="SpecificationException(String,String)" num="13" count="0" type="method"/>
            <line num="14" count="0" type="stmt"/>
            <line num="15" count="0" type="stmt"/>
            <line complexity="1" visibility="public" signature="getSpecificationName() : String" num="21" count="0" type="method"/>
            <line num="22" count="0" type="stmt"/>
         </file>
         <file path="/home/hieuvd/spl_dataset_generation/InputPreparation/projects/Elevator-FH-JML/mutated_projects/Empty.ElevatorSystem.Environment.AOIS_1/variants/model_m_ca3_0010/src/TestSpecifications/SpecificationManager.java" name="SpecificationManager.java">
            <metrics coveredelements="0" coveredconditionals="0" complexity="5" loc="41" coveredmethods="0" methods="3" elements="13" classes="1" ncloc="17" statements="6" conditionals="4" coveredstatements="0"/>
            <class name="SpecificationManager">
               <metrics coveredelements="0" coveredconditionals="0" complexity="5" coveredmethods="0" methods="3" elements="13" statements="6" conditionals="4" coveredstatements="0"/>
            </class>
            <line complexity="1" visibility="public" signature="setupSpecifications() : void" num="7" count="0" type="method"/>
            <line complexity="3" visibility="public" signature="checkSpecification(int) : boolean" num="20" count="0" type="method"/>
            <line num="21" count="0" type="stmt"/>
            <line falsecount="0" truecount="0" num="21" type="cond"/>
            <line num="22" count="0" type="stmt"/>
            <line num="23" count="0" type="stmt"/>
            <line falsecount="0" truecount="0" num="23" type="cond"/>
            <line num="24" count="0" type="stmt"/>
            <line num="26" count="0" type="stmt"/>
            <line complexity="1" visibility="public" signature="checkOnlySpecification(int) : void" num="36" count="0" type="method"/>
            <line num="37" count="0" type="stmt"/>
         </file>
      </package>
   </project>
   <testproject timestamp="1588713544501">
      <metrics coveredelements="0" complexity="0" loc="0" methods="0" classes="0" statements="0" packages="0" coveredconditionals="0" coveredmethods="0" elements="0" ncloc="0" files="0" conditionals="0" coveredstatements="0"/>
   </testproject>
</coverage>