<?xml version="1.0" encoding="UTF-8"?>
<coverage generated="1586008264702" clover="4.4.1"> 
 <project timestamp="1586008264525">  
  <package name="GPL">  
   <file path="GPL/CycleWorkSpace.java" name="GPL.CycleWorkSpace">   
    <line visibility="public" signature="CycleWorkSpace(boolean)" num="38" count="24" type="method" featureClass="Cycle.GPL.CycleWorkSpace" featureLineNum="25" /> 
    <line num="40" count="24" type="stmt" featureClass="Cycle.GPL.CycleWorkSpace" featureLineNum="27" /> 
    <line num="41" count="24" type="stmt" featureClass="Cycle.GPL.CycleWorkSpace" featureLineNum="28" /> 
    <line num="42" count="24" type="stmt" featureClass="Cycle.GPL.CycleWorkSpace" featureLineNum="29" /> 
    <line visibility="public" signature="init_vertex(Vertex) : void" num="48" count="8" type="method" featureClass="Cycle.GPL.CycleWorkSpace" featureLineNum="32" /> 
    <line num="50" count="8" type="stmt" featureClass="Cycle.GPL.CycleWorkSpace" featureLineNum="34" /> 
    <line num="51" count="7" type="stmt" featureClass="Cycle.GPL.CycleWorkSpace" featureLineNum="35" /> 
    <line visibility="public" signature="preVisitAction(Vertex) : void" num="57" count="13" type="method" featureClass="Cycle.GPL.CycleWorkSpace" featureLineNum="38" /> 
    <line num="59" count="13" type="stmt" featureClass="Cycle.GPL.CycleWorkSpace" featureLineNum="40" />  
    <line num="60" count="11" type="stmt" featureClass="Cycle.GPL.CycleWorkSpace" featureLineNum="41" /> 
    <line num="61" count="11" type="stmt" featureClass="Cycle.GPL.CycleWorkSpace" featureLineNum="42" /> 
    <line visibility="public" signature="postVisitAction(Vertex) : void" num="68" count="8" type="method" featureClass="Cycle.GPL.CycleWorkSpace" featureLineNum="46" /> 
    <line num="70" count="8" type="stmt" featureClass="Cycle.GPL.CycleWorkSpace" featureLineNum="48" /> 
    <line num="71" count="7" type="stmt" featureClass="Cycle.GPL.CycleWorkSpace" featureLineNum="49" /> 
    <line visibility="public" signature="checkNeighborAction(Vertex,Vertex) : void" num="77" count="15" type="method" featureClass="Cycle.GPL.CycleWorkSpace" featureLineNum="52" /> 
    <line num="79" count="15" type="stmt" featureClass="Cycle.GPL.CycleWorkSpace" featureLineNum="54" />  
    <line num="80" count="7" type="stmt" featureClass="Cycle.GPL.CycleWorkSpace" featureLineNum="55" />  
    <line num="81" count="3" type="stmt" featureClass="Cycle.GPL.CycleWorkSpace" featureLineNum="56" /> 
    <line num="84" count="8" type="stmt" featureClass="Cycle.GPL.CycleWorkSpace" featureLineNum="59" />  
    <line num="85" count="4" type="stmt" featureClass="Cycle.GPL.CycleWorkSpace" featureLineNum="60" /> 
   </file> 
   <file path="GPL/Neighbor.java" name="GPL.Neighbor">   
    <line visibility="public" signature="Neighbor()" num="18" count="8" type="method" featureClass="DirectedWithNeighbors.GPL.Neighbor" featureLineNum="13" /> 
    <line num="20" count="8" type="stmt" featureClass="DirectedWithNeighbors.GPL.Neighbor" featureLineNum="15" /> 
    <line visibility="public" signature="Neighbor(Vertex)" num="26" count="17" type="method" featureClass="DirectedWithNeighbors.GPL.Neighbor" featureLineNum="18" /> 
    <line num="28" count="17" type="stmt" featureClass="DirectedWithNeighbors.GPL.Neighbor" featureLineNum="20" /> 
    <line visibility="public" signature="NeighborConstructor(Vertex) : void" num="34" count="43" type="method" featureClass="DirectedWithNeighbors.GPL.Neighbor" featureLineNum="23" /> 
    <line num="36" count="43" type="stmt" featureClass="DirectedWithNeighbors.GPL.Neighbor" featureLineNum="25" /> 
    <line visibility="private" signature="display__wrappee__DirectedWithNeighbors() : void" num="42" count="2" type="method" featureClass="DirectedWithNeighbors.GPL.Neighbor" featureLineNum="28" /> 
    <line num="44" count="2" type="stmt" featureClass="DirectedWithNeighbors.GPL.Neighbor" featureLineNum="30" /> 
    <line visibility="public" signature="display() : void" num="50" count="2" type="method" featureClass="WeightedWithNeighbors.GPL.Neighbor" featureLineNum="20" /> 
    <line num="52" count="2" type="stmt" featureClass="WeightedWithNeighbors.GPL.Neighbor" featureLineNum="22" /> 
    <line num="53" count="2" type="stmt" featureClass="WeightedWithNeighbors.GPL.Neighbor" featureLineNum="23" /> 
    <line visibility="public" signature="getStart() : Vertex" num="59" count="1" type="method" featureClass="DirectedWithNeighbors.GPL.Neighbor" featureLineNum="33" /> 
    <line num="61" count="1" type="stmt" featureClass="DirectedWithNeighbors.GPL.Neighbor" featureLineNum="35" /> 
    <line visibility="public" signature="getEnd() : Vertex" num="67" count="2" type="method" featureClass="DirectedWithNeighbors.GPL.Neighbor" featureLineNum="38" /> 
    <line num="69" count="2" type="stmt" featureClass="DirectedWithNeighbors.GPL.Neighbor" featureLineNum="40" /> 
    <line visibility="public" signature="setWeight(int) : void" num="75" count="1" type="method" featureClass="WeightedWithNeighbors.GPL.Neighbor" featureLineNum="26" /> 
    <line num="77" count="1" type="stmt" featureClass="WeightedWithNeighbors.GPL.Neighbor" featureLineNum="28" /> 
    <line visibility="public" signature="getOtherVertex(Vertex) : Vertex" num="83" count="2" type="method" featureClass="DirectedWithNeighbors.GPL.Neighbor" featureLineNum="47" /> 
    <line num="85" count="2" type="stmt" featureClass="DirectedWithNeighbors.GPL.Neighbor" featureLineNum="49" /> 
    <line visibility="public" signature="adjustAdorns(EdgeIfc) : void" num="91" count="1" type="method" featureClass="DirectedWithNeighbors.GPL.Neighbor" featureLineNum="52" /> 
    <line visibility="public" signature="Neighbor(Vertex,int)" num="101" count="28" type="method" featureClass="WeightedWithNeighbors.GPL.Neighbor" featureLineNum="10" /> 
    <line num="102" count="28" type="stmt" featureClass="WeightedWithNeighbors.GPL.Neighbor" featureLineNum="11" /> 
    <line visibility="public" signature="NeighborConstructor(Vertex,int) : void" num="108" count="31" type="method" featureClass="WeightedWithNeighbors.GPL.Neighbor" featureLineNum="14" /> 
    <line num="110" count="31" type="stmt" featureClass="WeightedWithNeighbors.GPL.Neighbor" featureLineNum="16" /> 
    <line num="111" count="31" type="stmt" featureClass="WeightedWithNeighbors.GPL.Neighbor" featureLineNum="17" /> 
    <line visibility="public" signature="getWeight() : int" num="117" count="5" type="method" featureClass="WeightedWithNeighbors.GPL.Neighbor" featureLineNum="31" /> 
    <line num="119" count="5" type="stmt" featureClass="WeightedWithNeighbors.GPL.Neighbor" featureLineNum="33" /> 
   </file> 
   <file path="GPL/Vertex.java" name="GPL.Vertex">   
    <line visibility="public" signature="Vertex()" num="21" count="79" type="method" featureClass="DirectedWithNeighbors.GPL.Vertex" featureLineNum="13" /> 
    <line num="22" count="79" type="stmt" featureClass="DirectedWithNeighbors.GPL.Vertex" featureLineNum="14" /> 
    <line visibility="public" signature="getName() : String" num="27" count="19" type="method" featureClass="DirectedWithNeighbors.GPL.Vertex" featureLineNum="16" /> 
    <line num="29" count="19" type="stmt" featureClass="DirectedWithNeighbors.GPL.Vertex" featureLineNum="18" /> 
    <line visibility="private" signature="VertexConstructor__wrappee__DirectedWithNeighbors() : void" num="35" count="79" type="method" featureClass="DirectedWithNeighbors.GPL.Vertex" featureLineNum="21" /> 
    <line num="36" count="79" type="stmt" featureClass="DirectedWithNeighbors.GPL.Vertex" featureLineNum="22" /> 
    <line num="37" count="79" type="stmt" featureClass="DirectedWithNeighbors.GPL.Vertex" featureLineNum="23" /> 
    <line visibility="public" signature="VertexConstructor() : void" num="43" count="79" type="method" featureClass="DFS.GPL.Vertex" featureLineNum="9" /> 
    <line num="45" count="79" type="stmt" featureClass="DFS.GPL.Vertex" featureLineNum="11" /> 
    <line num="46" count="79" type="stmt" featureClass="DFS.GPL.Vertex" featureLineNum="12" /> 
    <line visibility="public" signature="assignName(String) : Vertex" num="52" count="10" type="method" featureClass="DirectedWithNeighbors.GPL.Vertex" featureLineNum="26" /> 
    <line num="53" count="10" type="stmt" featureClass="DirectedWithNeighbors.GPL.Vertex" featureLineNum="27" /> 
    <line num="54" count="10" type="stmt" featureClass="DirectedWithNeighbors.GPL.Vertex" featureLineNum="28" /> 
    <line visibility="public" signature="addEdge(Neighbor) : void" num="60" count="23" type="method" featureClass="DirectedWithNeighbors.GPL.Vertex" featureLineNum="31" /> 
    <line num="61" count="23" type="stmt" featureClass="DirectedWithNeighbors.GPL.Vertex" featureLineNum="32" /> 
    <line visibility="public" signature="getNeighbors() : VertexIter" num="68" count="23" type="method" featureClass="DirectedWithNeighbors.GPL.Vertex" featureLineNum="36" /> 
    <line num="70" count="23" type="stmt" featureClass="DirectedWithNeighbors.GPL.Vertex" featureLineNum="38" /> 
    <line visibility="public" signature="next() : Vertex" num="73" count="15" type="method" featureClass="DirectedWithNeighbors.GPL.Vertex" featureLineNum="41" /> 
    <line num="75" count="15" type="stmt" featureClass="DirectedWithNeighbors.GPL.Vertex" featureLineNum="43" /> 
    <line visibility="public" signature="hasNext() : boolean" num="78" count="21" type="method" featureClass="DirectedWithNeighbors.GPL.Vertex" featureLineNum="46" /> 
    <line num="80" count="21" type="stmt" featureClass="DirectedWithNeighbors.GPL.Vertex" featureLineNum="48" /> 
    <line visibility="private" signature="adjustAdorns__wrappee__DirectedWithNeighbors(Neighbor) : void" num="88" count="1" type="method" featureClass="DirectedWithNeighbors.GPL.Vertex" featureLineNum="53" /> 
    <line visibility="public" signature="adjustAdorns(Neighbor) : void" num="94" count="4" type="method" featureClass="WeightedWithNeighbors.GPL.Vertex" featureLineNum="12" /> 
    <line num="96" count="4" type="stmt" featureClass="WeightedWithNeighbors.GPL.Vertex" featureLineNum="14" /> 
    <line num="98" count="2" type="stmt" featureClass="WeightedWithNeighbors.GPL.Vertex" featureLineNum="16" /> 
    <line num="99" count="1" type="stmt" featureClass="WeightedWithNeighbors.GPL.Vertex" featureLineNum="17" /> 
    <line visibility="private" signature="display__wrappee__DirectedWithNeighbors() : void" num="105" count="8" type="method" featureClass="DirectedWithNeighbors.GPL.Vertex" featureLineNum="56" /> 
    <line num="107" count="8" type="stmt" featureClass="DirectedWithNeighbors.GPL.Vertex" featureLineNum="58" /> 
    <line num="109" count="8" type="stmt" featureClass="DirectedWithNeighbors.GPL.Vertex" featureLineNum="60" />  
    <line num="111" count="7" type="stmt" featureClass="DirectedWithNeighbors.GPL.Vertex" featureLineNum="62" /> 
    <line num="112" count="4" type="stmt" featureClass="DirectedWithNeighbors.GPL.Vertex" featureLineNum="63" /> 
    <line num="114" count="5" type="stmt" featureClass="DirectedWithNeighbors.GPL.Vertex" featureLineNum="65" /> 
    <line visibility="private" signature="display__wrappee__StronglyConnected() : void" num="120" count="8" type="method" featureClass="StronglyConnected.GPL.Vertex" featureLineNum="15" /> 
    <line num="121" count="8" type="stmt" featureClass="StronglyConnected.GPL.Vertex" featureLineNum="16" /> 
    <line num="123" count="8" type="stmt" featureClass="StronglyConnected.GPL.Vertex" featureLineNum="18" /> 
    <line visibility="private" signature="display__wrappee__Cycle() : void" num="129" count="8" type="method" featureClass="Cycle.GPL.Vertex" featureLineNum="11" /> 
    <line num="130" count="8" type="stmt" featureClass="Cycle.GPL.Vertex" featureLineNum="12" /> 
    <line num="131" count="8" type="stmt" featureClass="Cycle.GPL.Vertex" featureLineNum="13" /> 
    <line visibility="private" signature="display__wrappee__DFS() : void" num="137" count="8" type="method" featureClass="DFS.GPL.Vertex" featureLineNum="47" /> 
    <line num="138" count="8" type="stmt" featureClass="DFS.GPL.Vertex" featureLineNum="48" />  
    <line num="139" count="4" type="stmt" featureClass="DFS.GPL.Vertex" featureLineNum="49" /> 
    <line num="141" count="4" type="stmt" featureClass="DFS.GPL.Vertex" featureLineNum="51" /> 
    <line num="142" count="8" type="stmt" featureClass="DFS.GPL.Vertex" featureLineNum="52" /> 
    <line visibility="public" signature="display() : void" num="148" count="8" type="method" featureClass="WeightedWithNeighbors.GPL.Vertex" featureLineNum="20" /> 
    <line num="150" count="8" type="stmt" featureClass="WeightedWithNeighbors.GPL.Vertex" featureLineNum="22" /> 
    <line visibility="public" signature="init_vertex(WorkSpace) : void" num="171" count="12" type="method" featureClass="DFS.GPL.Vertex" featureLineNum="15" /> 
    <line num="173" count="12" type="stmt" featureClass="DFS.GPL.Vertex" featureLineNum="17" /> 
    <line num="174" count="12" type="stmt" featureClass="DFS.GPL.Vertex" featureLineNum="18" /> 
    <line visibility="public" signature="nodeSearch(WorkSpace) : void" num="180" count="16" type="method" featureClass="DFS.GPL.Vertex" featureLineNum="21" /> 
    <line num="182" count="16" type="stmt" featureClass="DFS.GPL.Vertex" featureLineNum="23" /> 
    <line num="186" count="16" type="stmt" featureClass="DFS.GPL.Vertex" featureLineNum="27" /> 
    <line num="188" count="15" type="stmt" featureClass="DFS.GPL.Vertex" featureLineNum="29" />  
    <line num="189" count="7" type="stmt" featureClass="DFS.GPL.Vertex" featureLineNum="30" /> 
    <line num="193" count="15" type="stmt" featureClass="DFS.GPL.Vertex" featureLineNum="34" /> 
    <line num="195" count="15" type="stmt" featureClass="DFS.GPL.Vertex" featureLineNum="36" />  
    <line num="197" count="9" type="stmt" featureClass="DFS.GPL.Vertex" featureLineNum="38" /> 
    <line num="198" count="7" type="stmt" featureClass="DFS.GPL.Vertex" featureLineNum="39" /> 
    <line num="199" count="6" type="stmt" featureClass="DFS.GPL.Vertex" featureLineNum="40" /> 
    <line num="203" count="12" type="stmt" featureClass="DFS.GPL.Vertex" featureLineNum="44" /> 
    <line visibility="public" signature="addWeight(Vertex,int) : void" num="208" count="10" type="method" featureClass="WeightedWithNeighbors.GPL.Vertex" featureLineNum="4" /> 
    <line num="210" count="10" type="stmt" featureClass="WeightedWithNeighbors.GPL.Vertex" featureLineNum="6" /> 
    <line num="212" count="3" type="stmt" featureClass="WeightedWithNeighbors.GPL.Vertex" featureLineNum="8" /> 
    <line num="213" count="3" type="stmt" featureClass="WeightedWithNeighbors.GPL.Vertex" featureLineNum="9" /> 
   </file> 
   <file path="GPL/Graph.java" name="GPL.Graph">   
    <line visibility="public" signature="Graph()" num="28" count="42" type="method" featureClass="DirectedWithNeighbors.GPL.Graph" featureLineNum="17" /> 
    <line num="29" count="42" type="stmt" featureClass="DirectedWithNeighbors.GPL.Graph" featureLineNum="18" /> 
    <line visibility="private" signature="run__wrappee__DirectedWithNeighbors(Vertex) : void" num="36" count="3" type="method" featureClass="DirectedWithNeighbors.GPL.Graph" featureLineNum="22" /> 
    <line visibility="private" signature="run__wrappee__StronglyConnected(Vertex) : void" num="43" count="4" type="method" featureClass="StronglyConnected.GPL.Graph" featureLineNum="11" /> 
    <line num="45" count="4" type="stmt" featureClass="StronglyConnected.GPL.Graph" featureLineNum="13" /> 
    <line num="46" count="4" type="stmt" featureClass="StronglyConnected.GPL.Graph" featureLineNum="14" /> 
    <line num="48" count="3" type="stmt" featureClass="StronglyConnected.GPL.Graph" featureLineNum="16" /> 
    <line num="50" count="3" type="stmt" featureClass="StronglyConnected.GPL.Graph" featureLineNum="18" /> 
    <line visibility="public" signature="run(Vertex) : void" num="57" count="6" type="method" featureClass="Cycle.GPL.Graph" featureLineNum="12" /> 
    <line num="59" count="6" type="stmt" featureClass="Cycle.GPL.Graph" featureLineNum="14" /> 
    <line num="60" count="4" type="stmt" featureClass="Cycle.GPL.Graph" featureLineNum="15" /> 
    <line visibility="public" signature="sortVertices(Comparator) : void" num="67" count="10" type="method" featureClass="DirectedWithNeighbors.GPL.Graph" featureLineNum="26" /> 
    <line num="68" count="10" type="stmt" featureClass="DirectedWithNeighbors.GPL.Graph" featureLineNum="27" /> 
    <line visibility="public" signature="addEdge(Vertex,Vertex) : EdgeIfc" num="82" count="11" type="method" featureClass="DirectedWithNeighbors.GPL.Graph" featureLineNum="38" /> 
    <line num="84" count="11" type="stmt" featureClass="DirectedWithNeighbors.GPL.Graph" featureLineNum="40" /> 
    <line num="85" count="11" type="stmt" featureClass="DirectedWithNeighbors.GPL.Graph" featureLineNum="41" /> 
    <line num="86" count="7" type="stmt" featureClass="DirectedWithNeighbors.GPL.Graph" featureLineNum="42" /> 
    <line visibility="public" signature="addVertex(Vertex) : void" num="93" count="21" type="method" featureClass="DirectedWithNeighbors.GPL.Graph" featureLineNum="46" /> 
    <line num="94" count="21" type="stmt" featureClass="DirectedWithNeighbors.GPL.Graph" featureLineNum="47" /> 
    <line visibility="private" signature="addEdge__wrappee__DirectedWithNeighbors(Vertex,Neighbor) : void" num="100" count="20" type="method" featureClass="DirectedWithNeighbors.GPL.Graph" featureLineNum="50" /> 
    <line num="101" count="20" type="stmt" featureClass="DirectedWithNeighbors.GPL.Graph" featureLineNum="51" /> 
    <line visibility="public" signature="addEdge(Vertex,Neighbor) : void" num="107" count="20" type="method" featureClass="WeightedWithNeighbors.GPL.Graph" featureLineNum="12" /> 
    <line num="109" count="20" type="stmt" featureClass="WeightedWithNeighbors.GPL.Graph" featureLineNum="14" /> 
    <line num="114" count="17" type="stmt" featureClass="WeightedWithNeighbors.GPL.Graph" featureLineNum="19" />  
    <line num="117" count="6" type="stmt" featureClass="WeightedWithNeighbors.GPL.Graph" featureLineNum="22" /> 
    <line num="118" count="6" type="stmt" featureClass="WeightedWithNeighbors.GPL.Graph" featureLineNum="23" /> 
    <line visibility="public" signature="findsVertex(String) : Vertex" num="127" count="6" type="method" featureClass="DirectedWithNeighbors.GPL.Graph" featureLineNum="55" /> 
    <line num="129" count="6" type="stmt" featureClass="DirectedWithNeighbors.GPL.Graph" featureLineNum="57" /> 
    <line num="132" count="6" type="stmt" featureClass="DirectedWithNeighbors.GPL.Graph" featureLineNum="60" />  
    <line num="134" count="1" type="stmt" featureClass="DirectedWithNeighbors.GPL.Graph" featureLineNum="62" /> 
    <line num="137" count="5" type="stmt" featureClass="DirectedWithNeighbors.GPL.Graph" featureLineNum="65" />  
    <line num="139" count="4" type="stmt" featureClass="DirectedWithNeighbors.GPL.Graph" featureLineNum="67" /> 
    <line num="140" count="3" type="stmt" featureClass="DirectedWithNeighbors.GPL.Graph" featureLineNum="68" />  
    <line num="142" count="1" type="stmt" featureClass="DirectedWithNeighbors.GPL.Graph" featureLineNum="70" /> 
    <line num="146" count="2" type="stmt" featureClass="DirectedWithNeighbors.GPL.Graph" featureLineNum="74" /> 
    <line visibility="public" signature="getVertices() : VertexIter" num="152" count="31" type="method" featureClass="DirectedWithNeighbors.GPL.Graph" featureLineNum="77" /> 
    <line num="154" count="31" type="stmt" featureClass="DirectedWithNeighbors.GPL.Graph" featureLineNum="79" /> 
    <line visibility="public" signature="next() : Vertex" num="157" count="24" type="method" featureClass="DirectedWithNeighbors.GPL.Graph" featureLineNum="82" /> 
    <line num="159" count="24" type="stmt" featureClass="DirectedWithNeighbors.GPL.Graph" featureLineNum="84" /> 
    <line visibility="public" signature="hasNext() : boolean" num="161" count="28" type="method" featureClass="DirectedWithNeighbors.GPL.Graph" featureLineNum="86" /> 
    <line num="163" count="28" type="stmt" featureClass="DirectedWithNeighbors.GPL.Graph" featureLineNum="88" /> 
    <line visibility="private" signature="display__wrappee__DirectedWithNeighbors() : void" num="172" count="6" type="method" featureClass="DirectedWithNeighbors.GPL.Graph" featureLineNum="94" /> 
    <line num="174" count="6" type="stmt" featureClass="DirectedWithNeighbors.GPL.Graph" featureLineNum="96" /> 
    <line num="175" count="6" type="stmt" featureClass="DirectedWithNeighbors.GPL.Graph" featureLineNum="97" /> 
    <line num="176" count="6" type="stmt" featureClass="DirectedWithNeighbors.GPL.Graph" featureLineNum="98" />  
    <line num="178" count="5" type="stmt" featureClass="DirectedWithNeighbors.GPL.Graph" featureLineNum="100" /> 
    <line num="180" count="4" type="stmt" featureClass="DirectedWithNeighbors.GPL.Graph" featureLineNum="102" /> 
    <line visibility="public" signature="display() : void" num="187" count="6" type="method" featureClass="WeightedWithNeighbors.GPL.Graph" featureLineNum="28" /> 
    <line num="189" count="6" type="stmt" featureClass="WeightedWithNeighbors.GPL.Graph" featureLineNum="30" /> 
    <line visibility="public" signature="StrongComponents() : Graph" num="195" count="9" type="method" featureClass="StronglyConnected.GPL.Graph" featureLineNum="21" /> 
    <line num="197" count="9" type="stmt" featureClass="StronglyConnected.GPL.Graph" featureLineNum="23" /> 
    <line num="200" count="9" type="stmt" featureClass="StronglyConnected.GPL.Graph" featureLineNum="26" /> 
    <line num="203" count="7" type="stmt" featureClass="StronglyConnected.GPL.Graph" featureLineNum="29" /> 
    <line visibility="public" signature="compare(Object,Object) : int" num="205" count="5" type="method" featureClass="StronglyConnected.GPL.Graph" featureLineNum="31" /> 
    <line num="207" count="5" type="stmt" featureClass="StronglyConnected.GPL.Graph" featureLineNum="33" /> 
    <line num="208" count="5" type="stmt" featureClass="StronglyConnected.GPL.Graph" featureLineNum="34" /> 
    <line num="210" count="5" type="stmt" featureClass="StronglyConnected.GPL.Graph" featureLineNum="36" />  
    <line num="211" count="2" type="stmt" featureClass="StronglyConnected.GPL.Graph" featureLineNum="37" /> 
    <line num="213" count="4" type="stmt" featureClass="StronglyConnected.GPL.Graph" featureLineNum="39" />  
    <line num="214" count="3" type="stmt" featureClass="StronglyConnected.GPL.Graph" featureLineNum="40" /> 
    <line num="215" count="2" type="stmt" featureClass="StronglyConnected.GPL.Graph" featureLineNum="41" /> 
    <line num="221" count="7" type="stmt" featureClass="StronglyConnected.GPL.Graph" featureLineNum="47" /> 
    <line num="224" count="5" type="stmt" featureClass="StronglyConnected.GPL.Graph" featureLineNum="50" /> 
    <line num="225" count="5" type="stmt" featureClass="StronglyConnected.GPL.Graph" featureLineNum="51" /> 
    <line num="227" count="5" type="stmt" featureClass="StronglyConnected.GPL.Graph" featureLineNum="53" /> 
    <line visibility="public" signature="ComputeTranspose(Graph) : Graph" num="234" count="10" type="method" featureClass="Transpose.GPL.Graph" featureLineNum="13" /> 
    <line num="236" count="10" type="stmt" featureClass="Transpose.GPL.Graph" featureLineNum="15" /> 
    <line num="237" count="10" type="stmt" featureClass="Transpose.GPL.Graph" featureLineNum="16" /> 
    <line num="240" count="10" type="stmt" featureClass="Transpose.GPL.Graph" featureLineNum="19" /> 
    <line num="243" count="10" type="stmt" featureClass="Transpose.GPL.Graph" featureLineNum="22" /> 
    <line num="246" count="10" type="stmt" featureClass="Transpose.GPL.Graph" featureLineNum="25" />  
    <line num="248" count="9" type="stmt" featureClass="Transpose.GPL.Graph" featureLineNum="27" /> 
    <line num="250" count="8" type="stmt" featureClass="Transpose.GPL.Graph" featureLineNum="29" /> 
    <line num="252" count="8" type="stmt" featureClass="Transpose.GPL.Graph" featureLineNum="31" /> 
    <line num="255" count="8" type="stmt" featureClass="Transpose.GPL.Graph" featureLineNum="34" /> 
    <line num="258" count="9" type="stmt" featureClass="Transpose.GPL.Graph" featureLineNum="37" /> 
    <line num="259" count="9" type="stmt" featureClass="Transpose.GPL.Graph" featureLineNum="38" /> 
    <line num="260" count="9" type="stmt" featureClass="Transpose.GPL.Graph" featureLineNum="39" /> 
    <line num="261" count="9" type="stmt" featureClass="Transpose.GPL.Graph" featureLineNum="40" /> 
    <line num="265" count="9" type="stmt" featureClass="Transpose.GPL.Graph" featureLineNum="44" /> 
    <line num="266" count="9" type="stmt" featureClass="Transpose.GPL.Graph" featureLineNum="45" />  
    <line num="270" count="8" type="stmt" featureClass="Transpose.GPL.Graph" featureLineNum="49" /> 
    <line num="274" count="8" type="stmt" featureClass="Transpose.GPL.Graph" featureLineNum="53" /> 
    <line num="276" count="8" type="stmt" featureClass="Transpose.GPL.Graph" featureLineNum="55" />  
    <line num="279" count="7" type="stmt" featureClass="Transpose.GPL.Graph" featureLineNum="58" /> 
    <line num="285" count="6" type="stmt" featureClass="Transpose.GPL.Graph" featureLineNum="64" /> 
    <line num="288" count="6" type="stmt" featureClass="Transpose.GPL.Graph" featureLineNum="67" /> 
    <line num="298" count="6" type="stmt" featureClass="Transpose.GPL.Graph" featureLineNum="77" /> 
    <line visibility="public" signature="CycleCheck() : boolean" num="305" count="10" type="method" featureClass="Cycle.GPL.Graph" featureLineNum="18" /> 
    <line num="306" count="10" type="stmt" featureClass="Cycle.GPL.Graph" featureLineNum="19" /> 
    <line num="307" count="10" type="stmt" featureClass="Cycle.GPL.Graph" featureLineNum="20" /> 
    <line num="308" count="6" type="stmt" featureClass="Cycle.GPL.Graph" featureLineNum="21" /> 
    <line visibility="public" signature="GraphSearch(WorkSpace) : void" num="313" count="19" type="method" featureClass="DFS.GPL.Graph" featureLineNum="7" /> 
    <line num="316" count="19" type="stmt" featureClass="DFS.GPL.Graph" featureLineNum="10" /> 
    <line num="317" count="18" type="stmt" featureClass="DFS.GPL.Graph" featureLineNum="11" />  
    <line num="319" count="3" type="stmt" featureClass="DFS.GPL.Graph" featureLineNum="13" /> 
    <line num="323" count="15" type="stmt" featureClass="DFS.GPL.Graph" featureLineNum="17" />  
    <line num="325" count="15" type="stmt" featureClass="DFS.GPL.Graph" featureLineNum="19" /> 
    <line num="326" count="11" type="stmt" featureClass="DFS.GPL.Graph" featureLineNum="20" /> 
    <line num="330" count="10" type="stmt" featureClass="DFS.GPL.Graph" featureLineNum="24" />  
    <line num="332" count="10" type="stmt" featureClass="DFS.GPL.Graph" featureLineNum="26" /> 
    <line num="333" count="10" type="stmt" featureClass="DFS.GPL.Graph" featureLineNum="27" />  
    <line num="335" count="10" type="stmt" featureClass="DFS.GPL.Graph" featureLineNum="29" /> 
    <line num="336" count="10" type="stmt" featureClass="DFS.GPL.Graph" featureLineNum="30" /> 
    <line visibility="public" signature="addAnEdge(Vertex,Vertex,int) : void" num="344" count="3" type="method" featureClass="WeightedWithNeighbors.GPL.Graph" featureLineNum="7" /> 
    <line num="346" count="3" type="stmt" featureClass="WeightedWithNeighbors.GPL.Graph" featureLineNum="9" /> 
   </file> 
   <file path="GPL/WorkSpace.java" name="GPL.WorkSpace">   
    <line visibility="public" signature="init_vertex(Vertex) : void" num="7" count="10" type="method" featureClass="DFS.GPL.WorkSpace" featureLineNum="6" /> 
    <line visibility="public" signature="preVisitAction(Vertex) : void" num="11" count="6" type="method" featureClass="DFS.GPL.WorkSpace" featureLineNum="7" /> 
    <line visibility="public" signature="postVisitAction(Vertex) : void" num="15" count="9" type="method" featureClass="DFS.GPL.WorkSpace" featureLineNum="8" /> 
    <line visibility="public" signature="nextRegionAction(Vertex) : void" num="19" count="11" type="method" featureClass="DFS.GPL.WorkSpace" featureLineNum="9" /> 
    <line visibility="public" signature="checkNeighborAction(Vertex,Vertex) : void" num="23" count="6" type="method" featureClass="DFS.GPL.WorkSpace" featureLineNum="10" /> 
   </file> 
   <file path="GPL/EdgeIter.java" name="GPL.EdgeIter">   
    <line visibility="public" signature="hasNext() : boolean" num="6" count="1" type="method" featureClass="Base.GPL.EdgeIter" featureLineNum="5" /> 
    <line num="6" count="1" type="stmt" featureClass="Base.GPL.EdgeIter" featureLineNum="5" /> 
    <line visibility="public" signature="next() : EdgeIfc" num="10" count="1" type="method" featureClass="Base.GPL.EdgeIter" featureLineNum="6" /> 
    <line num="10" count="1" type="stmt" featureClass="Base.GPL.EdgeIter" featureLineNum="6" /> 
   </file> 
   <file path="GPL/WorkSpaceTranspose.java" name="GPL.WorkSpaceTranspose">   
    <line visibility="public" signature="WorkSpaceTranspose()" num="20" count="9" type="method" featureClass="StronglyConnected.GPL.WorkSpaceTranspose" featureLineNum="16" /> 
    <line num="22" count="9" type="stmt" featureClass="StronglyConnected.GPL.WorkSpaceTranspose" featureLineNum="18" /> 
    <line visibility="public" signature="preVisitAction(Vertex) : void" num="28" count="7" type="method" featureClass="StronglyConnected.GPL.WorkSpaceTranspose" featureLineNum="21" /> 
    <line num="30" count="7" type="stmt" featureClass="StronglyConnected.GPL.WorkSpaceTranspose" featureLineNum="23" />  
    <line num="32" count="6" type="stmt" featureClass="StronglyConnected.GPL.WorkSpaceTranspose" featureLineNum="25" /> 
    <line num="34" count="6" type="stmt" featureClass="StronglyConnected.GPL.WorkSpaceTranspose" featureLineNum="27" /> 
    <line visibility="public" signature="nextRegionAction(Vertex) : void" num="40" count="5" type="method" featureClass="StronglyConnected.GPL.WorkSpaceTranspose" featureLineNum="30" /> 
    <line num="42" count="5" type="stmt" featureClass="StronglyConnected.GPL.WorkSpaceTranspose" featureLineNum="32" /> 
   </file> 
   <file path="GPL/VertexIter.java" name="GPL.VertexIter">   
    <line visibility="public" signature="hasNext() : boolean" num="6" count="1" type="method" featureClass="Base.GPL.VertexIter" featureLineNum="5" /> 
    <line num="6" count="1" type="stmt" featureClass="Base.GPL.VertexIter" featureLineNum="5" /> 
    <line visibility="public" signature="next() : Vertex" num="10" count="1" type="method" featureClass="Base.GPL.VertexIter" featureLineNum="6" /> 
    <line num="10" count="1" type="stmt" featureClass="Base.GPL.VertexIter" featureLineNum="6" /> 
   </file>  
   <file path="GPL/FinishTimeWorkSpace.java" name="GPL.FinishTimeWorkSpace">   
    <line visibility="public" signature="FinishTimeWorkSpace()" num="16" count="14" type="method" featureClass="StronglyConnected.GPL.FinishTimeWorkSpace" featureLineNum="12" /> 
    <line num="17" count="14" type="stmt" featureClass="StronglyConnected.GPL.FinishTimeWorkSpace" featureLineNum="13" /> 
    <line visibility="public" signature="preVisitAction(Vertex) : void" num="23" count="9" type="method" featureClass="StronglyConnected.GPL.FinishTimeWorkSpace" featureLineNum="16" /> 
    <line num="25" count="9" type="stmt" featureClass="StronglyConnected.GPL.FinishTimeWorkSpace" featureLineNum="18" />  
    <line num="26" count="8" type="stmt" featureClass="StronglyConnected.GPL.FinishTimeWorkSpace" featureLineNum="19" /> 
    <line visibility="public" signature="postVisitAction(Vertex) : void" num="32" count="9" type="method" featureClass="StronglyConnected.GPL.FinishTimeWorkSpace" featureLineNum="22" /> 
    <line num="33" count="9" type="stmt" featureClass="StronglyConnected.GPL.FinishTimeWorkSpace" featureLineNum="23" /> 
   </file> 
   <file path="GPL/Main.java" name="GPL.Main">   
    <line visibility="public" signature="main(String[]) : void" num="8" count="1" type="method" featureClass="TestProg.GPL.Main" featureLineNum="4" /> 
    <line num="10" count="1" type="stmt" featureClass="TestProg.GPL.Main" featureLineNum="6" /> 
    <line num="12" count="1" type="stmt" featureClass="TestProg.GPL.Main" featureLineNum="8" /> 
    <line num="13" count="1" type="stmt" featureClass="TestProg.GPL.Main" featureLineNum="9" />  
    <line num="14" count="1" type="stmt" featureClass="TestProg.GPL.Main" featureLineNum="10" /> 
    <line num="15" count="1" type="stmt" featureClass="TestProg.GPL.Main" featureLineNum="11" /> 
    <line num="16" count="1" type="stmt" featureClass="TestProg.GPL.Main" featureLineNum="12" /> 
    <line num="17" count="1" type="stmt" featureClass="TestProg.GPL.Main" featureLineNum="13" />  
    <line num="18" count="1" type="stmt" featureClass="TestProg.GPL.Main" featureLineNum="14" /> 
    <line num="20" count="1" type="stmt" featureClass="TestProg.GPL.Main" featureLineNum="16" /> 
    <line num="22" count="1" type="stmt" featureClass="TestProg.GPL.Main" featureLineNum="18" /> 
    <line num="23" count="0" type="stmt" featureClass="TestProg.GPL.Main" featureLineNum="19" /> 
   </file>  
  </package> 
 </project> 
 <testproject timestamp="1586008264525">  
 </testproject> 
</coverage>