<?xml version="1.0" encoding="UTF-8"?>
<coverage generated="1589173627792" clover="4.4.1"> 
 <project timestamp="1589173627600">  
  <package name="GPL">  
   <file path="GPL/Edge.java" name="GPL.Edge">   
    <line visibility="public" num="14" count="17" type="method" featureClass="UndirectedWithEdges.GPL.Edge" featureLineNum="11" /> 
    <line num="16" count="17" type="stmt" featureClass="UndirectedWithEdges.GPL.Edge" featureLineNum="13" /> 
    <line num="17" count="17" type="stmt" featureClass="UndirectedWithEdges.GPL.Edge" featureLineNum="14" /> 
    <line visibility="public" num="23" count="1" type="method" featureClass="UndirectedWithEdges.GPL.Edge" featureLineNum="17" /> 
    <line visibility="public" num="30" count="1" type="method" featureClass="UndirectedWithEdges.GPL.Edge" featureLineNum="21" /> 
    <line visibility="public" num="37" count="9" type="method" featureClass="UndirectedWithEdges.GPL.Edge" featureLineNum="25" /> 
    <line num="39" count="9" type="stmt" featureClass="UndirectedWithEdges.GPL.Edge" featureLineNum="27" /> 
    <line visibility="public" num="45" count="3" type="method" featureClass="UndirectedWithEdges.GPL.Edge" featureLineNum="30" /> 
    <line num="47" count="3" type="stmt" featureClass="UndirectedWithEdges.GPL.Edge" featureLineNum="32" />  
    <line num="49" count="1" type="stmt" featureClass="UndirectedWithEdges.GPL.Edge" featureLineNum="34" /> 
    <line num="51" count="2" type="stmt" featureClass="UndirectedWithEdges.GPL.Edge" featureLineNum="36" />  
    <line num="53" count="1" type="stmt" featureClass="UndirectedWithEdges.GPL.Edge" featureLineNum="38" /> 
    <line num="57" count="1" type="stmt" featureClass="UndirectedWithEdges.GPL.Edge" featureLineNum="42" /> 
    <line visibility="public" num="64" count="7" type="method" featureClass="UndirectedWithEdges.GPL.Edge" featureLineNum="46" /> 
    <line num="66" count="7" type="stmt" featureClass="UndirectedWithEdges.GPL.Edge" featureLineNum="48" /> 
    <line visibility="public" num="72" count="6" type="method" featureClass="UndirectedWithEdges.GPL.Edge" featureLineNum="51" /> 
    <line num="74" count="6" type="stmt" featureClass="UndirectedWithEdges.GPL.Edge" featureLineNum="53" /> 
    <line visibility="public" num="80" count="4" type="method" featureClass="UndirectedWithEdges.GPL.Edge" featureLineNum="56" /> 
    <line num="82" count="4" type="stmt" featureClass="UndirectedWithEdges.GPL.Edge" featureLineNum="58" /> 
   </file>  
   <file path="GPL/Graph.java" name="GPL.Graph">   
    <line visibility="public" num="33" count="29" type="method" featureClass="UndirectedWithEdges.GPL.Graph" featureLineNum="26" /> 
    <line num="34" count="29" type="stmt" featureClass="UndirectedWithEdges.GPL.Graph" featureLineNum="27" /> 
    <line num="35" count="29" type="stmt" featureClass="UndirectedWithEdges.GPL.Graph" featureLineNum="28" /> 
    <line num="38" count="29" type="stmt" featureClass="UndirectedWithEdges.GPL.Graph" featureLineNum="31" /> 
    <line visibility="private" num="46" count="2" type="method" featureClass="UndirectedWithEdges.GPL.Graph" featureLineNum="36" /> 
    <line visibility="public" num="51" count="2" type="method" featureClass="Connected.GPL.Graph" featureLineNum="8" /> 
    <line num="53" count="2" type="stmt" featureClass="Connected.GPL.Graph" featureLineNum="10" /> 
    <line num="54" count="2" type="stmt" featureClass="Connected.GPL.Graph" featureLineNum="11" /> 
    <line num="55" count="2" type="stmt" featureClass="Connected.GPL.Graph" featureLineNum="12" /> 
    <line visibility="public" num="61" count="2" type="method" featureClass="UndirectedWithEdges.GPL.Graph" featureLineNum="38" /> 
    <line num="62" count="2" type="stmt" featureClass="UndirectedWithEdges.GPL.Graph" featureLineNum="39" /> 
    <line visibility="public" num="68" count="2" type="method" featureClass="UndirectedWithEdges.GPL.Graph" featureLineNum="42" /> 
    <line num="69" count="2" type="stmt" featureClass="UndirectedWithEdges.GPL.Graph" featureLineNum="43" /> 
    <line visibility="public" num="76" count="9" type="method" featureClass="UndirectedWithEdges.GPL.Graph" featureLineNum="47" /> 
    <line num="77" count="9" type="stmt" featureClass="UndirectedWithEdges.GPL.Graph" featureLineNum="48" /> 
    <line num="78" count="9" type="stmt" featureClass="UndirectedWithEdges.GPL.Graph" featureLineNum="49" /> 
    <line num="79" count="9" type="stmt" featureClass="UndirectedWithEdges.GPL.Graph" featureLineNum="50" /> 
    <line num="80" count="9" type="stmt" featureClass="UndirectedWithEdges.GPL.Graph" featureLineNum="51" /> 
    <line num="81" count="8" type="stmt" featureClass="UndirectedWithEdges.GPL.Graph" featureLineNum="52" /> 
    <line num="83" count="8" type="stmt" featureClass="UndirectedWithEdges.GPL.Graph" featureLineNum="54" /> 
    <line visibility="protected" num="89" count="13" type="method" featureClass="UndirectedWithEdges.GPL.Graph" featureLineNum="57" /> 
    <line num="90" count="13" type="stmt" featureClass="UndirectedWithEdges.GPL.Graph" featureLineNum="58" /> 
    <line num="93" count="13" type="stmt" featureClass="UndirectedWithEdges.GPL.Graph" featureLineNum="61" /> 
    <line visibility="public" num="101" count="2" type="method" featureClass="UndirectedWithEdges.GPL.Graph" featureLineNum="66" /> 
    <line num="102" count="2" type="stmt" featureClass="UndirectedWithEdges.GPL.Graph" featureLineNum="67" /> 
    <line num="105" count="2" type="stmt" featureClass="UndirectedWithEdges.GPL.Graph" featureLineNum="70" />  
    <line num="106" count="1" type="stmt" featureClass="UndirectedWithEdges.GPL.Graph" featureLineNum="71" /> 
    <line num="118" count="1" type="stmt" featureClass="UndirectedWithEdges.GPL.Graph" featureLineNum="83" /> 
    <line visibility="public" num="126" count="14" type="method" featureClass="UndirectedWithEdges.GPL.Graph" featureLineNum="88" /> 
    <line num="127" count="14" type="stmt" featureClass="UndirectedWithEdges.GPL.Graph" featureLineNum="89" /> 
    <line visibility="public" num="129" count="10" type="method" featureClass="UndirectedWithEdges.GPL.Graph" featureLineNum="91" /> 
    <line num="129" count="10" type="stmt" featureClass="UndirectedWithEdges.GPL.Graph" featureLineNum="91" /> 
    <line visibility="public" num="130" count="13" type="method" featureClass="UndirectedWithEdges.GPL.Graph" featureLineNum="92" /> 
    <line num="130" count="13" type="stmt" featureClass="UndirectedWithEdges.GPL.Graph" featureLineNum="92" /> 
    <line visibility="public" num="137" count="4" type="method" featureClass="UndirectedWithEdges.GPL.Graph" featureLineNum="96" /> 
    <line num="138" count="4" type="stmt" featureClass="UndirectedWithEdges.GPL.Graph" featureLineNum="97" /> 
    <line visibility="public" num="140" count="2" type="method" featureClass="UndirectedWithEdges.GPL.Graph" featureLineNum="99" /> 
    <line num="140" count="2" type="stmt" featureClass="UndirectedWithEdges.GPL.Graph" featureLineNum="99" /> 
    <line visibility="public" num="141" count="3" type="method" featureClass="UndirectedWithEdges.GPL.Graph" featureLineNum="100" /> 
    <line num="141" count="3" type="stmt" featureClass="UndirectedWithEdges.GPL.Graph" featureLineNum="100" /> 
    <line visibility="public" num="149" count="6" type="method" featureClass="UndirectedWithEdges.GPL.Graph" featureLineNum="105" /> 
    <line num="152" count="6" type="stmt" featureClass="UndirectedWithEdges.GPL.Graph" featureLineNum="108" /> 
    <line num="156" count="6" type="stmt" featureClass="UndirectedWithEdges.GPL.Graph" featureLineNum="112" />  
    <line num="158" count="6" type="stmt" featureClass="UndirectedWithEdges.GPL.Graph" featureLineNum="114" /> 
    <line num="159" count="5" type="stmt" featureClass="UndirectedWithEdges.GPL.Graph" featureLineNum="115" />  
    <line num="163" count="2" type="stmt" featureClass="UndirectedWithEdges.GPL.Graph" featureLineNum="119" /> 
    <line num="165" count="2" type="stmt" featureClass="UndirectedWithEdges.GPL.Graph" featureLineNum="121" /> 
    <line visibility="public" num="171" count="5" type="method" featureClass="UndirectedWithEdges.GPL.Graph" featureLineNum="124" /> 
    <line num="172" count="5" type="stmt" featureClass="UndirectedWithEdges.GPL.Graph" featureLineNum="125" /> 
    <line num="173" count="5" type="stmt" featureClass="UndirectedWithEdges.GPL.Graph" featureLineNum="126" /> 
    <line num="174" count="5" type="stmt" featureClass="UndirectedWithEdges.GPL.Graph" featureLineNum="127" />  
    <line num="175" count="4" type="stmt" featureClass="UndirectedWithEdges.GPL.Graph" featureLineNum="128" /> 
    <line num="177" count="3" type="stmt" featureClass="UndirectedWithEdges.GPL.Graph" featureLineNum="130" /> 
    <line num="178" count="3" type="stmt" featureClass="UndirectedWithEdges.GPL.Graph" featureLineNum="131" /> 
    <line num="179" count="3" type="stmt" featureClass="UndirectedWithEdges.GPL.Graph" featureLineNum="132" />  
    <line num="180" count="2" type="stmt" featureClass="UndirectedWithEdges.GPL.Graph" featureLineNum="133" /> 
    <line num="182" count="3" type="stmt" featureClass="UndirectedWithEdges.GPL.Graph" featureLineNum="135" /> 
    <line visibility="public" num="188" count="5" type="method" featureClass="Connected.GPL.Graph" featureLineNum="15" /> 
    <line num="190" count="5" type="stmt" featureClass="Connected.GPL.Graph" featureLineNum="17" /> 
    <line visibility="public" num="195" count="9" type="method" featureClass="BFS.GPL.Graph" featureLineNum="9" /> 
    <line num="198" count="9" type="stmt" featureClass="BFS.GPL.Graph" featureLineNum="12" /> 
    <line num="199" count="9" type="stmt" featureClass="BFS.GPL.Graph" featureLineNum="13" />  
    <line num="201" count="2" type="stmt" featureClass="BFS.GPL.Graph" featureLineNum="15" /> 
    <line num="205" count="7" type="stmt" featureClass="BFS.GPL.Graph" featureLineNum="19" />  
    <line num="207" count="7" type="stmt" featureClass="BFS.GPL.Graph" featureLineNum="21" /> 
    <line num="208" count="7" type="stmt" featureClass="BFS.GPL.Graph" featureLineNum="22" /> 
    <line num="212" count="7" type="stmt" featureClass="BFS.GPL.Graph" featureLineNum="26" />  
    <line num="214" count="7" type="stmt" featureClass="BFS.GPL.Graph" featureLineNum="28" /> 
    <line num="215" count="7" type="stmt" featureClass="BFS.GPL.Graph" featureLineNum="29" />  
    <line num="217" count="7" type="stmt" featureClass="BFS.GPL.Graph" featureLineNum="31" /> 
    <line num="218" count="7" type="stmt" featureClass="BFS.GPL.Graph" featureLineNum="32" /> 
   </file> 
   <file path="GPL/Main.java" name="GPL.Main">   
    <line visibility="public" num="8" count="1" type="method" featureClass="TestProg.GPL.Main" featureLineNum="4" /> 
    <line num="10" count="1" type="stmt" featureClass="TestProg.GPL.Main" featureLineNum="6" /> 
    <line num="12" count="1" type="stmt" featureClass="TestProg.GPL.Main" featureLineNum="8" /> 
    <line num="13" count="1" type="stmt" featureClass="TestProg.GPL.Main" featureLineNum="9" />  
    <line num="14" count="1" type="stmt" featureClass="TestProg.GPL.Main" featureLineNum="10" /> 
    <line num="15" count="1" type="stmt" featureClass="TestProg.GPL.Main" featureLineNum="11" /> 
    <line num="16" count="1" type="stmt" featureClass="TestProg.GPL.Main" featureLineNum="12" /> 
    <line num="17" count="1" type="stmt" featureClass="TestProg.GPL.Main" featureLineNum="13" />  
    <line num="18" count="1" type="stmt" featureClass="TestProg.GPL.Main" featureLineNum="14" /> 
    <line num="20" count="1" type="stmt" featureClass="TestProg.GPL.Main" featureLineNum="16" /> 
    <line num="22" count="1" type="stmt" featureClass="TestProg.GPL.Main" featureLineNum="18" /> 
    <line num="23" count="1" type="stmt" featureClass="TestProg.GPL.Main" featureLineNum="19" /> 
   </file>  
   <file path="GPL/VertexIter.java" name="GPL.VertexIter">   
    <line visibility="public" num="6" count="1" type="method" featureClass="Base.GPL.VertexIter" featureLineNum="5" /> 
    <line num="6" count="1" type="stmt" featureClass="Base.GPL.VertexIter" featureLineNum="5" /> 
    <line visibility="public" num="10" count="1" type="method" featureClass="Base.GPL.VertexIter" featureLineNum="6" /> 
    <line num="10" count="1" type="stmt" featureClass="Base.GPL.VertexIter" featureLineNum="6" /> 
   </file> 
   <file path="GPL/EdgeIter.java" name="GPL.EdgeIter">   
    <line visibility="public" num="6" count="1" type="method" featureClass="Base.GPL.EdgeIter" featureLineNum="5" /> 
    <line num="6" count="1" type="stmt" featureClass="Base.GPL.EdgeIter" featureLineNum="5" /> 
    <line visibility="public" num="10" count="1" type="method" featureClass="Base.GPL.EdgeIter" featureLineNum="6" /> 
    <line num="10" count="1" type="stmt" featureClass="Base.GPL.EdgeIter" featureLineNum="6" /> 
   </file> 
   <file path="GPL/Neighbor.java" name="GPL.Neighbor">   
    <line visibility="public" num="17" count="32" type="method" featureClass="UndirectedWithEdges.GPL.Neighbor" featureLineNum="12" /> 
    <line num="19" count="32" type="stmt" featureClass="UndirectedWithEdges.GPL.Neighbor" featureLineNum="14" /> 
    <line num="20" count="32" type="stmt" featureClass="UndirectedWithEdges.GPL.Neighbor" featureLineNum="15" /> 
    <line visibility="public" num="26" count="12" type="method" featureClass="UndirectedWithEdges.GPL.Neighbor" featureLineNum="18" /> 
    <line num="28" count="12" type="stmt" featureClass="UndirectedWithEdges.GPL.Neighbor" featureLineNum="20" /> 
    <line num="29" count="12" type="stmt" featureClass="UndirectedWithEdges.GPL.Neighbor" featureLineNum="21" /> 
   </file> 
   <file path="GPL/Vertex.java" name="GPL.Vertex">   
    <line visibility="public" num="19" count="58" type="method" featureClass="UndirectedWithEdges.GPL.Vertex" featureLineNum="13" /> 
    <line num="21" count="58" type="stmt" featureClass="UndirectedWithEdges.GPL.Vertex" featureLineNum="15" /> 
    <line visibility="private" num="27" count="58" type="method" featureClass="UndirectedWithEdges.GPL.Vertex" featureLineNum="18" /> 
    <line num="29" count="58" type="stmt" featureClass="UndirectedWithEdges.GPL.Vertex" featureLineNum="20" /> 
    <line num="30" count="58" type="stmt" featureClass="UndirectedWithEdges.GPL.Vertex" featureLineNum="21" /> 
    <line visibility="public" num="36" count="58" type="method" featureClass="BFS.GPL.Vertex" featureLineNum="11" /> 
    <line num="38" count="58" type="stmt" featureClass="BFS.GPL.Vertex" featureLineNum="13" /> 
    <line num="39" count="58" type="stmt" featureClass="BFS.GPL.Vertex" featureLineNum="14" /> 
    <line visibility="public" num="45" count="5" type="method" featureClass="UndirectedWithEdges.GPL.Vertex" featureLineNum="24" /> 
    <line num="47" count="5" type="stmt" featureClass="UndirectedWithEdges.GPL.Vertex" featureLineNum="26" /> 
    <line num="48" count="5" type="stmt" featureClass="UndirectedWithEdges.GPL.Vertex" featureLineNum="27" /> 
    <line visibility="public" num="54" count="15" type="method" featureClass="UndirectedWithEdges.GPL.Vertex" featureLineNum="30" /> 
    <line num="56" count="15" type="stmt" featureClass="UndirectedWithEdges.GPL.Vertex" featureLineNum="32" /> 
    <line visibility="public" num="62" count="3" type="method" featureClass="UndirectedWithEdges.GPL.Vertex" featureLineNum="35" /> 
    <line num="64" count="3" type="stmt" featureClass="UndirectedWithEdges.GPL.Vertex" featureLineNum="37" /> 
    <line visibility="public" num="71" count="21" type="method" featureClass="UndirectedWithEdges.GPL.Vertex" featureLineNum="41" /> 
    <line num="73" count="21" type="stmt" featureClass="UndirectedWithEdges.GPL.Vertex" featureLineNum="43" /> 
    <line visibility="public" num="76" count="13" type="method" featureClass="UndirectedWithEdges.GPL.Vertex" featureLineNum="46" /> 
    <line num="78" count="13" type="stmt" featureClass="UndirectedWithEdges.GPL.Vertex" featureLineNum="48" /> 
    <line visibility="public" num="80" count="18" type="method" featureClass="UndirectedWithEdges.GPL.Vertex" featureLineNum="50" /> 
    <line num="82" count="18" type="stmt" featureClass="UndirectedWithEdges.GPL.Vertex" featureLineNum="52" /> 
    <line visibility="private" num="90" count="8" type="method" featureClass="UndirectedWithEdges.GPL.Vertex" featureLineNum="57" /> 
    <line num="92" count="8" type="stmt" featureClass="UndirectedWithEdges.GPL.Vertex" featureLineNum="59" /> 
    <line num="94" count="8" type="stmt" featureClass="UndirectedWithEdges.GPL.Vertex" featureLineNum="61" />  
    <line num="96" count="6" type="stmt" featureClass="UndirectedWithEdges.GPL.Vertex" featureLineNum="63" /> 
    <line num="99" count="4" type="stmt" featureClass="UndirectedWithEdges.GPL.Vertex" featureLineNum="66" /> 
    <line visibility="private" num="105" count="8" type="method" featureClass="Connected.GPL.Vertex" featureLineNum="9" /> 
    <line num="107" count="8" type="stmt" featureClass="Connected.GPL.Vertex" featureLineNum="11" /> 
    <line num="108" count="8" type="stmt" featureClass="Connected.GPL.Vertex" featureLineNum="12" /> 
    <line visibility="public" num="114" count="8" type="method" featureClass="BFS.GPL.Vertex" featureLineNum="69" /> 
    <line num="116" count="8" type="stmt" featureClass="BFS.GPL.Vertex" featureLineNum="71" />  
    <line num="117" count="2" type="stmt" featureClass="BFS.GPL.Vertex" featureLineNum="72" /> 
    <line num="119" count="6" type="stmt" featureClass="BFS.GPL.Vertex" featureLineNum="74" /> 
    <line num="120" count="8" type="stmt" featureClass="BFS.GPL.Vertex" featureLineNum="75" /> 
    <line visibility="public" num="129" count="17" type="method" featureClass="UndirectedWithEdges.GPL.Vertex" featureLineNum="72" /> 
    <line num="131" count="17" type="stmt" featureClass="UndirectedWithEdges.GPL.Vertex" featureLineNum="74" /> 
    <line visibility="public" num="137" count="8" type="method" featureClass="UndirectedWithEdges.GPL.Vertex" featureLineNum="77" /> 
    <line num="139" count="8" type="stmt" featureClass="UndirectedWithEdges.GPL.Vertex" featureLineNum="79" /> 
    <line visibility="public" num="142" count="6" type="method" featureClass="UndirectedWithEdges.GPL.Vertex" featureLineNum="82" /> 
    <line num="144" count="6" type="stmt" featureClass="UndirectedWithEdges.GPL.Vertex" featureLineNum="84" /> 
    <line visibility="public" num="146" count="6" type="method" featureClass="UndirectedWithEdges.GPL.Vertex" featureLineNum="86" /> 
    <line num="148" count="6" type="stmt" featureClass="UndirectedWithEdges.GPL.Vertex" featureLineNum="88" /> 
    <line visibility="public" num="162" count="9" type="method" featureClass="BFS.GPL.Vertex" featureLineNum="17" /> 
    <line num="164" count="9" type="stmt" featureClass="BFS.GPL.Vertex" featureLineNum="19" /> 
    <line num="165" count="9" type="stmt" featureClass="BFS.GPL.Vertex" featureLineNum="20" /> 
    <line visibility="public" num="171" count="13" type="method" featureClass="BFS.GPL.Vertex" featureLineNum="23" /> 
    <line num="173" count="13" type="stmt" featureClass="BFS.GPL.Vertex" featureLineNum="25" /> 
    <line num="174" count="13" type="stmt" featureClass="BFS.GPL.Vertex" featureLineNum="26" /> 
    <line num="175" count="13" type="stmt" featureClass="BFS.GPL.Vertex" featureLineNum="27" /> 
    <line num="179" count="13" type="stmt" featureClass="BFS.GPL.Vertex" featureLineNum="31" /> 
    <line num="181" count="13" type="stmt" featureClass="BFS.GPL.Vertex" featureLineNum="33" />  
    <line num="183" count="1" type="stmt" featureClass="BFS.GPL.Vertex" featureLineNum="35" /> 
    <line num="189" count="13" type="stmt" featureClass="BFS.GPL.Vertex" featureLineNum="41" /> 
    <line num="193" count="13" type="stmt" featureClass="BFS.GPL.Vertex" featureLineNum="45" /> 
    <line num="196" count="13" type="stmt" featureClass="BFS.GPL.Vertex" featureLineNum="48" />  
    <line num="198" count="8" type="stmt" featureClass="BFS.GPL.Vertex" featureLineNum="50" /> 
    <line num="201" count="4" type="stmt" featureClass="BFS.GPL.Vertex" featureLineNum="53" />  
    <line num="203" count="3" type="stmt" featureClass="BFS.GPL.Vertex" featureLineNum="55" /> 
    <line num="209" count="7" type="stmt" featureClass="BFS.GPL.Vertex" featureLineNum="61" />  
    <line num="211" count="3" type="stmt" featureClass="BFS.GPL.Vertex" featureLineNum="63" /> 
    <line num="212" count="2" type="stmt" featureClass="BFS.GPL.Vertex" featureLineNum="64" /> 
    <line num="213" count="2" type="stmt" featureClass="BFS.GPL.Vertex" featureLineNum="65" /> 
   </file> 
   <file path="GPL/WorkSpace.java" name="GPL.WorkSpace">   
    <line visibility="public" num="10" count="5" type="method" featureClass="BFS.GPL.WorkSpace" featureLineNum="9" /> 
    <line visibility="public" num="14" count="14" type="method" featureClass="BFS.GPL.WorkSpace" featureLineNum="10" /> 
    <line visibility="public" num="18" count="10" type="method" featureClass="BFS.GPL.WorkSpace" featureLineNum="11" /> 
    <line visibility="public" num="22" count="4" type="method" featureClass="BFS.GPL.WorkSpace" featureLineNum="12" /> 
    <line visibility="public" num="26" count="1" type="method" featureClass="BFS.GPL.WorkSpace" featureLineNum="13" /> 
   </file> 
   <file path="GPL/RegionWorkSpace.java" name="GPL.RegionWorkSpace">   
    <line visibility="public" num="12" count="10" type="method" featureClass="Connected.GPL.RegionWorkSpace" featureLineNum="9" /> 
    <line num="14" count="10" type="stmt" featureClass="Connected.GPL.RegionWorkSpace" featureLineNum="11" /> 
    <line visibility="public" num="20" count="6" type="method" featureClass="Connected.GPL.RegionWorkSpace" featureLineNum="14" /> 
    <line num="22" count="6" type="stmt" featureClass="Connected.GPL.RegionWorkSpace" featureLineNum="16" /> 
    <line visibility="public" num="28" count="6" type="method" featureClass="Connected.GPL.RegionWorkSpace" featureLineNum="19" /> 
    <line num="30" count="6" type="stmt" featureClass="Connected.GPL.RegionWorkSpace" featureLineNum="21" /> 
    <line visibility="public" num="36" count="5" type="method" featureClass="Connected.GPL.RegionWorkSpace" featureLineNum="24" /> 
    <line num="38" count="0" type="stmt" featureClass="Connected.GPL.RegionWorkSpace" featureLineNum="26" /> 
   </file>  
  </package> 
 </project> 
 <testproject timestamp="1589173627600">  
 </testproject> 
</coverage>