<?xml version="1.0" encoding="UTF-8"?>
<coverage generated="1588633320560" clover="4.4.1"> 
 <project timestamp="1588633320457">  
  <package name="default-pkg">   
  </package> 
  <package name="ElevatorSystem">  
   <file path="ElevatorSystem/Environment.java" name="ElevatorSystem.Environment">   
    <line visibility="public" signature="Environment(int)" num="28" count="4" type="method" featureClass="Base.ElevatorSystem.Environment" featureLineNum="21" /> 
    <line num="31" count="4" type="stmt" featureClass="Base.ElevatorSystem.Environment" featureLineNum="24" /> 
    <line num="32" count="4" type="stmt" featureClass="Base.ElevatorSystem.Environment" featureLineNum="25" />  
    <line num="33" count="4" type="stmt" featureClass="Base.ElevatorSystem.Environment" featureLineNum="26" /> 
    <line num="36" count="4" type="stmt" featureClass="Base.ElevatorSystem.Environment" /> 
    <line num="37" count="4" type="stmt" />  
    <line num="38" count="4" type="stmt" /> 
    <line visibility="public" signature="getFloor(int) : Floor" num="45" count="4" type="method" featureClass="Empty.ElevatorSystem.Environment" featureLineNum="19" /> 
    <line num="46" count="4" type="stmt" featureClass="Empty.ElevatorSystem.Environment" featureLineNum="20" /> 
    <line visibility="public" signature="getFloors() : Floor[]" num="51" count="2" type="method" featureClass="Empty.ElevatorSystem.Environment" featureLineNum="22" /> 
    <line num="52" count="2" type="stmt" featureClass="Empty.ElevatorSystem.Environment" featureLineNum="23" /> 
    <line visibility="public" signature="isTopFloor(int) : boolean" num="57" count="1" type="method" featureClass="Empty.ElevatorSystem.Environment" featureLineNum="25" /> 
    <line num="58" count="1" type="stmt" featureClass="Empty.ElevatorSystem.Environment" featureLineNum="26" /> 
   </file> 
   <file path="ElevatorSystem/Floor.java" name="ElevatorSystem.Floor">   
    <line visibility="public" signature="Floor(Environment,int)" num="26" count="4" type="method" featureClass="Base.ElevatorSystem.Floor" featureLineNum="16" /> 
    <line num="27" count="4" type="stmt" featureClass="Base.ElevatorSystem.Floor" featureLineNum="17" /> 
    <line num="28" count="4" type="stmt" featureClass="Base.ElevatorSystem.Floor" featureLineNum="18" /> 
    <line visibility="public" signature="getFloorID() : int" num="34" count="0" type="method" featureClass="Base.ElevatorSystem.Floor" featureLineNum="21" /> 
    <line num="35" count="0" type="stmt" featureClass="Base.ElevatorSystem.Floor" featureLineNum="22" /> 
    <line visibility="public" signature="callElevator() : void" num="44" count="4" type="method" featureClass="Base.ElevatorSystem.Floor" featureLineNum="28" /> 
    <line num="46" count="4" type="stmt" featureClass="Base.ElevatorSystem.Floor" featureLineNum="30" /> 
    <line visibility="public" signature="reset() : void" num="52" count="2" type="method" featureClass="Base.ElevatorSystem.Floor" featureLineNum="33" /> 
    <line num="53" count="2" type="stmt" featureClass="Base.ElevatorSystem.Floor" featureLineNum="34" /> 
    <line visibility="public" signature="hasCall() : boolean" num="59" count="3" type="method" featureClass="Base.ElevatorSystem.Floor" featureLineNum="37" /> 
    <line num="60" count="3" type="stmt" featureClass="Base.ElevatorSystem.Floor" featureLineNum="38" /> 
    <line visibility="public" signature="processWaitingPersons(Elevator) : void" num="66" count="3" type="method" featureClass="Base.ElevatorSystem.Floor" featureLineNum="41" /> 
    <line num="67" count="3" type="stmt" featureClass="Base.ElevatorSystem.Floor" featureLineNum="42" /> 
    <line num="68" count="3" type="stmt" featureClass="Base.ElevatorSystem.Floor" featureLineNum="43" /> 
    <line num="70" count="2" type="stmt" featureClass="Base.ElevatorSystem.Floor" featureLineNum="45" /> 
    <line num="71" count="2" type="stmt" featureClass="Base.ElevatorSystem.Floor" featureLineNum="46" /> 
    <line visibility="public" signature="addWaitingPerson(Person) : void" num="77" count="4" type="method" featureClass="Base.ElevatorSystem.Floor" featureLineNum="49" /> 
    <line num="78" count="4" type="stmt" featureClass="Base.ElevatorSystem.Floor" featureLineNum="50" /> 
    <line num="79" count="4" type="stmt" featureClass="Base.ElevatorSystem.Floor" featureLineNum="51" /> 
   </file> 
   <file path="ElevatorSystem/Person.java" name="ElevatorSystem.Person">   
    <line visibility="public" signature="getWeight() : int" num="27" count="4" type="method" featureClass="Base.ElevatorSystem.Person" featureLineNum="15" /> 
    <line num="28" count="4" type="stmt" featureClass="Base.ElevatorSystem.Person" featureLineNum="16" /> 
    <line visibility="public" signature="Person(String,int,int,int,Environment)" num="34" count="4" type="method" featureClass="Base.ElevatorSystem.Person" featureLineNum="19" /> 
    <line num="35" count="4" type="stmt" featureClass="Base.ElevatorSystem.Person" featureLineNum="20" /> 
    <line num="36" count="4" type="stmt" featureClass="Base.ElevatorSystem.Person" featureLineNum="21" /> 
    <line num="37" count="4" type="stmt" featureClass="Base.ElevatorSystem.Person" featureLineNum="22" /> 
    <line num="38" count="4" type="stmt" featureClass="Base.ElevatorSystem.Person" featureLineNum="23" /> 
    <line num="39" count="4" type="stmt" featureClass="Base.ElevatorSystem.Person" featureLineNum="24" /> 
    <line num="40" count="4" type="stmt" featureClass="Base.ElevatorSystem.Person" featureLineNum="25" /> 
    <line visibility="public" signature="getName() : String" num="46" count="1" type="method" featureClass="Base.ElevatorSystem.Person" featureLineNum="28" /> 
    <line num="47" count="1" type="stmt" featureClass="Base.ElevatorSystem.Person" featureLineNum="29" /> 
    <line visibility="public" signature="getOrigin() : int" num="52" count="0" type="method" featureClass="Base.ElevatorSystem.Person" featureLineNum="31" /> 
    <line num="53" count="0" type="stmt" featureClass="Base.ElevatorSystem.Person" featureLineNum="32" /> 
    <line visibility="public" signature="getDestination() : int" num="59" count="1" type="method" featureClass="Base.ElevatorSystem.Person" featureLineNum="35" /> 
    <line num="60" count="1" type="stmt" featureClass="Base.ElevatorSystem.Person" featureLineNum="36" /> 
    <line visibility="public" signature="leaveElevator() : void" num="66" count="0" type="method" featureClass="Base.ElevatorSystem.Person" featureLineNum="39" /> 
    <line num="67" count="0" type="stmt" featureClass="Base.ElevatorSystem.Person" featureLineNum="40" /> 
    <line visibility="public" signature="isDestinationReached() : boolean" num="73" count="0" type="method" featureClass="Base.ElevatorSystem.Person" featureLineNum="43" /> 
    <line num="74" count="0" type="stmt" featureClass="Base.ElevatorSystem.Person" featureLineNum="44" /> 
    <line visibility="public" signature="enterElevator(Elevator) : void" num="80" count="4" type="method" featureClass="Base.ElevatorSystem.Person" featureLineNum="47" /> 
    <line num="82" count="4" type="stmt" featureClass="Base.ElevatorSystem.Person" featureLineNum="49" /> 
   </file> 
   <file path="ElevatorSystem/Elevator.java" name="ElevatorSystem.Elevator">     
    <line visibility="public" signature="reverse() : Direction" num="23" count="0" type="method" /> 
    <line num="23" count="0" type="stmt" /> 
    <line visibility="public" signature="reverse() : Direction" num="26" count="0" type="method" /> 
    <line num="26" count="0" type="stmt" /> 
    <line visibility="public" signature="Elevator(Environment,boolean)" num="55" count="2" type="method" featureClass="Base.ElevatorSystem.Elevator" featureLineNum="33" /> 
    <line num="56" count="2" type="stmt" featureClass="Base.ElevatorSystem.Elevator" featureLineNum="34" /> 
    <line num="57" count="2" type="stmt" featureClass="Base.ElevatorSystem.Elevator" featureLineNum="35" /> 
    <line num="58" count="2" type="stmt" featureClass="Base.ElevatorSystem.Elevator" featureLineNum="36" /> 
    <line num="59" count="2" type="stmt" featureClass="Base.ElevatorSystem.Elevator" featureLineNum="37" /> 
    <line num="60" count="2" type="stmt" featureClass="Base.ElevatorSystem.Elevator" featureLineNum="38" /> 
    <line num="61" count="2" type="stmt" featureClass="Base.ElevatorSystem.Elevator" featureLineNum="39" /> 
    <line visibility="public" signature="Elevator(Environment,boolean,int,boolean)" num="66" count="2" type="method" featureClass="Base.ElevatorSystem.Elevator" featureLineNum="41" /> 
    <line num="67" count="2" type="stmt" featureClass="Base.ElevatorSystem.Elevator" featureLineNum="42" /> 
    <line num="68" count="2" type="stmt" featureClass="Base.ElevatorSystem.Elevator" featureLineNum="43" />  
    <line num="69" count="2" type="stmt" featureClass="Base.ElevatorSystem.Elevator" featureLineNum="44" /> 
    <line num="70" count="2" type="stmt" featureClass="Base.ElevatorSystem.Elevator" featureLineNum="45" /> 
    <line num="71" count="2" type="stmt" featureClass="Base.ElevatorSystem.Elevator" featureLineNum="46" /> 
    <line num="72" count="2" type="stmt" featureClass="Base.ElevatorSystem.Elevator" featureLineNum="47" /> 
    <line visibility="public" signature="isBlocked() : boolean" num="78" count="0" type="method" featureClass="Base.ElevatorSystem.Elevator" featureLineNum="50" /> 
    <line num="79" count="0" type="stmt" featureClass="Base.ElevatorSystem.Elevator" featureLineNum="51" /> 
    <line visibility="private" signature="enterElevator__wrappee__Base(Person) : void" num="85" count="4" type="method" featureClass="Base.ElevatorSystem.Elevator" featureLineNum="54" /> 
    <line num="86" count="4" type="stmt" featureClass="Base.ElevatorSystem.Elevator" featureLineNum="55" /> 
    <line num="87" count="4" type="stmt" featureClass="Base.ElevatorSystem.Elevator" featureLineNum="56" /> 
    <line num="88" count="4" type="stmt" featureClass="Base.ElevatorSystem.Elevator" featureLineNum="57" /> 
    <line num="88" count="1" type="stmt" featureClass="Base.ElevatorSystem.Elevator" featureLineNum="57" />  
    <line visibility="public" signature="enterElevator(Person) : void" num="94" count="4" type="method" featureClass="Weight.ElevatorSystem.Elevator" featureLineNum="29" /> 
    <line num="96" count="4" type="stmt" featureClass="Weight.ElevatorSystem.Elevator" featureLineNum="31" /> 
    <line num="97" count="4" type="stmt" featureClass="Weight.ElevatorSystem.Elevator" featureLineNum="32" /> 
    <line visibility="private" signature="leaveElevator__wrappee__Base(Person) : boolean" num="103" count="0" type="method" featureClass="Base.ElevatorSystem.Elevator" featureLineNum="60" /> 
    <line num="104" count="0" type="stmt" featureClass="Base.ElevatorSystem.Elevator" featureLineNum="61" />  
    <line num="105" count="0" type="stmt" featureClass="Base.ElevatorSystem.Elevator" featureLineNum="62" /> 
    <line num="106" count="0" type="stmt" featureClass="Base.ElevatorSystem.Elevator" featureLineNum="63" /> 
    <line num="107" count="0" type="stmt" featureClass="Base.ElevatorSystem.Elevator" featureLineNum="64" /> 
    <line num="107" count="0" type="stmt" featureClass="Base.ElevatorSystem.Elevator" featureLineNum="64" />  
    <line num="108" count="0" type="stmt" featureClass="Base.ElevatorSystem.Elevator" featureLineNum="65" /> 
    <line num="109" count="0" type="stmt" featureClass="Base.ElevatorSystem.Elevator" featureLineNum="66" /> 
    <line visibility="private" signature="leaveElevator__wrappee__Weight(Person) : boolean" num="115" count="0" type="method" featureClass="Weight.ElevatorSystem.Elevator" featureLineNum="19" /> 
    <line num="117" count="0" type="stmt" featureClass="Weight.ElevatorSystem.Elevator" featureLineNum="21" />  
    <line num="118" count="0" type="stmt" featureClass="Weight.ElevatorSystem.Elevator" featureLineNum="22" /> 
    <line num="119" count="0" type="stmt" featureClass="Weight.ElevatorSystem.Elevator" featureLineNum="23" /> 
    <line num="121" count="0" type="stmt" featureClass="Weight.ElevatorSystem.Elevator" featureLineNum="25" /> 
    <line visibility="public" signature="leaveElevator(Person) : boolean" num="127" count="0" type="method" featureClass="Empty.ElevatorSystem.Elevator" featureLineNum="8" /> 
    <line num="128" count="0" type="stmt" featureClass="Empty.ElevatorSystem.Elevator" featureLineNum="9" />  
    <line num="129" count="0" type="stmt" featureClass="Empty.ElevatorSystem.Elevator" featureLineNum="10" />  
    <line num="130" count="0" type="stmt" featureClass="Empty.ElevatorSystem.Elevator" featureLineNum="11" /> 
    <line num="131" count="0" type="stmt" featureClass="Empty.ElevatorSystem.Elevator" featureLineNum="12" /> 
    <line num="132" count="0" type="stmt" featureClass="Empty.ElevatorSystem.Elevator" featureLineNum="13" /> 
    <line visibility="private" signature="pressInLiftFloorButton__wrappee__Base(int) : void" num="145" count="4" type="method" featureClass="Base.ElevatorSystem.Elevator" featureLineNum="76" /> 
    <line num="147" count="4" type="stmt" featureClass="Base.ElevatorSystem.Elevator" featureLineNum="78" /> 
    <line visibility="public" signature="pressInLiftFloorButton(int) : void" num="157" count="4" type="method" featureClass="Empty.ElevatorSystem.Elevator" featureLineNum="34" /> 
    <line num="159" count="4" type="stmt" featureClass="Empty.ElevatorSystem.Elevator" featureLineNum="36" /> 
    <line visibility="private" signature="resetFloorButton(int) : void" num="164" count="2" type="method" featureClass="Base.ElevatorSystem.Elevator" featureLineNum="80" /> 
    <line num="165" count="2" type="stmt" featureClass="Base.ElevatorSystem.Elevator" featureLineNum="81" /> 
    <line visibility="public" signature="getCurrentFloorID() : int" num="170" count="1" type="method" featureClass="Base.ElevatorSystem.Elevator" featureLineNum="83" /> 
    <line num="171" count="1" type="stmt" featureClass="Base.ElevatorSystem.Elevator" featureLineNum="84" /> 
    <line visibility="public" signature="areDoorsOpen() : boolean" num="177" count="0" type="method" featureClass="Base.ElevatorSystem.Elevator" featureLineNum="87" /> 
    <line num="178" count="0" type="stmt" featureClass="Base.ElevatorSystem.Elevator" featureLineNum="88" /> 
    <line visibility="private" signature="timeShift__wrappee__Base() : void" num="193" count="3" type="method" featureClass="Base.ElevatorSystem.Elevator" featureLineNum="100" /> 
    <line num="196" count="3" type="stmt" featureClass="Base.ElevatorSystem.Elevator" featureLineNum="103" />  
    <line num="198" count="3" type="stmt" featureClass="Base.ElevatorSystem.Elevator" featureLineNum="105" /> 
    <line num="200" count="3" type="stmt" featureClass="Base.ElevatorSystem.Elevator" featureLineNum="107" /> 
    <line num="201" count="0" type="stmt" featureClass="Base.ElevatorSystem.Elevator" featureLineNum="108" />  
    <line num="202" count="0" type="stmt" featureClass="Base.ElevatorSystem.Elevator" featureLineNum="109" /> 
    <line num="205" count="3" type="stmt" featureClass="Base.ElevatorSystem.Elevator" featureLineNum="112" /> 
    <line num="206" count="2" type="stmt" featureClass="Base.ElevatorSystem.Elevator" featureLineNum="113" /> 
    <line num="208" count="2" type="stmt" featureClass="Base.ElevatorSystem.Elevator" featureLineNum="115" />  
    <line num="209" count="2" type="stmt" featureClass="Base.ElevatorSystem.Elevator" featureLineNum="116" /> 
    <line num="212" count="2" type="stmt" featureClass="Base.ElevatorSystem.Elevator" featureLineNum="119" />  
    <line num="215" count="0" type="stmt" featureClass="Base.ElevatorSystem.Elevator" featureLineNum="122" /> 
    <line num="216" count="0" type="stmt" featureClass="Base.ElevatorSystem.Elevator" featureLineNum="123" />  
    <line num="219" count="0" type="stmt" featureClass="Base.ElevatorSystem.Elevator" featureLineNum="126" /> 
    <line num="223" count="0" type="stmt" featureClass="Base.ElevatorSystem.Elevator" featureLineNum="130" /> 
    <line visibility="public" signature="timeShift() : void" num="241" count="3" type="method" featureClass="Empty.ElevatorSystem.Elevator" featureLineNum="25" /> 
    <line num="242" count="3" type="stmt" featureClass="Empty.ElevatorSystem.Elevator" featureLineNum="26" /> 
    <line visibility="private" signature="stopRequestedAtCurrentFloor__wrappee__Base() : boolean" num="249" count="3" type="method" featureClass="Base.ElevatorSystem.Elevator" featureLineNum="136" /> 
    <line num="250" count="3" type="stmt" featureClass="Base.ElevatorSystem.Elevator" featureLineNum="137" /> 
    <line visibility="private" signature="stopRequestedAtCurrentFloor() : boolean" num="257" count="3" type="method" featureClass="TwoThirdsFull.ElevatorSystem.Elevator" featureLineNum="9" /> 
    <line num="258" count="3" type="stmt" featureClass="TwoThirdsFull.ElevatorSystem.Elevator" featureLineNum="10" />  
    <line num="259" count="0" type="stmt" featureClass="TwoThirdsFull.ElevatorSystem.Elevator" featureLineNum="11" /> 
    <line num="260" count="3" type="stmt" featureClass="TwoThirdsFull.ElevatorSystem.Elevator" featureLineNum="12" /> 
    <line visibility="private" signature="continueInDirection__wrappee__Base(Direction) : void" num="266" count="0" type="method" featureClass="Base.ElevatorSystem.Elevator" featureLineNum="141" /> 
    <line num="267" count="0" type="stmt" featureClass="Base.ElevatorSystem.Elevator" featureLineNum="142" /> 
    <line num="268" count="0" type="stmt" featureClass="Base.ElevatorSystem.Elevator" featureLineNum="143" />  
    <line num="269" count="0" type="stmt" featureClass="Base.ElevatorSystem.Elevator" featureLineNum="144" />  
    <line num="271" count="0" type="stmt" featureClass="Base.ElevatorSystem.Elevator" featureLineNum="146" /> 
    <line num="274" count="0" type="stmt" featureClass="Base.ElevatorSystem.Elevator" featureLineNum="149" />  
    <line num="276" count="0" type="stmt" featureClass="Base.ElevatorSystem.Elevator" featureLineNum="151" /> 
    <line num="279" count="0" type="stmt" featureClass="Base.ElevatorSystem.Elevator" featureLineNum="154" />  
    <line num="280" count="0" type="stmt" featureClass="Base.ElevatorSystem.Elevator" featureLineNum="155" /> 
    <line num="282" count="0" type="stmt" featureClass="Base.ElevatorSystem.Elevator" featureLineNum="157" /> 
    <line visibility="private" signature="continueInDirection(Direction) : void" num="304" count="0" type="method" featureClass="TwoThirdsFull.ElevatorSystem.Elevator" featureLineNum="37" /> 
    <line num="305" count="0" type="stmt" featureClass="TwoThirdsFull.ElevatorSystem.Elevator" featureLineNum="38" /> 
    <line visibility="private" signature="isAnyLiftButtonPressed() : boolean" num="312" count="0" type="method" featureClass="Base.ElevatorSystem.Elevator" featureLineNum="162" /> 
    <line num="313" count="0" type="stmt" featureClass="Base.ElevatorSystem.Elevator" featureLineNum="163" />  
    <line num="314" count="0" type="stmt" featureClass="Base.ElevatorSystem.Elevator" featureLineNum="164" /> 
    <line num="314" count="0" type="stmt" featureClass="Base.ElevatorSystem.Elevator" featureLineNum="164" />  
    <line num="316" count="0" type="stmt" featureClass="Base.ElevatorSystem.Elevator" featureLineNum="166" /> 
    <line visibility="private" signature="stopRequestedInDirection__wrappee__Base(Direction,boolean,boolean) : boolean" num="322" count="2" type="method" featureClass="Base.ElevatorSystem.Elevator" featureLineNum="169" /> 
    <line num="323" count="2" type="stmt" featureClass="Base.ElevatorSystem.Elevator" featureLineNum="170" /> 
    <line num="324" count="2" type="stmt" featureClass="Base.ElevatorSystem.Elevator" featureLineNum="171" />  
    <line num="325" count="1" type="stmt" featureClass="Base.ElevatorSystem.Elevator" featureLineNum="172" /> 
    <line num="325" count="0" type="stmt" featureClass="Base.ElevatorSystem.Elevator" featureLineNum="172" />  
    <line num="326" count="1" type="stmt" featureClass="Base.ElevatorSystem.Elevator" featureLineNum="173" />  
    <line num="327" count="1" type="stmt" featureClass="Base.ElevatorSystem.Elevator" featureLineNum="174" /> 
    <line num="327" count="0" type="stmt" featureClass="Base.ElevatorSystem.Elevator" featureLineNum="174" />  
    <line num="328" count="0" type="stmt" featureClass="Base.ElevatorSystem.Elevator" featureLineNum="175" /> 
    <line num="328" count="0" type="stmt" featureClass="Base.ElevatorSystem.Elevator" featureLineNum="175" />  
    <line num="330" count="0" type="stmt" featureClass="Base.ElevatorSystem.Elevator" featureLineNum="177" /> 
    <line num="332" count="1" type="stmt" featureClass="Base.ElevatorSystem.Elevator" featureLineNum="179" /> 
    <line num="332" count="0" type="stmt" featureClass="Base.ElevatorSystem.Elevator" featureLineNum="179" />  
    <line num="333" count="1" type="stmt" featureClass="Base.ElevatorSystem.Elevator" featureLineNum="180" />  
    <line num="334" count="1" type="stmt" featureClass="Base.ElevatorSystem.Elevator" featureLineNum="181" /> 
    <line num="334" count="0" type="stmt" featureClass="Base.ElevatorSystem.Elevator" featureLineNum="181" />  
    <line num="335" count="0" type="stmt" featureClass="Base.ElevatorSystem.Elevator" featureLineNum="182" /> 
    <line num="335" count="0" type="stmt" featureClass="Base.ElevatorSystem.Elevator" featureLineNum="182" />  
    <line num="337" count="0" type="stmt" featureClass="Base.ElevatorSystem.Elevator" featureLineNum="184" /> 
    <line visibility="private" signature="stopRequestedInDirection(Direction,boolean,boolean) : boolean" num="344" count="2" type="method" featureClass="TwoThirdsFull.ElevatorSystem.Elevator" featureLineNum="15" /> 
    <line num="345" count="2" type="stmt" featureClass="TwoThirdsFull.ElevatorSystem.Elevator" featureLineNum="16" />  
    <line num="346" count="0" type="stmt" featureClass="TwoThirdsFull.ElevatorSystem.Elevator" featureLineNum="17" /> 
    <line num="346" count="0" type="stmt" featureClass="TwoThirdsFull.ElevatorSystem.Elevator" featureLineNum="17" />  
    <line num="347" count="0" type="stmt" featureClass="TwoThirdsFull.ElevatorSystem.Elevator" featureLineNum="18" /> 
    <line num="348" count="2" type="stmt" featureClass="TwoThirdsFull.ElevatorSystem.Elevator" featureLineNum="19" /> 
    <line visibility="private" signature="anyStopRequested() : boolean" num="353" count="0" type="method" featureClass="Base.ElevatorSystem.Elevator" featureLineNum="187" /> 
    <line num="354" count="0" type="stmt" featureClass="Base.ElevatorSystem.Elevator" featureLineNum="188" /> 
    <line num="355" count="0" type="stmt" featureClass="Base.ElevatorSystem.Elevator" featureLineNum="189" />  
    <line num="356" count="0" type="stmt" featureClass="Base.ElevatorSystem.Elevator" featureLineNum="190" /> 
    <line num="356" count="0" type="stmt" featureClass="Base.ElevatorSystem.Elevator" featureLineNum="190" />  
    <line num="357" count="0" type="stmt" featureClass="Base.ElevatorSystem.Elevator" featureLineNum="191" /> 
    <line num="357" count="0" type="stmt" featureClass="Base.ElevatorSystem.Elevator" featureLineNum="191" />  
    <line num="359" count="0" type="stmt" featureClass="Base.ElevatorSystem.Elevator" featureLineNum="193" /> 
    <line visibility="public" signature="buttonForFloorIsPressed(int) : boolean" num="365" count="0" type="method" featureClass="Base.ElevatorSystem.Elevator" featureLineNum="196" /> 
    <line num="366" count="0" type="stmt" featureClass="Base.ElevatorSystem.Elevator" featureLineNum="197" /> 
    <line visibility="public" signature="getCurrentDirection() : Direction" num="372" count="0" type="method" featureClass="Base.ElevatorSystem.Elevator" featureLineNum="200" /> 
    <line num="373" count="0" type="stmt" featureClass="Base.ElevatorSystem.Elevator" featureLineNum="201" /> 
    <line visibility="public" signature="getEnv() : Environment" num="378" count="0" type="method" featureClass="Base.ElevatorSystem.Elevator" featureLineNum="203" /> 
    <line num="379" count="0" type="stmt" featureClass="Base.ElevatorSystem.Elevator" featureLineNum="204" /> 
    <line visibility="public" signature="isEmpty() : boolean" num="384" count="0" type="method" featureClass="Base.ElevatorSystem.Elevator" featureLineNum="206" /> 
    <line num="385" count="0" type="stmt" featureClass="Base.ElevatorSystem.Elevator" featureLineNum="207" /> 
    <line visibility="public" signature="isIdle() : boolean" num="390" count="0" type="method" featureClass="Base.ElevatorSystem.Elevator" featureLineNum="209" /> 
    <line num="391" count="0" type="stmt" featureClass="Base.ElevatorSystem.Elevator" featureLineNum="210" /> 
    <line visibility="public" signature="toString() : String" num="397" count="0" type="method" featureClass="Base.ElevatorSystem.Elevator" featureLineNum="213" /> 
    <line num="399" count="0" type="stmt" featureClass="Base.ElevatorSystem.Elevator" featureLineNum="215" />  
    <line visibility="private" signature="existInLiftCallsInDirection(Direction) : boolean" num="413" count="0" type="method" featureClass="TwoThirdsFull.ElevatorSystem.Elevator" featureLineNum="41" /> 
    <line num="414" count="0" type="stmt" featureClass="TwoThirdsFull.ElevatorSystem.Elevator" featureLineNum="42" />  
    <line num="415" count="0" type="stmt" featureClass="TwoThirdsFull.ElevatorSystem.Elevator" featureLineNum="43" />  
    <line num="416" count="0" type="stmt" featureClass="TwoThirdsFull.ElevatorSystem.Elevator" featureLineNum="44" /> 
    <line num="416" count="0" type="stmt" featureClass="TwoThirdsFull.ElevatorSystem.Elevator" featureLineNum="44" />  
    <line num="417" count="0" type="stmt" featureClass="TwoThirdsFull.ElevatorSystem.Elevator" featureLineNum="45" />  
    <line num="418" count="0" type="stmt" featureClass="TwoThirdsFull.ElevatorSystem.Elevator" featureLineNum="46" />  
    <line num="419" count="0" type="stmt" featureClass="TwoThirdsFull.ElevatorSystem.Elevator" featureLineNum="47" /> 
    <line num="419" count="0" type="stmt" featureClass="TwoThirdsFull.ElevatorSystem.Elevator" featureLineNum="47" />  
    <line num="421" count="0" type="stmt" featureClass="TwoThirdsFull.ElevatorSystem.Elevator" featureLineNum="49" /> 
   </file> 
   <file path="ElevatorSystem/EvilPerson.java" name="ElevatorSystem.EvilPerson">   
    <line visibility="public" signature="EvilPerson(String,int,int,int,int[],Environment)" num="12" count="0" type="method" featureClass="Base.ElevatorSystem.EvilPerson" featureLineNum="8" /> 
    <line num="14" count="0" type="stmt" featureClass="Base.ElevatorSystem.EvilPerson" featureLineNum="10" /> 
    <line num="15" count="0" type="stmt" featureClass="Base.ElevatorSystem.EvilPerson" featureLineNum="11" /> 
    <line visibility="public" signature="enterElevator(Elevator) : void" num="21" count="0" type="method" featureClass="Base.ElevatorSystem.EvilPerson" featureLineNum="14" /> 
    <line num="23" count="0" type="stmt" featureClass="Base.ElevatorSystem.EvilPerson" featureLineNum="16" /> 
    <line num="24" count="0" type="stmt" featureClass="Base.ElevatorSystem.EvilPerson" featureLineNum="17" /> 
    <line num="25" count="0" type="stmt" featureClass="Base.ElevatorSystem.EvilPerson" featureLineNum="18" /> 
   </file> 
  </package> 
  <package name="TestSpecifications">  
   <file path="TestSpecifications/SpecificationException.java" name="TestSpecifications.SpecificationException">   
    <line visibility="public" signature="SpecificationException(String,String)" num="13" count="0" type="method" featureClass="Base.TestSpecifications.SpecificationException" featureLineNum="7" /> 
    <line num="14" count="0" type="stmt" featureClass="Base.TestSpecifications.SpecificationException" featureLineNum="8" /> 
    <line num="15" count="0" type="stmt" featureClass="Base.TestSpecifications.SpecificationException" featureLineNum="9" /> 
    <line visibility="public" signature="getSpecificationName() : String" num="21" count="0" type="method" featureClass="Base.TestSpecifications.SpecificationException" featureLineNum="12" /> 
    <line num="22" count="0" type="stmt" featureClass="Base.TestSpecifications.SpecificationException" featureLineNum="13" /> 
   </file> 
   <file path="TestSpecifications/SpecificationManager.java" name="TestSpecifications.SpecificationManager">   
    <line visibility="public" signature="setupSpecifications() : void" num="7" count="0" type="method" featureClass="Base.TestSpecifications.SpecificationManager" featureLineNum="5" /> 
    <line visibility="public" signature="checkSpecification(int) : boolean" num="20" count="0" type="method" featureClass="Base.TestSpecifications.SpecificationManager" featureLineNum="15" /> 
    <line num="21" count="0" type="stmt" featureClass="Base.TestSpecifications.SpecificationManager" featureLineNum="16" />  
    <line num="22" count="0" type="stmt" featureClass="Base.TestSpecifications.SpecificationManager" featureLineNum="17" /> 
    <line num="23" count="0" type="stmt" featureClass="Base.TestSpecifications.SpecificationManager" featureLineNum="18" />  
    <line num="24" count="0" type="stmt" featureClass="Base.TestSpecifications.SpecificationManager" featureLineNum="19" /> 
    <line num="26" count="0" type="stmt" featureClass="Base.TestSpecifications.SpecificationManager" featureLineNum="21" /> 
    <line visibility="public" signature="checkOnlySpecification(int) : void" num="36" count="0" type="method" featureClass="Base.TestSpecifications.SpecificationManager" featureLineNum="26" /> 
    <line num="37" count="0" type="stmt" featureClass="Base.TestSpecifications.SpecificationManager" featureLineNum="27" /> 
   </file> 
  </package> 
 </project> 
 <testproject timestamp="1588633320457">  
 </testproject> 
</coverage>