<?xml version="1.0" encoding="UTF-8"?>
<coverage generated="1586009149869" clover="4.4.1"> 
 <project timestamp="1586009149668">  
  <package name="GPL">  
   <file path="GPL/FinishTimeWorkSpace.java" name="GPL.FinishTimeWorkSpace">   
    <line visibility="public" signature="FinishTimeWorkSpace()" num="16" count="12" type="method" featureClass="StronglyConnected.GPL.FinishTimeWorkSpace" featureLineNum="12" /> 
    <line num="17" count="12" type="stmt" featureClass="StronglyConnected.GPL.FinishTimeWorkSpace" featureLineNum="13" /> 
    <line visibility="public" signature="preVisitAction(Vertex) : void" num="23" count="7" type="method" featureClass="StronglyConnected.GPL.FinishTimeWorkSpace" featureLineNum="16" /> 
    <line num="25" count="7" type="stmt" featureClass="StronglyConnected.GPL.FinishTimeWorkSpace" featureLineNum="18" />  
    <line num="26" count="5" type="stmt" featureClass="StronglyConnected.GPL.FinishTimeWorkSpace" featureLineNum="19" /> 
    <line visibility="public" signature="postVisitAction(Vertex) : void" num="32" count="5" type="method" featureClass="StronglyConnected.GPL.FinishTimeWorkSpace" featureLineNum="22" /> 
    <line num="33" count="5" type="stmt" featureClass="StronglyConnected.GPL.FinishTimeWorkSpace" featureLineNum="23" /> 
   </file> 
   <file path="GPL/Main.java" name="GPL.Main">   
    <line visibility="public" signature="main(String[]) : void" num="8" count="1" type="method" featureClass="TestProg.GPL.Main" featureLineNum="4" /> 
    <line num="10" count="1" type="stmt" featureClass="TestProg.GPL.Main" featureLineNum="6" /> 
    <line num="12" count="1" type="stmt" featureClass="TestProg.GPL.Main" featureLineNum="8" /> 
    <line num="13" count="1" type="stmt" featureClass="TestProg.GPL.Main" featureLineNum="9" />  
    <line num="14" count="1" type="stmt" featureClass="TestProg.GPL.Main" featureLineNum="10" /> 
    <line num="15" count="1" type="stmt" featureClass="TestProg.GPL.Main" featureLineNum="11" /> 
    <line num="16" count="1" type="stmt" featureClass="TestProg.GPL.Main" featureLineNum="12" /> 
    <line num="17" count="1" type="stmt" featureClass="TestProg.GPL.Main" featureLineNum="13" />  
    <line num="18" count="1" type="stmt" featureClass="TestProg.GPL.Main" featureLineNum="14" /> 
    <line num="20" count="1" type="stmt" featureClass="TestProg.GPL.Main" featureLineNum="16" /> 
    <line num="22" count="1" type="stmt" featureClass="TestProg.GPL.Main" featureLineNum="18" /> 
    <line num="23" count="1" type="stmt" featureClass="TestProg.GPL.Main" featureLineNum="19" /> 
   </file> 
   <file path="GPL/WorkSpace.java" name="GPL.WorkSpace">   
    <line visibility="public" signature="init_vertex(Vertex) : void" num="7" count="7" type="method" featureClass="DFS.GPL.WorkSpace" featureLineNum="6" /> 
    <line visibility="public" signature="preVisitAction(Vertex) : void" num="11" count="5" type="method" featureClass="DFS.GPL.WorkSpace" featureLineNum="7" /> 
    <line visibility="public" signature="postVisitAction(Vertex) : void" num="15" count="7" type="method" featureClass="DFS.GPL.WorkSpace" featureLineNum="8" /> 
    <line visibility="public" signature="nextRegionAction(Vertex) : void" num="19" count="6" type="method" featureClass="DFS.GPL.WorkSpace" featureLineNum="9" /> 
    <line visibility="public" signature="checkNeighborAction(Vertex,Vertex) : void" num="23" count="5" type="method" featureClass="DFS.GPL.WorkSpace" featureLineNum="10" /> 
   </file> 
   <file path="GPL/NumberWorkSpace.java" name="GPL.NumberWorkSpace">   
    <line visibility="public" signature="NumberWorkSpace()" num="12" count="9" type="method" featureClass="Number.GPL.NumberWorkSpace" featureLineNum="9" /> 
    <line num="14" count="9" type="stmt" featureClass="Number.GPL.NumberWorkSpace" featureLineNum="11" /> 
    <line visibility="public" signature="preVisitAction(Vertex) : void" num="20" count="6" type="method" featureClass="Number.GPL.NumberWorkSpace" featureLineNum="14" /> 
    <line num="23" count="6" type="stmt" featureClass="Number.GPL.NumberWorkSpace" featureLineNum="17" />  
    <line num="25" count="5" type="stmt" featureClass="Number.GPL.NumberWorkSpace" featureLineNum="19" /> 
   </file> 
   <file path="GPL/Vertex.java" name="GPL.Vertex">   
    <line visibility="public" signature="Vertex()" num="26" count="59" type="method" featureClass="DirectedOnlyVertices.GPL.Vertex" featureLineNum="14" /> 
    <line num="27" count="59" type="stmt" featureClass="DirectedOnlyVertices.GPL.Vertex" featureLineNum="15" /> 
    <line visibility="private" signature="VertexConstructor__wrappee__DirectedOnlyVertices() : void" num="33" count="59" type="method" featureClass="DirectedOnlyVertices.GPL.Vertex" featureLineNum="18" /> 
    <line num="34" count="59" type="stmt" featureClass="DirectedOnlyVertices.GPL.Vertex" featureLineNum="19" /> 
    <line num="35" count="59" type="stmt" featureClass="DirectedOnlyVertices.GPL.Vertex" featureLineNum="20" /> 
    <line visibility="private" signature="VertexConstructor__wrappee__DFS() : void" num="41" count="59" type="method" featureClass="DFS.GPL.Vertex" featureLineNum="9" /> 
    <line num="43" count="59" type="stmt" featureClass="DFS.GPL.Vertex" featureLineNum="11" /> 
    <line num="44" count="59" type="stmt" featureClass="DFS.GPL.Vertex" featureLineNum="12" /> 
    <line visibility="public" signature="VertexConstructor() : void" num="50" count="59" type="method" featureClass="WeightedOnlyVertices.GPL.Vertex" featureLineNum="14" /> 
    <line num="51" count="59" type="stmt" featureClass="WeightedOnlyVertices.GPL.Vertex" featureLineNum="15" /> 
    <line num="52" count="59" type="stmt" featureClass="WeightedOnlyVertices.GPL.Vertex" featureLineNum="16" /> 
    <line visibility="public" signature="assignName(String) : Vertex" num="58" count="7" type="method" featureClass="DirectedOnlyVertices.GPL.Vertex" featureLineNum="23" /> 
    <line num="59" count="7" type="stmt" featureClass="DirectedOnlyVertices.GPL.Vertex" featureLineNum="24" /> 
    <line num="60" count="7" type="stmt" featureClass="DirectedOnlyVertices.GPL.Vertex" featureLineNum="25" /> 
    <line visibility="public" signature="getName() : String" num="67" count="9" type="method" featureClass="DirectedOnlyVertices.GPL.Vertex" featureLineNum="29" /> 
    <line num="69" count="9" type="stmt" featureClass="DirectedOnlyVertices.GPL.Vertex" featureLineNum="31" /> 
    <line visibility="public" signature="addAdjacent(Vertex) : void" num="76" count="15" type="method" featureClass="DirectedOnlyVertices.GPL.Vertex" featureLineNum="35" /> 
    <line num="77" count="15" type="stmt" featureClass="DirectedOnlyVertices.GPL.Vertex" featureLineNum="36" /> 
    <line visibility="private" signature="adjustAdorns__wrappee__DirectedOnlyVertices(Vertex,int) : void" num="83" count="1" type="method" featureClass="DirectedOnlyVertices.GPL.Vertex" featureLineNum="39" /> 
    <line visibility="public" signature="adjustAdorns(Vertex,int) : void" num="89" count="4" type="method" featureClass="WeightedOnlyVertices.GPL.Vertex" featureLineNum="24" /> 
    <line num="91" count="4" type="stmt" featureClass="WeightedOnlyVertices.GPL.Vertex" featureLineNum="26" /> 
    <line num="92" count="1" type="stmt" featureClass="WeightedOnlyVertices.GPL.Vertex" featureLineNum="27" /> 
    <line num="93" count="1" type="stmt" featureClass="WeightedOnlyVertices.GPL.Vertex" featureLineNum="28" /> 
    <line visibility="public" signature="getNeighbors() : VertexIter" num="100" count="11" type="method" featureClass="DirectedOnlyVertices.GPL.Vertex" featureLineNum="43" /> 
    <line num="102" count="11" type="stmt" featureClass="DirectedOnlyVertices.GPL.Vertex" featureLineNum="45" /> 
    <line visibility="public" signature="next() : Vertex" num="105" count="6" type="method" featureClass="DirectedOnlyVertices.GPL.Vertex" featureLineNum="48" /> 
    <line num="107" count="6" type="stmt" featureClass="DirectedOnlyVertices.GPL.Vertex" featureLineNum="50" /> 
    <line visibility="public" signature="hasNext() : boolean" num="110" count="9" type="method" featureClass="DirectedOnlyVertices.GPL.Vertex" featureLineNum="53" /> 
    <line num="112" count="9" type="stmt" featureClass="DirectedOnlyVertices.GPL.Vertex" featureLineNum="55" /> 
    <line visibility="private" signature="display__wrappee__DirectedOnlyVertices() : void" num="121" count="7" type="method" featureClass="DirectedOnlyVertices.GPL.Vertex" featureLineNum="61" /> 
    <line num="122" count="7" type="stmt" featureClass="DirectedOnlyVertices.GPL.Vertex" featureLineNum="62" /> 
    <line num="123" count="7" type="stmt" featureClass="DirectedOnlyVertices.GPL.Vertex" featureLineNum="63" /> 
    <line num="125" count="7" type="stmt" featureClass="DirectedOnlyVertices.GPL.Vertex" featureLineNum="65" /> 
    <line num="127" count="7" type="stmt" featureClass="DirectedOnlyVertices.GPL.Vertex" featureLineNum="67" />  
    <line num="128" count="5" type="stmt" featureClass="DirectedOnlyVertices.GPL.Vertex" featureLineNum="68" /> 
    <line num="129" count="5" type="stmt" featureClass="DirectedOnlyVertices.GPL.Vertex" featureLineNum="69" /> 
    <line visibility="private" signature="display__wrappee__Number() : void" num="135" count="7" type="method" featureClass="Number.GPL.Vertex" featureLineNum="9" /> 
    <line num="137" count="7" type="stmt" featureClass="Number.GPL.Vertex" featureLineNum="11" /> 
    <line num="138" count="7" type="stmt" featureClass="Number.GPL.Vertex" featureLineNum="12" /> 
    <line visibility="private" signature="display__wrappee__StronglyConnected() : void" num="144" count="7" type="method" featureClass="StronglyConnected.GPL.Vertex" featureLineNum="15" /> 
    <line num="145" count="7" type="stmt" featureClass="StronglyConnected.GPL.Vertex" featureLineNum="16" /> 
    <line num="147" count="7" type="stmt" featureClass="StronglyConnected.GPL.Vertex" featureLineNum="18" /> 
    <line visibility="private" signature="display__wrappee__DFS() : void" num="153" count="7" type="method" featureClass="DFS.GPL.Vertex" featureLineNum="47" /> 
    <line num="154" count="7" type="stmt" featureClass="DFS.GPL.Vertex" featureLineNum="48" />  
    <line num="155" count="4" type="stmt" featureClass="DFS.GPL.Vertex" featureLineNum="49" /> 
    <line num="157" count="3" type="stmt" featureClass="DFS.GPL.Vertex" featureLineNum="51" /> 
    <line num="158" count="7" type="stmt" featureClass="DFS.GPL.Vertex" featureLineNum="52" /> 
    <line visibility="public" signature="display() : void" num="164" count="7" type="method" featureClass="WeightedOnlyVertices.GPL.Vertex" featureLineNum="31" /> 
    <line num="166" count="7" type="stmt" featureClass="WeightedOnlyVertices.GPL.Vertex" featureLineNum="33" /> 
    <line num="167" count="7" type="stmt" featureClass="WeightedOnlyVertices.GPL.Vertex" featureLineNum="34" /> 
    <line num="169" count="7" type="stmt" featureClass="WeightedOnlyVertices.GPL.Vertex" featureLineNum="36" /> 
    <line num="171" count="7" type="stmt" featureClass="WeightedOnlyVertices.GPL.Vertex" featureLineNum="38" />  
    <line num="172" count="1" type="stmt" featureClass="WeightedOnlyVertices.GPL.Vertex" featureLineNum="39" /> 
    <line num="175" count="7" type="stmt" featureClass="WeightedOnlyVertices.GPL.Vertex" featureLineNum="42" /> 
    <line visibility="public" signature="getStart() : Vertex" num="185" count="1" type="method" featureClass="DirectedOnlyVertices.GPL.Vertex" featureLineNum="76" /> 
    <line num="185" count="1" type="stmt" featureClass="DirectedOnlyVertices.GPL.Vertex" featureLineNum="76" /> 
    <line visibility="public" signature="getEnd() : Vertex" num="189" count="1" type="method" featureClass="DirectedOnlyVertices.GPL.Vertex" featureLineNum="77" /> 
    <line num="189" count="1" type="stmt" featureClass="DirectedOnlyVertices.GPL.Vertex" featureLineNum="77" /> 
    <line visibility="public" signature="setWeight(int) : void" num="194" count="1" type="method" featureClass="DirectedOnlyVertices.GPL.Vertex" featureLineNum="79" /> 
    <line visibility="public" signature="getWeight() : int" num="198" count="4" type="method" featureClass="DirectedOnlyVertices.GPL.Vertex" featureLineNum="80" /> 
    <line num="198" count="4" type="stmt" featureClass="DirectedOnlyVertices.GPL.Vertex" featureLineNum="80" /> 
    <line visibility="public" signature="getOtherVertex(Vertex) : Vertex" num="203" count="1" type="method" featureClass="DirectedOnlyVertices.GPL.Vertex" featureLineNum="82" /> 
    <line num="205" count="1" type="stmt" featureClass="DirectedOnlyVertices.GPL.Vertex" featureLineNum="84" /> 
    <line visibility="public" signature="adjustAdorns(EdgeIfc) : void" num="213" count="1" type="method" featureClass="DirectedOnlyVertices.GPL.Vertex" featureLineNum="89" /> 
    <line visibility="public" signature="init_vertex(WorkSpace) : void" num="232" count="8" type="method" featureClass="DFS.GPL.Vertex" featureLineNum="15" /> 
    <line num="234" count="8" type="stmt" featureClass="DFS.GPL.Vertex" featureLineNum="17" /> 
    <line num="235" count="8" type="stmt" featureClass="DFS.GPL.Vertex" featureLineNum="18" /> 
    <line visibility="public" signature="nodeSearch(WorkSpace) : void" num="241" count="10" type="method" featureClass="DFS.GPL.Vertex" featureLineNum="21" /> 
    <line num="243" count="10" type="stmt" featureClass="DFS.GPL.Vertex" featureLineNum="23" /> 
    <line num="247" count="10" type="stmt" featureClass="DFS.GPL.Vertex" featureLineNum="27" /> 
    <line num="249" count="9" type="stmt" featureClass="DFS.GPL.Vertex" featureLineNum="29" />  
    <line num="250" count="4" type="stmt" featureClass="DFS.GPL.Vertex" featureLineNum="30" /> 
    <line num="254" count="8" type="stmt" featureClass="DFS.GPL.Vertex" featureLineNum="34" /> 
    <line num="256" count="8" type="stmt" featureClass="DFS.GPL.Vertex" featureLineNum="36" />  
    <line num="258" count="5" type="stmt" featureClass="DFS.GPL.Vertex" featureLineNum="38" /> 
    <line num="259" count="4" type="stmt" featureClass="DFS.GPL.Vertex" featureLineNum="39" /> 
    <line num="260" count="4" type="stmt" featureClass="DFS.GPL.Vertex" featureLineNum="40" /> 
    <line num="264" count="6" type="stmt" featureClass="DFS.GPL.Vertex" featureLineNum="44" /> 
    <line visibility="public" signature="addWeight(int) : void" num="273" count="12" type="method" featureClass="WeightedOnlyVertices.GPL.Vertex" featureLineNum="19" /> 
    <line num="275" count="12" type="stmt" featureClass="WeightedOnlyVertices.GPL.Vertex" featureLineNum="21" /> 
   </file> 
   <file path="GPL/EdgeIter.java" name="GPL.EdgeIter">   
    <line visibility="public" signature="hasNext() : boolean" num="6" count="1" type="method" featureClass="Base.GPL.EdgeIter" featureLineNum="5" /> 
    <line num="6" count="1" type="stmt" featureClass="Base.GPL.EdgeIter" featureLineNum="5" /> 
    <line visibility="public" signature="next() : EdgeIfc" num="10" count="1" type="method" featureClass="Base.GPL.EdgeIter" featureLineNum="6" /> 
    <line num="10" count="1" type="stmt" featureClass="Base.GPL.EdgeIter" featureLineNum="6" /> 
   </file> 
   <file path="GPL/Graph.java" name="GPL.Graph">   
    <line visibility="public" signature="Graph()" num="27" count="35" type="method" featureClass="DirectedOnlyVertices.GPL.Graph" featureLineNum="17" /> 
    <line num="28" count="35" type="stmt" featureClass="DirectedOnlyVertices.GPL.Graph" featureLineNum="18" /> 
    <line visibility="public" signature="getVertices() : VertexIter" num="34" count="19" type="method" featureClass="DirectedOnlyVertices.GPL.Graph" featureLineNum="21" /> 
    <line num="37" count="19" type="stmt" featureClass="DirectedOnlyVertices.GPL.Graph" featureLineNum="24" /> 
    <line visibility="public" signature="next() : Vertex" num="40" count="14" type="method" featureClass="DirectedOnlyVertices.GPL.Graph" featureLineNum="27" /> 
    <line num="42" count="14" type="stmt" featureClass="DirectedOnlyVertices.GPL.Graph" featureLineNum="29" /> 
    <line visibility="public" signature="hasNext() : boolean" num="44" count="16" type="method" featureClass="DirectedOnlyVertices.GPL.Graph" featureLineNum="31" /> 
    <line num="46" count="16" type="stmt" featureClass="DirectedOnlyVertices.GPL.Graph" featureLineNum="33" /> 
    <line visibility="private" signature="run__wrappee__DirectedOnlyVertices(Vertex) : void" num="60" count="3" type="method" featureClass="DirectedOnlyVertices.GPL.Graph" featureLineNum="44" /> 
    <line visibility="private" signature="run__wrappee__Number(Vertex) : void" num="65" count="3" type="method" featureClass="Number.GPL.Graph" featureLineNum="8" /> 
    <line num="67" count="3" type="stmt" featureClass="Number.GPL.Graph" featureLineNum="10" /> 
    <line num="68" count="3" type="stmt" featureClass="Number.GPL.Graph" featureLineNum="11" /> 
    <line num="69" count="3" type="stmt" featureClass="Number.GPL.Graph" featureLineNum="12" /> 
    <line visibility="public" signature="run(Vertex) : void" num="76" count="5" type="method" featureClass="StronglyConnected.GPL.Graph" featureLineNum="11" /> 
    <line num="78" count="5" type="stmt" featureClass="StronglyConnected.GPL.Graph" featureLineNum="13" /> 
    <line num="79" count="5" type="stmt" featureClass="StronglyConnected.GPL.Graph" featureLineNum="14" /> 
    <line num="81" count="3" type="stmt" featureClass="StronglyConnected.GPL.Graph" featureLineNum="16" /> 
    <line num="83" count="3" type="stmt" featureClass="StronglyConnected.GPL.Graph" featureLineNum="18" /> 
    <line visibility="public" signature="sortVertices(Comparator) : void" num="90" count="6" type="method" featureClass="DirectedOnlyVertices.GPL.Graph" featureLineNum="47" /> 
    <line num="91" count="6" type="stmt" featureClass="DirectedOnlyVertices.GPL.Graph" featureLineNum="48" /> 
    <line visibility="public" signature="addAnEdge(Vertex,Vertex,int) : void" num="97" count="6" type="method" featureClass="WeightedOnlyVertices.GPL.Graph" featureLineNum="9" /> 
    <line num="99" count="6" type="stmt" featureClass="WeightedOnlyVertices.GPL.Graph" featureLineNum="11" /> 
    <line visibility="public" signature="addVertex(Vertex) : void" num="107" count="15" type="method" featureClass="DirectedOnlyVertices.GPL.Graph" featureLineNum="59" /> 
    <line num="108" count="15" type="stmt" featureClass="DirectedOnlyVertices.GPL.Graph" featureLineNum="60" /> 
    <line visibility="public" signature="addEdge(Vertex,Vertex) : EdgeIfc" num="115" count="13" type="method" featureClass="DirectedOnlyVertices.GPL.Graph" featureLineNum="64" /> 
    <line num="116" count="13" type="stmt" featureClass="DirectedOnlyVertices.GPL.Graph" featureLineNum="65" /> 
    <line num="117" count="10" type="stmt" featureClass="DirectedOnlyVertices.GPL.Graph" featureLineNum="66" /> 
    <line visibility="public" signature="findsVertex(String) : Vertex" num="124" count="5" type="method" featureClass="DirectedOnlyVertices.GPL.Graph" featureLineNum="70" /> 
    <line num="126" count="5" type="stmt" featureClass="DirectedOnlyVertices.GPL.Graph" featureLineNum="72" /> 
    <line num="127" count="5" type="stmt" featureClass="DirectedOnlyVertices.GPL.Graph" featureLineNum="73" /> 
    <line num="130" count="5" type="stmt" featureClass="DirectedOnlyVertices.GPL.Graph" featureLineNum="76" />  
    <line num="131" count="1" type="stmt" featureClass="DirectedOnlyVertices.GPL.Graph" featureLineNum="77" /> 
    <line num="133" count="4" type="stmt" featureClass="DirectedOnlyVertices.GPL.Graph" featureLineNum="79" />  
    <line num="135" count="4" type="stmt" featureClass="DirectedOnlyVertices.GPL.Graph" featureLineNum="81" /> 
    <line num="136" count="3" type="stmt" featureClass="DirectedOnlyVertices.GPL.Graph" featureLineNum="82" />  
    <line num="137" count="1" type="stmt" featureClass="DirectedOnlyVertices.GPL.Graph" featureLineNum="83" /> 
    <line num="139" count="1" type="stmt" featureClass="DirectedOnlyVertices.GPL.Graph" featureLineNum="85" /> 
    <line visibility="private" signature="display__wrappee__DirectedOnlyVertices() : void" num="145" count="6" type="method" featureClass="DirectedOnlyVertices.GPL.Graph" featureLineNum="88" /> 
    <line num="146" count="6" type="stmt" featureClass="DirectedOnlyVertices.GPL.Graph" featureLineNum="89" /> 
    <line num="147" count="6" type="stmt" featureClass="DirectedOnlyVertices.GPL.Graph" featureLineNum="90" /> 
    <line num="149" count="6" type="stmt" featureClass="DirectedOnlyVertices.GPL.Graph" featureLineNum="92" /> 
    <line num="150" count="6" type="stmt" featureClass="DirectedOnlyVertices.GPL.Graph" featureLineNum="93" /> 
    <line num="151" count="6" type="stmt" featureClass="DirectedOnlyVertices.GPL.Graph" featureLineNum="94" />  
    <line num="152" count="5" type="stmt" featureClass="DirectedOnlyVertices.GPL.Graph" featureLineNum="95" /> 
    <line num="153" count="4" type="stmt" featureClass="DirectedOnlyVertices.GPL.Graph" featureLineNum="96" /> 
    <line visibility="public" signature="display() : void" num="160" count="6" type="method" featureClass="WeightedOnlyVertices.GPL.Graph" featureLineNum="25" /> 
    <line num="162" count="6" type="stmt" featureClass="WeightedOnlyVertices.GPL.Graph" featureLineNum="27" /> 
    <line visibility="public" signature="NumberVertices() : void" num="168" count="6" type="method" featureClass="Number.GPL.Graph" featureLineNum="15" /> 
    <line num="170" count="6" type="stmt" featureClass="Number.GPL.Graph" featureLineNum="17" /> 
    <line visibility="public" signature="StrongComponents() : Graph" num="176" count="7" type="method" featureClass="StronglyConnected.GPL.Graph" featureLineNum="21" /> 
    <line num="178" count="7" type="stmt" featureClass="StronglyConnected.GPL.Graph" featureLineNum="23" /> 
    <line num="181" count="7" type="stmt" featureClass="StronglyConnected.GPL.Graph" featureLineNum="26" /> 
    <line num="184" count="3" type="stmt" featureClass="StronglyConnected.GPL.Graph" featureLineNum="29" /> 
    <line visibility="public" signature="compare(Object,Object) : int" num="186" count="3" type="method" featureClass="StronglyConnected.GPL.Graph" featureLineNum="31" /> 
    <line num="188" count="3" type="stmt" featureClass="StronglyConnected.GPL.Graph" featureLineNum="33" /> 
    <line num="189" count="3" type="stmt" featureClass="StronglyConnected.GPL.Graph" featureLineNum="34" /> 
    <line num="191" count="3" type="stmt" featureClass="StronglyConnected.GPL.Graph" featureLineNum="36" />  
    <line num="192" count="2" type="stmt" featureClass="StronglyConnected.GPL.Graph" featureLineNum="37" /> 
    <line num="194" count="2" type="stmt" featureClass="StronglyConnected.GPL.Graph" featureLineNum="39" />  
    <line num="195" count="1" type="stmt" featureClass="StronglyConnected.GPL.Graph" featureLineNum="40" /> 
    <line num="196" count="2" type="stmt" featureClass="StronglyConnected.GPL.Graph" featureLineNum="41" /> 
    <line num="202" count="3" type="stmt" featureClass="StronglyConnected.GPL.Graph" featureLineNum="47" /> 
    <line num="205" count="3" type="stmt" featureClass="StronglyConnected.GPL.Graph" featureLineNum="50" /> 
    <line num="206" count="3" type="stmt" featureClass="StronglyConnected.GPL.Graph" featureLineNum="51" /> 
    <line num="208" count="3" type="stmt" featureClass="StronglyConnected.GPL.Graph" featureLineNum="53" /> 
    <line visibility="public" signature="ComputeTranspose(Graph) : Graph" num="215" count="6" type="method" featureClass="Transpose.GPL.Graph" featureLineNum="13" /> 
    <line num="217" count="6" type="stmt" featureClass="Transpose.GPL.Graph" featureLineNum="15" /> 
    <line num="218" count="6" type="stmt" featureClass="Transpose.GPL.Graph" featureLineNum="16" /> 
    <line num="221" count="6" type="stmt" featureClass="Transpose.GPL.Graph" featureLineNum="19" /> 
    <line num="224" count="6" type="stmt" featureClass="Transpose.GPL.Graph" featureLineNum="22" /> 
    <line num="227" count="6" type="stmt" featureClass="Transpose.GPL.Graph" featureLineNum="25" />  
    <line num="229" count="6" type="stmt" featureClass="Transpose.GPL.Graph" featureLineNum="27" /> 
    <line num="231" count="4" type="stmt" featureClass="Transpose.GPL.Graph" featureLineNum="29" /> 
    <line num="233" count="4" type="stmt" featureClass="Transpose.GPL.Graph" featureLineNum="31" /> 
    <line num="236" count="4" type="stmt" featureClass="Transpose.GPL.Graph" featureLineNum="34" /> 
    <line num="239" count="4" type="stmt" featureClass="Transpose.GPL.Graph" featureLineNum="37" /> 
    <line num="240" count="4" type="stmt" featureClass="Transpose.GPL.Graph" featureLineNum="38" /> 
    <line num="241" count="4" type="stmt" featureClass="Transpose.GPL.Graph" featureLineNum="39" /> 
    <line num="242" count="4" type="stmt" featureClass="Transpose.GPL.Graph" featureLineNum="40" /> 
    <line num="246" count="4" type="stmt" featureClass="Transpose.GPL.Graph" featureLineNum="44" /> 
    <line num="247" count="4" type="stmt" featureClass="Transpose.GPL.Graph" featureLineNum="45" />  
    <line num="251" count="4" type="stmt" featureClass="Transpose.GPL.Graph" featureLineNum="49" /> 
    <line num="255" count="4" type="stmt" featureClass="Transpose.GPL.Graph" featureLineNum="53" /> 
    <line num="257" count="4" type="stmt" featureClass="Transpose.GPL.Graph" featureLineNum="55" />  
    <line num="260" count="3" type="stmt" featureClass="Transpose.GPL.Graph" featureLineNum="58" /> 
    <line num="266" count="3" type="stmt" featureClass="Transpose.GPL.Graph" featureLineNum="64" /> 
    <line num="269" count="3" type="stmt" featureClass="Transpose.GPL.Graph" featureLineNum="67" /> 
    <line num="279" count="4" type="stmt" featureClass="Transpose.GPL.Graph" featureLineNum="77" /> 
    <line visibility="public" signature="GraphSearch(WorkSpace) : void" num="285" count="14" type="method" featureClass="DFS.GPL.Graph" featureLineNum="7" /> 
    <line num="288" count="14" type="stmt" featureClass="DFS.GPL.Graph" featureLineNum="10" /> 
    <line num="289" count="13" type="stmt" featureClass="DFS.GPL.Graph" featureLineNum="11" />  
    <line num="291" count="2" type="stmt" featureClass="DFS.GPL.Graph" featureLineNum="13" /> 
    <line num="295" count="11" type="stmt" featureClass="DFS.GPL.Graph" featureLineNum="17" />  
    <line num="297" count="11" type="stmt" featureClass="DFS.GPL.Graph" featureLineNum="19" /> 
    <line num="298" count="7" type="stmt" featureClass="DFS.GPL.Graph" featureLineNum="20" /> 
    <line num="302" count="5" type="stmt" featureClass="DFS.GPL.Graph" featureLineNum="24" />  
    <line num="304" count="5" type="stmt" featureClass="DFS.GPL.Graph" featureLineNum="26" /> 
    <line num="305" count="5" type="stmt" featureClass="DFS.GPL.Graph" featureLineNum="27" />  
    <line num="307" count="5" type="stmt" featureClass="DFS.GPL.Graph" featureLineNum="29" /> 
    <line num="308" count="5" type="stmt" featureClass="DFS.GPL.Graph" featureLineNum="30" /> 
    <line visibility="public" signature="addEdge(Vertex,Vertex,int) : void" num="316" count="10" type="method" featureClass="WeightedOnlyVertices.GPL.Graph" featureLineNum="14" /> 
    <line num="318" count="10" type="stmt" featureClass="WeightedOnlyVertices.GPL.Graph" featureLineNum="16" /> 
    <line num="319" count="8" type="stmt" featureClass="WeightedOnlyVertices.GPL.Graph" featureLineNum="17" /> 
    <line num="323" count="8" type="stmt" featureClass="WeightedOnlyVertices.GPL.Graph" featureLineNum="21" />  
    <line num="324" count="0" type="stmt" featureClass="WeightedOnlyVertices.GPL.Graph" featureLineNum="22" /> 
   </file> 
   <file path="GPL/WorkSpaceTranspose.java" name="GPL.WorkSpaceTranspose">   
    <line visibility="public" signature="WorkSpaceTranspose()" num="20" count="7" type="method" featureClass="StronglyConnected.GPL.WorkSpaceTranspose" featureLineNum="16" /> 
    <line num="22" count="7" type="stmt" featureClass="StronglyConnected.GPL.WorkSpaceTranspose" featureLineNum="18" /> 
    <line visibility="public" signature="preVisitAction(Vertex) : void" num="28" count="6" type="method" featureClass="StronglyConnected.GPL.WorkSpaceTranspose" featureLineNum="21" /> 
    <line num="30" count="6" type="stmt" featureClass="StronglyConnected.GPL.WorkSpaceTranspose" featureLineNum="23" />  
    <line num="32" count="4" type="stmt" featureClass="StronglyConnected.GPL.WorkSpaceTranspose" featureLineNum="25" /> 
    <line num="34" count="5" type="stmt" featureClass="StronglyConnected.GPL.WorkSpaceTranspose" featureLineNum="27" /> 
    <line visibility="public" signature="nextRegionAction(Vertex) : void" num="40" count="4" type="method" featureClass="StronglyConnected.GPL.WorkSpaceTranspose" featureLineNum="30" /> 
    <line num="42" count="4" type="stmt" featureClass="StronglyConnected.GPL.WorkSpaceTranspose" featureLineNum="32" /> 
   </file>  
   <file path="GPL/VertexIter.java" name="GPL.VertexIter">   
    <line visibility="public" signature="hasNext() : boolean" num="6" count="1" type="method" featureClass="Base.GPL.VertexIter" featureLineNum="5" /> 
    <line num="6" count="1" type="stmt" featureClass="Base.GPL.VertexIter" featureLineNum="5" /> 
    <line visibility="public" signature="next() : Vertex" num="10" count="1" type="method" featureClass="Base.GPL.VertexIter" featureLineNum="6" /> 
    <line num="10" count="0" type="stmt" featureClass="Base.GPL.VertexIter" featureLineNum="6" /> 
   </file>  
  </package> 
 </project> 
 <testproject timestamp="1586009149668">  
 </testproject> 
</coverage>