<?xml version="1.0" encoding="UTF-8"?>
<coverage generated="1588768878824" clover="4.4.1">
   <project timestamp="1588768878742">
      <metrics coveredelements="23" complexity="104" loc="945" methods="76" classes="13" statements="163" packages="1" coveredconditionals="0" coveredmethods="9" elements="283" ncloc="475" files="13" conditionals="44" coveredstatements="14"/>
      <package name="GPL">
         <metrics coveredelements="23" complexity="104" loc="945" methods="76" classes="13" statements="163" coveredconditionals="0" coveredmethods="9" elements="283" ncloc="475" files="13" conditionals="44" coveredstatements="14"/>
         <file path="/home/hieuvd/spl_dataset_generation/InputPreparation/projects/4-GPL/variants/model_m_ca4_0080/src/GPL/EdgeIter.java" name="EdgeIter.java">
            <metrics coveredelements="0" coveredconditionals="0" complexity="2" loc="13" coveredmethods="0" methods="2" elements="4" classes="1" ncloc="5" statements="2" conditionals="0" coveredstatements="0"/>
            <class name="EdgeIter">
               <metrics coveredelements="0" coveredconditionals="0" complexity="2" coveredmethods="0" methods="2" elements="4" statements="2" conditionals="0" coveredstatements="0"/>
            </class>
            <line complexity="1" visibility="public" signature="hasNext() : boolean" num="6" count="0" type="method"/>
            <line num="6" count="0" type="stmt"/>
            <line complexity="1" visibility="public" signature="next() : EdgeIfc" num="10" count="0" type="method"/>
            <line num="10" count="0" type="stmt"/>
         </file>
         <file path="/home/hieuvd/spl_dataset_generation/InputPreparation/projects/4-GPL/variants/model_m_ca4_0080/src/GPL/WorkSpace.java" name="WorkSpace.java">
            <metrics coveredelements="0" coveredconditionals="0" complexity="5" loc="27" coveredmethods="0" methods="5" elements="5" classes="1" ncloc="9" statements="0" conditionals="0" coveredstatements="0"/>
            <class name="WorkSpace">
               <metrics coveredelements="0" coveredconditionals="0" complexity="5" coveredmethods="0" methods="5" elements="5" statements="0" conditionals="0" coveredstatements="0"/>
            </class>
            <line complexity="1" visibility="public" signature="init_vertex(Vertex) : void" num="7" count="0" type="method"/>
            <line complexity="1" visibility="public" signature="preVisitAction(Vertex) : void" num="11" count="0" type="method"/>
            <line complexity="1" visibility="public" signature="postVisitAction(Vertex) : void" num="15" count="0" type="method"/>
            <line complexity="1" visibility="public" signature="nextRegionAction(Vertex) : void" num="19" count="0" type="method"/>
            <line complexity="1" visibility="public" signature="checkNeighborAction(Vertex,Vertex) : void" num="23" count="0" type="method"/>
         </file>
         <file path="/home/hieuvd/spl_dataset_generation/InputPreparation/projects/4-GPL/variants/model_m_ca4_0080/src/GPL/Graph.java" name="Graph.java">
            <metrics coveredelements="0" coveredconditionals="0" complexity="34" loc="263" coveredmethods="0" methods="22" elements="102" classes="1" ncloc="136" statements="62" conditionals="18" coveredstatements="0"/>
            <class name="Graph">
               <metrics coveredelements="0" coveredconditionals="0" complexity="34" coveredmethods="0" methods="22" elements="102" statements="62" conditionals="18" coveredstatements="0"/>
            </class>
            <line complexity="1" visibility="public" signature="Graph()" num="35" count="0" type="method"/>
            <line num="36" count="0" type="stmt"/>
            <line num="37" count="0" type="stmt"/>
            <line num="40" count="0" type="stmt"/>
            <line complexity="1" visibility="private" signature="run__wrappee__UndirectedWithEdges(Vertex) : void" num="48" count="0" type="method"/>
            <line complexity="1" visibility="private" signature="run__wrappee__Number(Vertex) : void" num="53" count="0" type="method"/>
            <line num="55" count="0" type="stmt"/>
            <line num="56" count="0" type="stmt"/>
            <line num="57" count="0" type="stmt"/>
            <line complexity="1" visibility="private" signature="run__wrappee__Connected(Vertex) : void" num="63" count="0" type="method"/>
            <line num="65" count="0" type="stmt"/>
            <line num="66" count="0" type="stmt"/>
            <line num="67" count="0" type="stmt"/>
            <line complexity="1" visibility="public" signature="run(Vertex) : void" num="74" count="0" type="method"/>
            <line num="76" count="0" type="stmt"/>
            <line num="77" count="0" type="stmt"/>
            <line complexity="1" visibility="public" signature="sortEdges(Comparator) : void" num="83" count="0" type="method"/>
            <line num="84" count="0" type="stmt"/>
            <line complexity="1" visibility="public" signature="sortVertices(Comparator) : void" num="90" count="0" type="method"/>
            <line num="91" count="0" type="stmt"/>
            <line complexity="1" visibility="public" signature="addEdge(Vertex,Vertex) : EdgeIfc" num="98" count="0" type="method"/>
            <line num="99" count="0" type="stmt"/>
            <line num="100" count="0" type="stmt"/>
            <line num="101" count="0" type="stmt"/>
            <line num="102" count="0" type="stmt"/>
            <line num="103" count="0" type="stmt"/>
            <line num="105" count="0" type="stmt"/>
            <line complexity="1" visibility="protected" signature="addVertex(Vertex) : void" num="111" count="0" type="method"/>
            <line num="112" count="0" type="stmt"/>
            <line num="115" count="0" type="stmt"/>
            <line complexity="2" visibility="public" signature="findsVertex(String) : Vertex" num="123" count="0" type="method"/>
            <line num="124" count="0" type="stmt"/>
            <line num="127" count="0" type="stmt"/>
            <line falsecount="0" truecount="0" num="127" type="cond"/>
            <line num="128" count="0" type="stmt"/>
            <line num="140" count="0" type="stmt"/>
            <line complexity="1" visibility="public" signature="getVertices() : VertexIter" num="148" count="0" type="method"/>
            <line num="149" count="0" type="stmt"/>
            <line complexity="1" visibility="public" signature="next() : Vertex" num="151" count="0" type="method"/>
            <line num="151" count="0" type="stmt"/>
            <line complexity="1" visibility="public" signature="hasNext() : boolean" num="152" count="0" type="method"/>
            <line num="152" count="0" type="stmt"/>
            <line complexity="1" visibility="public" signature="getEdges() : EdgeIter" num="159" count="0" type="method"/>
            <line num="160" count="0" type="stmt"/>
            <line complexity="1" visibility="public" signature="next() : EdgeIfc" num="162" count="0" type="method"/>
            <line num="162" count="0" type="stmt"/>
            <line complexity="1" visibility="public" signature="hasNext() : boolean" num="163" count="0" type="method"/>
            <line num="163" count="0" type="stmt"/>
            <line complexity="6" visibility="public" signature="findsEdge(Vertex,Vertex) : EdgeIfc" num="171" count="0" type="method"/>
            <line num="174" count="0" type="stmt"/>
            <line num="178" count="0" type="stmt"/>
            <line falsecount="0" truecount="0" num="178" type="cond"/>
            <line num="180" count="0" type="stmt"/>
            <line num="181" count="0" type="stmt"/>
            <line falsecount="0" truecount="0" num="181" type="cond"/>
            <line num="185" count="0" type="stmt"/>
            <line num="187" count="0" type="stmt"/>
            <line complexity="3" visibility="public" signature="display() : void" num="193" count="0" type="method"/>
            <line num="194" count="0" type="stmt"/>
            <line num="195" count="0" type="stmt"/>
            <line num="196" count="0" type="stmt"/>
            <line falsecount="0" truecount="0" num="196" type="cond"/>
            <line num="197" count="0" type="stmt"/>
            <line num="199" count="0" type="stmt"/>
            <line num="200" count="0" type="stmt"/>
            <line num="201" count="0" type="stmt"/>
            <line falsecount="0" truecount="0" num="201" type="cond"/>
            <line num="202" count="0" type="stmt"/>
            <line num="204" count="0" type="stmt"/>
            <line complexity="1" visibility="public" signature="NumberVertices() : void" num="210" count="0" type="method"/>
            <line num="212" count="0" type="stmt"/>
            <line complexity="1" visibility="public" signature="ConnectedComponents() : void" num="218" count="0" type="method"/>
            <line num="220" count="0" type="stmt"/>
            <line complexity="1" visibility="public" signature="CycleCheck() : boolean" num="226" count="0" type="method"/>
            <line num="227" count="0" type="stmt"/>
            <line num="228" count="0" type="stmt"/>
            <line num="229" count="0" type="stmt"/>
            <line complexity="5" visibility="public" signature="GraphSearch(WorkSpace) : void" num="234" count="0" type="method"/>
            <line num="237" count="0" type="stmt"/>
            <line num="238" count="0" type="stmt"/>
            <line falsecount="0" truecount="0" num="238" type="cond"/>
            <line num="240" count="0" type="stmt"/>
            <line num="244" count="0" type="stmt"/>
            <line falsecount="0" truecount="0" num="244" type="cond"/>
            <line num="246" count="0" type="stmt"/>
            <line num="247" count="0" type="stmt"/>
            <line num="251" count="0" type="stmt"/>
            <line falsecount="0" truecount="0" num="251" type="cond"/>
            <line num="253" count="0" type="stmt"/>
            <line num="254" count="0" type="stmt"/>
            <line falsecount="0" truecount="0" num="254" type="cond"/>
            <line num="256" count="0" type="stmt"/>
            <line num="257" count="0" type="stmt"/>
         </file>
         <file path="/home/hieuvd/spl_dataset_generation/InputPreparation/projects/4-GPL/variants/model_m_ca4_0080/src/GPL/Neighbor.java" name="Neighbor.java">
            <metrics coveredelements="3" coveredconditionals="0" complexity="2" loc="33" coveredmethods="1" methods="2" elements="6" classes="1" ncloc="16" statements="4" conditionals="0" coveredstatements="2"/>
            <class name="Neighbor">
               <metrics coveredelements="3" coveredconditionals="0" complexity="2" coveredmethods="1" methods="2" elements="6" statements="4" conditionals="0" coveredstatements="2"/>
            </class>
            <line complexity="1" visibility="public" signature="Neighbor()" num="17" count="1" type="method"/>
            <line num="19" count="1" type="stmt"/>
            <line num="20" count="1" type="stmt"/>
            <line complexity="1" visibility="public" signature="Neighbor(Vertex,Edge)" num="26" count="0" type="method"/>
            <line num="28" count="0" type="stmt"/>
            <line num="29" count="0" type="stmt"/>
         </file>
         <file path="/home/hieuvd/spl_dataset_generation/InputPreparation/projects/4-GPL/variants/model_m_ca4_0080/src/GPL/RegionWorkSpace.java" name="RegionWorkSpace.java">
            <metrics coveredelements="0" coveredconditionals="0" complexity="4" loc="42" coveredmethods="0" methods="4" elements="8" classes="1" ncloc="20" statements="4" conditionals="0" coveredstatements="0"/>
            <class name="RegionWorkSpace">
               <metrics coveredelements="0" coveredconditionals="0" complexity="4" coveredmethods="0" methods="4" elements="8" statements="4" conditionals="0" coveredstatements="0"/>
            </class>
            <line complexity="1" visibility="public" signature="RegionWorkSpace()" num="12" count="0" type="method"/>
            <line num="14" count="0" type="stmt"/>
            <line complexity="1" visibility="public" signature="init_vertex(Vertex) : void" num="20" count="0" type="method"/>
            <line num="22" count="0" type="stmt"/>
            <line complexity="1" visibility="public" signature="postVisitAction(Vertex) : void" num="28" count="0" type="method"/>
            <line num="30" count="0" type="stmt"/>
            <line complexity="1" visibility="public" signature="nextRegionAction(Vertex) : void" num="36" count="0" type="method"/>
            <line num="38" count="0" type="stmt"/>
         </file>
         <file path="/home/hieuvd/spl_dataset_generation/InputPreparation/projects/4-GPL/variants/model_m_ca4_0080/src/GPL/VertexIter.java" name="VertexIter.java">
            <metrics coveredelements="0" coveredconditionals="0" complexity="2" loc="13" coveredmethods="0" methods="2" elements="4" classes="1" ncloc="5" statements="2" conditionals="0" coveredstatements="0"/>
            <class name="VertexIter">
               <metrics coveredelements="0" coveredconditionals="0" complexity="2" coveredmethods="0" methods="2" elements="4" statements="2" conditionals="0" coveredstatements="0"/>
            </class>
            <line complexity="1" visibility="public" signature="hasNext() : boolean" num="6" count="0" type="method"/>
            <line num="6" count="0" type="stmt"/>
            <line complexity="1" visibility="public" signature="next() : Vertex" num="10" count="0" type="method"/>
            <line num="10" count="0" type="stmt"/>
         </file>
         <file path="/home/hieuvd/spl_dataset_generation/InputPreparation/projects/4-GPL/variants/model_m_ca4_0080/src/GPL/Edge.java" name="Edge.java">
            <metrics coveredelements="10" coveredconditionals="0" complexity="13" loc="121" coveredmethods="4" methods="11" elements="33" classes="1" ncloc="62" statements="18" conditionals="4" coveredstatements="6"/>
            <class name="Edge">
               <metrics coveredelements="10" coveredconditionals="0" complexity="13" coveredmethods="4" methods="11" elements="33" statements="18" conditionals="4" coveredstatements="6"/>
            </class>
            <line complexity="1" visibility="public" signature="EdgeConstructor(Vertex,Vertex) : void" num="14" count="1" type="method"/>
            <line num="16" count="1" type="stmt"/>
            <line num="17" count="1" type="stmt"/>
            <line complexity="1" visibility="private" signature="adjustAdorns__wrappee__UndirectedWithEdges(EdgeIfc) : void" num="23" count="0" type="method"/>
            <line complexity="1" visibility="public" signature="adjustAdorns(EdgeIfc) : void" num="36" count="0" type="method"/>
            <line num="37" count="0" type="stmt"/>
            <line num="38" count="0" type="stmt"/>
            <line complexity="1" visibility="public" signature="setWeight(int) : void" num="44" count="0" type="method"/>
            <line num="46" count="0" type="stmt"/>
            <line complexity="1" visibility="public" signature="getWeight() : int" num="52" count="1" type="method"/>
            <line num="54" count="1" type="stmt"/>
            <line complexity="3" visibility="public" signature="getOtherVertex(Vertex) : Vertex" num="60" count="0" type="method"/>
            <line num="62" count="0" type="stmt"/>
            <line falsecount="0" truecount="0" num="62" type="cond"/>
            <line num="64" count="0" type="stmt"/>
            <line num="66" count="0" type="stmt"/>
            <line falsecount="0" truecount="0" num="66" type="cond"/>
            <line num="68" count="0" type="stmt"/>
            <line num="72" count="0" type="stmt"/>
            <line complexity="1" visibility="public" signature="getStart() : Vertex" num="79" count="0" type="method"/>
            <line num="81" count="0" type="stmt"/>
            <line complexity="1" visibility="public" signature="getEnd() : Vertex" num="87" count="0" type="method"/>
            <line num="89" count="0" type="stmt"/>
            <line complexity="1" visibility="private" signature="display__wrappee__UndirectedWithEdges() : void" num="95" count="1" type="method"/>
            <line num="97" count="1" type="stmt"/>
            <line complexity="1" visibility="public" signature="display() : void" num="103" count="1" type="method"/>
            <line num="104" count="1" type="stmt"/>
            <line num="105" count="1" type="stmt"/>
            <line complexity="1" visibility="public" signature="EdgeConstructor(Vertex,Vertex,int) : void" num="114" count="0" type="method"/>
            <line num="116" count="0" type="stmt"/>
            <line num="117" count="0" type="stmt"/>
         </file>
         <file path="/home/hieuvd/spl_dataset_generation/InputPreparation/projects/4-GPL/variants/model_m_ca4_0080/src/GPL/EdgeIfc.java" name="EdgeIfc.java">
            <metrics coveredelements="0" coveredconditionals="0" complexity="0" loc="41" coveredmethods="0" methods="0" elements="0" classes="1" ncloc="10" statements="0" conditionals="0" coveredstatements="0"/>
            <class name="EdgeIfc">
               <metrics coveredelements="0" coveredconditionals="0" complexity="0" coveredmethods="0" methods="0" elements="0" statements="0" conditionals="0" coveredstatements="0"/>
            </class>
         </file>
         <file path="/home/hieuvd/spl_dataset_generation/InputPreparation/projects/4-GPL/variants/model_m_ca4_0080/src/GPL/NeighborIfc.java" name="NeighborIfc.java">
            <metrics coveredelements="0" coveredconditionals="0" complexity="0" loc="11" coveredmethods="0" methods="0" elements="0" classes="1" ncloc="4" statements="0" conditionals="0" coveredstatements="0"/>
            <class name="NeighborIfc">
               <metrics coveredelements="0" coveredconditionals="0" complexity="0" coveredmethods="0" methods="0" elements="0" statements="0" conditionals="0" coveredstatements="0"/>
            </class>
         </file>
         <file path="/home/hieuvd/spl_dataset_generation/InputPreparation/projects/4-GPL/variants/model_m_ca4_0080/src/GPL/CycleWorkSpace.java" name="CycleWorkSpace.java">
            <metrics coveredelements="0" coveredconditionals="0" complexity="12" loc="99" coveredmethods="0" methods="5" elements="28" classes="1" ncloc="51" statements="15" conditionals="8" coveredstatements="0"/>
            <class name="CycleWorkSpace">
               <metrics coveredelements="0" coveredconditionals="0" complexity="12" coveredmethods="0" methods="5" elements="28" statements="15" conditionals="8" coveredstatements="0"/>
            </class>
            <line complexity="1" visibility="public" signature="CycleWorkSpace(boolean)" num="31" count="0" type="method"/>
            <line num="32" count="0" type="stmt"/>
            <line num="33" count="0" type="stmt"/>
            <line num="34" count="0" type="stmt"/>
            <line complexity="1" visibility="public" signature="init_vertex(Vertex) : void" num="40" count="0" type="method"/>
            <line num="42" count="0" type="stmt"/>
            <line num="43" count="0" type="stmt"/>
            <line complexity="2" visibility="public" signature="preVisitAction(Vertex) : void" num="49" count="0" type="method"/>
            <line num="52" count="0" type="stmt"/>
            <line falsecount="0" truecount="0" num="52" type="cond"/>
            <line num="55" count="0" type="stmt"/>
            <line num="56" count="0" type="stmt"/>
            <line complexity="1" visibility="public" signature="postVisitAction(Vertex) : void" num="63" count="0" type="method"/>
            <line num="65" count="0" type="stmt"/>
            <line num="66" count="0" type="stmt"/>
            <line complexity="7" visibility="public" signature="checkNeighborAction(Vertex,Vertex) : void" num="72" count="0" type="method"/>
            <line num="80" count="0" type="stmt"/>
            <line falsecount="0" truecount="0" num="80" type="cond"/>
            <line num="82" count="0" type="stmt"/>
            <line falsecount="0" truecount="0" num="82" type="cond"/>
            <line num="84" count="0" type="stmt"/>
            <line num="89" count="0" type="stmt"/>
            <line falsecount="0" truecount="0" num="89" type="cond"/>
            <line num="92" count="0" type="stmt"/>
         </file>
         <file path="/home/hieuvd/spl_dataset_generation/InputPreparation/projects/4-GPL/variants/model_m_ca4_0080/src/GPL/NumberWorkSpace.java" name="NumberWorkSpace.java">
            <metrics coveredelements="0" coveredconditionals="0" complexity="3" loc="30" coveredmethods="0" methods="2" elements="7" classes="1" ncloc="15" statements="3" conditionals="2" coveredstatements="0"/>
            <class name="NumberWorkSpace">
               <metrics coveredelements="0" coveredconditionals="0" complexity="3" coveredmethods="0" methods="2" elements="7" statements="3" conditionals="2" coveredstatements="0"/>
            </class>
            <line complexity="1" visibility="public" signature="NumberWorkSpace()" num="12" count="0" type="method"/>
            <line num="14" count="0" type="stmt"/>
            <line complexity="2" visibility="public" signature="preVisitAction(Vertex) : void" num="20" count="0" type="method"/>
            <line num="23" count="0" type="stmt"/>
            <line falsecount="0" truecount="0" num="23" type="cond"/>
            <line num="25" count="0" type="stmt"/>
         </file>
         <file path="/home/hieuvd/spl_dataset_generation/InputPreparation/projects/4-GPL/variants/model_m_ca4_0080/src/GPL/Main.java" name="Main.java">
            <metrics coveredelements="0" coveredconditionals="0" complexity="3" loc="28" coveredmethods="0" methods="1" elements="16" classes="1" ncloc="18" statements="11" conditionals="4" coveredstatements="0"/>
            <class name="Main">
               <metrics coveredelements="0" coveredconditionals="0" complexity="3" coveredmethods="0" methods="1" elements="16" statements="11" conditionals="4" coveredstatements="0"/>
            </class>
            <line complexity="3" visibility="public" signature="main(String[]) : void" num="8" count="0" type="method"/>
            <line num="10" count="0" type="stmt"/>
            <line num="12" count="0" type="stmt"/>
            <line num="13" count="0" type="stmt"/>
            <line falsecount="0" truecount="0" num="13" type="cond"/>
            <line num="14" count="0" type="stmt"/>
            <line num="15" count="0" type="stmt"/>
            <line num="16" count="0" type="stmt"/>
            <line num="17" count="0" type="stmt"/>
            <line falsecount="0" truecount="0" num="17" type="cond"/>
            <line num="18" count="0" type="stmt"/>
            <line num="20" count="0" type="stmt"/>
            <line num="22" count="0" type="stmt"/>
            <line num="23" count="0" type="stmt"/>
         </file>
         <file path="/home/hieuvd/spl_dataset_generation/InputPreparation/projects/4-GPL/variants/model_m_ca4_0080/src/GPL/Vertex.java" name="Vertex.java">
            <metrics coveredelements="10" coveredconditionals="0" complexity="24" loc="224" coveredmethods="4" methods="20" elements="70" classes="1" ncloc="124" statements="42" conditionals="8" coveredstatements="6"/>
            <class name="Vertex">
               <metrics coveredelements="10" coveredconditionals="0" complexity="24" coveredmethods="4" methods="20" elements="70" statements="42" conditionals="8" coveredstatements="6"/>
            </class>
            <line complexity="1" visibility="public" signature="Vertex()" num="20" count="1" type="method"/>
            <line num="22" count="1" type="stmt"/>
            <line complexity="1" visibility="private" signature="VertexConstructor__wrappee__UndirectedWithEdges() : void" num="28" count="1" type="method"/>
            <line num="30" count="1" type="stmt"/>
            <line num="31" count="1" type="stmt"/>
            <line complexity="1" visibility="public" signature="VertexConstructor() : void" num="37" count="1" type="method"/>
            <line num="39" count="1" type="stmt"/>
            <line num="40" count="1" type="stmt"/>
            <line complexity="1" visibility="public" signature="assignName(String) : Vertex" num="46" count="0" type="method"/>
            <line num="48" count="0" type="stmt"/>
            <line num="49" count="0" type="stmt"/>
            <line complexity="1" visibility="public" signature="getName() : String" num="55" count="2" type="method"/>
            <line num="57" count="2" type="stmt"/>
            <line complexity="1" visibility="public" signature="getNeighborsObj() : LinkedList" num="63" count="0" type="method"/>
            <line num="65" count="0" type="stmt"/>
            <line complexity="1" visibility="public" signature="getNeighbors() : VertexIter" num="72" count="0" type="method"/>
            <line num="74" count="0" type="stmt"/>
            <line complexity="1" visibility="public" signature="next() : Vertex" num="77" count="0" type="method"/>
            <line num="79" count="0" type="stmt"/>
            <line complexity="1" visibility="public" signature="hasNext() : boolean" num="81" count="0" type="method"/>
            <line num="83" count="0" type="stmt"/>
            <line complexity="2" visibility="private" signature="display__wrappee__UndirectedWithEdges() : void" num="91" count="0" type="method"/>
            <line num="93" count="0" type="stmt"/>
            <line num="95" count="0" type="stmt"/>
            <line falsecount="0" truecount="0" num="95" type="cond"/>
            <line num="97" count="0" type="stmt"/>
            <line num="100" count="0" type="stmt"/>
            <line complexity="1" visibility="private" signature="display__wrappee__Number() : void" num="106" count="0" type="method"/>
            <line num="108" count="0" type="stmt"/>
            <line num="109" count="0" type="stmt"/>
            <line complexity="1" visibility="private" signature="display__wrappee__Connected() : void" num="115" count="0" type="method"/>
            <line num="117" count="0" type="stmt"/>
            <line num="118" count="0" type="stmt"/>
            <line complexity="1" visibility="private" signature="display__wrappee__Cycle() : void" num="124" count="0" type="method"/>
            <line num="125" count="0" type="stmt"/>
            <line num="126" count="0" type="stmt"/>
            <line complexity="2" visibility="public" signature="display() : void" num="132" count="0" type="method"/>
            <line num="133" count="0" type="stmt"/>
            <line falsecount="0" truecount="0" num="133" type="cond"/>
            <line num="134" count="0" type="stmt"/>
            <line num="136" count="0" type="stmt"/>
            <line num="137" count="0" type="stmt"/>
            <line complexity="1" visibility="public" signature="addNeighbor(Neighbor) : void" num="146" count="0" type="method"/>
            <line num="148" count="0" type="stmt"/>
            <line complexity="1" visibility="public" signature="getEdges() : EdgeIter" num="154" count="0" type="method"/>
            <line num="156" count="0" type="stmt"/>
            <line complexity="1" visibility="public" signature="next() : EdgeIfc" num="159" count="0" type="method"/>
            <line num="161" count="0" type="stmt"/>
            <line complexity="1" visibility="public" signature="hasNext() : boolean" num="163" count="0" type="method"/>
            <line num="165" count="0" type="stmt"/>
            <line complexity="1" visibility="public" signature="init_vertex(WorkSpace) : void" num="188" count="0" type="method"/>
            <line num="190" count="0" type="stmt"/>
            <line num="191" count="0" type="stmt"/>
            <line complexity="3" visibility="public" signature="nodeSearch(WorkSpace) : void" num="197" count="0" type="method"/>
            <line num="199" count="0" type="stmt"/>
            <line num="203" count="0" type="stmt"/>
            <line num="205" count="0" type="stmt"/>
            <line falsecount="0" truecount="0" num="205" type="cond"/>
            <line num="206" count="0" type="stmt"/>
            <line num="210" count="0" type="stmt"/>
            <line num="212" count="0" type="stmt"/>
            <line falsecount="0" truecount="0" num="212" type="cond"/>
            <line num="214" count="0" type="stmt"/>
            <line num="215" count="0" type="stmt"/>
            <line num="216" count="0" type="stmt"/>
            <line num="220" count="0" type="stmt"/>
         </file>
      </package>
   </project>
   <testproject timestamp="1588768878742">
      <metrics coveredelements="0" complexity="0" loc="0" methods="0" classes="0" statements="0" packages="0" coveredconditionals="0" coveredmethods="0" elements="0" ncloc="0" files="0" conditionals="0" coveredstatements="0"/>
   </testproject>
</coverage>