<?xml version="1.0" encoding="UTF-8"?>
<coverage generated="1588631798218" clover="4.4.1">
   <project timestamp="1588631798113">
      <metrics coveredelements="417" complexity="192" loc="1113" methods="76" classes="10" statements="385" packages="3" coveredconditionals="95" coveredmethods="60" elements="613" ncloc="590" files="8" conditionals="152" coveredstatements="262"/>
      <package name="default-pkg">
         <metrics coveredelements="175" complexity="85" loc="367" methods="18" classes="1" statements="217" coveredconditionals="30" coveredmethods="17" elements="299" ncloc="239" files="1" conditionals="64" coveredstatements="128"/>
         <file path="/home/hieuvd/spl_dataset_generation/InputPreparation/projects/Elevator-FH-JML/mutated_projects/Empty.PL_Interface_impl.AOIS_2/variants/model_m_ca3_0010/src/PL_Interface_impl.java" name="PL_Interface_impl.java">
            <metrics coveredelements="175" coveredconditionals="30" complexity="85" loc="367" coveredmethods="17" methods="18" elements="299" classes="1" ncloc="239" statements="217" conditionals="64" coveredstatements="128"/>
            <class name="PL_Interface_impl">
               <metrics coveredelements="175" coveredconditionals="30" complexity="85" coveredmethods="17" methods="18" elements="299" statements="217" conditionals="64" coveredstatements="128"/>
            </class>
            <line complexity="2" visibility="public" signature="main(String[]) : void" num="42" count="2" type="method"/>
            <line num="43" count="2" type="stmt"/>
            <line num="44" count="2" type="stmt"/>
            <line num="45" count="2" type="stmt"/>
            <line num="46" count="2" type="stmt"/>
            <line num="47" count="2" type="stmt"/>
            <line num="48" count="2" type="stmt"/>
            <line num="50" count="0" type="stmt"/>
            <line num="52" count="0" type="stmt"/>
            <line complexity="3" visibility="public" signature="start(int,int) : void" num="59" count="4" type="method"/>
            <line num="60" count="4" type="stmt"/>
            <line num="61" count="4" type="stmt"/>
            <line falsecount="0" truecount="4" num="61" type="cond"/>
            <line num="62" count="4" type="stmt"/>
            <line num="63" count="4" type="stmt"/>
            <line num="65" count="0" type="stmt"/>
            <line complexity="1" visibility="public" signature="checkOnlySpecification(int) : void" num="79" count="2" type="method"/>
            <line num="80" count="2" type="stmt"/>
            <line complexity="1" visibility="public" signature="getExecutedActions() : List&lt;String&gt;" num="86" count="2" type="method"/>
            <line num="87" count="2" type="stmt"/>
            <line complexity="1" visibility="public" signature="isAbortedRun() : boolean" num="93" count="0" type="method"/>
            <line num="94" count="0" type="stmt"/>
            <line complexity="11" visibility="private" signature="test__wrappee__Base(int,int) : void" num="105" count="4" type="method"/>
            <line num="106" count="4" type="stmt"/>
            <line falsecount="4" truecount="0" num="106" type="cond"/>
            <line num="107" count="0" type="stmt"/>
            <line num="108" count="0" type="stmt"/>
            <line num="108" count="0" type="stmt"/>
            <line num="108" count="0" type="stmt"/>
            <line num="109" count="0" type="stmt"/>
            <line num="109" count="0" type="stmt"/>
            <line num="109" count="0" type="stmt"/>
            <line num="110" count="0" type="stmt"/>
            <line num="110" count="0" type="stmt"/>
            <line num="110" count="0" type="stmt"/>
            <line num="111" count="0" type="stmt"/>
            <line num="111" count="0" type="stmt"/>
            <line num="111" count="0" type="stmt"/>
            <line num="112" count="0" type="stmt"/>
            <line num="112" count="0" type="stmt"/>
            <line num="112" count="0" type="stmt"/>
            <line num="113" count="0" type="stmt"/>
            <line num="113" count="0" type="stmt"/>
            <line num="113" count="0" type="stmt"/>
            <line num="114" count="0" type="stmt"/>
            <line num="114" count="0" type="stmt"/>
            <line num="114" count="0" type="stmt"/>
            <line num="115" count="0" type="stmt"/>
            <line num="115" count="0" type="stmt"/>
            <line num="115" count="0" type="stmt"/>
            <line num="116" count="0" type="stmt"/>
            <line num="116" count="0" type="stmt"/>
            <line num="116" count="0" type="stmt"/>
            <line num="119" count="4" type="stmt"/>
            <line complexity="1" visibility="public" signature="test(int,int) : void" num="126" count="4" type="method"/>
            <line num="128" count="4" type="stmt"/>
            <line complexity="16" visibility="public" signature="randomSequenceOfActions(int) : void" num="138" count="6" type="method"/>
            <line num="139" count="6" type="stmt"/>
            <line num="140" count="6" type="stmt"/>
            <line num="141" count="6" type="stmt"/>
            <line num="142" count="6" type="stmt"/>
            <line falsecount="2" truecount="4" num="142" type="cond"/>
            <line num="144" count="4" type="stmt"/>
            <line num="145" count="4" type="stmt"/>
            <line num="148" count="2" type="stmt"/>
            <line num="149" count="2" type="stmt"/>
            <line num="151" count="6" type="stmt"/>
            <line num="153" count="6" type="stmt"/>
            <line num="154" count="6" type="stmt"/>
            <line falsecount="6" truecount="13" num="154" type="cond"/>
            <line num="155" count="13" type="stmt"/>
            <line num="156" count="13" type="stmt"/>
            <line num="157" count="13" type="stmt"/>
            <line num="158" count="13" type="stmt"/>
            <line num="159" count="3" type="stmt"/>
            <line num="159" count="3" type="stmt"/>
            <line num="159" count="3" type="stmt"/>
            <line num="159" count="3" type="stmt"/>
            <line num="160" count="2" type="stmt"/>
            <line num="160" count="2" type="stmt"/>
            <line num="160" count="2" type="stmt"/>
            <line num="160" count="2" type="stmt"/>
            <line num="161" count="1" type="stmt"/>
            <line num="161" count="1" type="stmt"/>
            <line num="161" count="1" type="stmt"/>
            <line num="161" count="1" type="stmt"/>
            <line num="162" count="2" type="stmt"/>
            <line num="162" count="2" type="stmt"/>
            <line num="162" count="2" type="stmt"/>
            <line num="162" count="2" type="stmt"/>
            <line num="163" count="2" type="stmt"/>
            <line num="163" count="2" type="stmt"/>
            <line num="163" count="2" type="stmt"/>
            <line num="163" count="2" type="stmt"/>
            <line num="164" count="1" type="stmt"/>
            <line num="164" count="1" type="stmt"/>
            <line num="164" count="1" type="stmt"/>
            <line num="164" count="1" type="stmt"/>
            <line num="165" count="1" type="stmt"/>
            <line num="165" count="1" type="stmt"/>
            <line num="165" count="1" type="stmt"/>
            <line num="165" count="1" type="stmt"/>
            <line num="166" count="1" type="stmt"/>
            <line num="167" count="1" type="stmt"/>
            <line num="168" count="1" type="stmt"/>
            <line falsecount="1" truecount="3" num="168" type="cond"/>
            <line num="169" count="3" type="stmt"/>
            <line num="172" count="1" type="stmt"/>
            <line num="173" count="0" type="stmt"/>
            <line num="174" count="0" type="stmt"/>
            <line num="177" count="13" type="stmt"/>
            <line num="179" count="13" type="stmt"/>
            <line falsecount="13" truecount="0" num="179" type="cond"/>
            <line num="181" count="0" type="stmt"/>
            <line num="184" count="6" type="stmt"/>
            <line falsecount="3" truecount="46" num="184" type="cond"/>
            <line num="185" count="46" type="stmt"/>
            <line falsecount="43" truecount="3" num="185" type="cond"/>
            <line num="186" count="3" type="stmt"/>
            <line num="187" count="43" type="stmt"/>
            <line complexity="25" visibility="public" signature="modifiedrandomSequenceOfActions(int) : void" num="194" count="1" type="method"/>
            <line num="195" count="1" type="stmt"/>
            <line num="196" count="1" type="stmt"/>
            <line num="197" count="1" type="stmt"/>
            <line falsecount="0" truecount="1" num="197" type="cond"/>
            <line num="199" count="1" type="stmt"/>
            <line num="200" count="1" type="stmt"/>
            <line num="203" count="0" type="stmt"/>
            <line num="204" count="0" type="stmt"/>
            <line num="206" count="1" type="stmt"/>
            <line num="208" count="1" type="stmt"/>
            <line num="209" count="1" type="stmt"/>
            <line falsecount="1" truecount="0" num="209" type="cond"/>
            <line num="210" count="0" type="stmt"/>
            <line num="211" count="0" type="stmt"/>
            <line num="212" count="0" type="stmt"/>
            <line num="214" count="0" type="stmt"/>
            <line num="215" count="0" type="stmt"/>
            <line num="216" count="0" type="stmt"/>
            <line num="217" count="0" type="stmt"/>
            <line num="218" count="0" type="stmt"/>
            <line num="219" count="0" type="stmt"/>
            <line num="220" count="0" type="stmt"/>
            <line num="221" count="0" type="stmt"/>
            <line falsecount="0" truecount="0" num="221" type="cond"/>
            <line num="224" count="0" type="stmt"/>
            <line num="224" count="0" type="stmt"/>
            <line num="224" count="0" type="stmt"/>
            <line num="224" count="0" type="stmt"/>
            <line falsecount="0" truecount="0" num="224" type="cond"/>
            <line num="225" count="0" type="stmt"/>
            <line num="225" count="0" type="stmt"/>
            <line num="225" count="0" type="stmt"/>
            <line num="225" count="0" type="stmt"/>
            <line falsecount="0" truecount="0" num="225" type="cond"/>
            <line num="226" count="0" type="stmt"/>
            <line num="226" count="0" type="stmt"/>
            <line num="226" count="0" type="stmt"/>
            <line num="226" count="0" type="stmt"/>
            <line falsecount="0" truecount="0" num="226" type="cond"/>
            <line num="227" count="0" type="stmt"/>
            <line num="227" count="0" type="stmt"/>
            <line num="227" count="0" type="stmt"/>
            <line num="227" count="0" type="stmt"/>
            <line falsecount="0" truecount="0" num="227" type="cond"/>
            <line num="228" count="0" type="stmt"/>
            <line num="228" count="0" type="stmt"/>
            <line num="228" count="0" type="stmt"/>
            <line num="228" count="0" type="stmt"/>
            <line falsecount="0" truecount="0" num="228" type="cond"/>
            <line num="229" count="0" type="stmt"/>
            <line num="229" count="0" type="stmt"/>
            <line num="229" count="0" type="stmt"/>
            <line num="229" count="0" type="stmt"/>
            <line falsecount="0" truecount="0" num="229" type="cond"/>
            <line num="230" count="0" type="stmt"/>
            <line num="230" count="0" type="stmt"/>
            <line num="230" count="0" type="stmt"/>
            <line num="230" count="0" type="stmt"/>
            <line falsecount="0" truecount="0" num="230" type="cond"/>
            <line num="231" count="0" type="stmt"/>
            <line falsecount="0" truecount="0" num="231" type="cond"/>
            <line num="232" count="0" type="stmt"/>
            <line num="233" count="0" type="stmt"/>
            <line falsecount="0" truecount="0" num="233" type="cond"/>
            <line num="234" count="0" type="stmt"/>
            <line num="237" count="0" type="stmt"/>
            <line falsecount="0" truecount="0" num="237" type="cond"/>
            <line num="239" count="0" type="stmt"/>
            <line num="242" count="1" type="stmt"/>
            <line falsecount="1" truecount="0" num="242" type="cond"/>
            <line num="243" count="0" type="stmt"/>
            <line falsecount="0" truecount="0" num="243" type="cond"/>
            <line num="244" count="0" type="stmt"/>
            <line num="245" count="0" type="stmt"/>
            <line complexity="3" visibility="public" signature="Specification1() : void" num="252" count="4" type="method"/>
            <line num="253" count="4" type="stmt"/>
            <line num="254" count="4" type="stmt"/>
            <line num="255" count="4" type="stmt"/>
            <line num="257" count="4" type="stmt"/>
            <line num="258" count="4" type="stmt"/>
            <line num="259" count="4" type="stmt"/>
            <line falsecount="4" truecount="0" num="259" type="cond"/>
            <line num="260" count="0" type="stmt"/>
            <line complexity="3" visibility="public" signature="Specification2() : void" num="265" count="1" type="method"/>
            <line num="266" count="1" type="stmt"/>
            <line num="267" count="1" type="stmt"/>
            <line num="268" count="1" type="stmt"/>
            <line num="270" count="1" type="stmt"/>
            <line num="271" count="1" type="stmt"/>
            <line falsecount="1" truecount="24" num="271" type="cond"/>
            <line num="272" count="24" type="stmt"/>
            <line complexity="4" visibility="public" signature="Specification3() : void" num="277" count="2" type="method"/>
            <line num="278" count="2" type="stmt"/>
            <line num="279" count="2" type="stmt"/>
            <line num="280" count="2" type="stmt"/>
            <line num="282" count="2" type="stmt"/>
            <line num="283" count="2" type="stmt"/>
            <line falsecount="2" truecount="2" num="283" type="cond"/>
            <line num="284" count="2" type="stmt"/>
            <line num="287" count="2" type="stmt"/>
            <line num="292" count="2" type="stmt"/>
            <line num="293" count="2" type="stmt"/>
            <line falsecount="2" truecount="0" num="293" type="cond"/>
            <line num="294" count="0" type="stmt"/>
            <line complexity="3" visibility="public" signature="Specification9() : void" num="299" count="1" type="method"/>
            <line num="300" count="1" type="stmt"/>
            <line num="301" count="1" type="stmt"/>
            <line num="302" count="1" type="stmt"/>
            <line num="304" count="1" type="stmt"/>
            <line num="305" count="1" type="stmt"/>
            <line falsecount="1" truecount="24" num="305" type="cond"/>
            <line num="306" count="24" type="stmt"/>
            <line complexity="4" visibility="public" signature="Specification13() : void" num="311" count="2" type="method"/>
            <line num="312" count="2" type="stmt"/>
            <line num="313" count="2" type="stmt"/>
            <line num="314" count="2" type="stmt"/>
            <line num="316" count="2" type="stmt"/>
            <line num="317" count="2" type="stmt"/>
            <line num="318" count="2" type="stmt"/>
            <line falsecount="2" truecount="6" num="318" type="cond"/>
            <line num="319" count="6" type="stmt"/>
            <line num="321" count="2" type="stmt"/>
            <line num="322" count="2" type="stmt"/>
            <line falsecount="2" truecount="0" num="322" type="cond"/>
            <line num="323" count="0" type="stmt"/>
            <line complexity="4" visibility="public" signature="Specification14() : void" num="328" count="2" type="method"/>
            <line num="329" count="2" type="stmt"/>
            <line num="330" count="2" type="stmt"/>
            <line num="331" count="2" type="stmt"/>
            <line num="333" count="2" type="stmt"/>
            <line num="335" count="2" type="stmt"/>
            <line falsecount="2" truecount="4" num="335" type="cond"/>
            <line num="336" count="4" type="stmt"/>
            <line num="338" count="2" type="stmt"/>
            <line num="339" count="2" type="stmt"/>
            <line falsecount="2" truecount="0" num="339" type="cond"/>
            <line num="340" count="0" type="stmt"/>
            <line complexity="1" visibility="public" signature="getIntegerMinMax(int,int) : int" num="345" count="13" type="method"/>
            <line num="346" count="13" type="stmt"/>
            <line complexity="1" visibility="public" signature="getBoolean() : boolean" num="351" count="7" type="method"/>
            <line num="352" count="7" type="stmt"/>
            <line complexity="1" visibility="package" signature="listToString(List&lt;String&gt;) : String" num="358" count="2" type="method"/>
            <line num="359" count="2" type="stmt"/>
            <line num="360" count="2" type="stmt"/>
            <line num="361" count="13" type="stmt"/>
            <line num="363" count="2" type="stmt"/>
         </file>
      </package>
      <package name="ElevatorSystem">
         <metrics coveredelements="240" complexity="100" loc="679" methods="53" classes="7" statements="159" coveredconditionals="65" coveredmethods="42" elements="296" ncloc="322" files="5" conditionals="84" coveredstatements="133"/>
         <file path="/home/hieuvd/spl_dataset_generation/InputPreparation/projects/Elevator-FH-JML/mutated_projects/Empty.PL_Interface_impl.AOIS_2/variants/model_m_ca3_0010/src/ElevatorSystem/Person.java" name="Person.java">
            <metrics coveredelements="19" coveredconditionals="0" complexity="8" loc="86" coveredmethods="7" methods="8" elements="21" classes="1" ncloc="37" statements="13" conditionals="0" coveredstatements="12"/>
            <class name="Person">
               <metrics coveredelements="19" coveredconditionals="0" complexity="8" coveredmethods="7" methods="8" elements="21" statements="13" conditionals="0" coveredstatements="12"/>
            </class>
            <line complexity="1" visibility="public" signature="getWeight() : int" num="27" count="32" type="method"/>
            <line num="28" count="32" type="stmt"/>
            <line complexity="1" visibility="public" signature="Person(String,int,int,int,Environment)" num="34" count="35" type="method"/>
            <line num="35" count="35" type="stmt"/>
            <line num="36" count="35" type="stmt"/>
            <line num="37" count="35" type="stmt"/>
            <line num="38" count="35" type="stmt"/>
            <line num="39" count="35" type="stmt"/>
            <line num="40" count="35" type="stmt"/>
            <line complexity="1" visibility="public" signature="getName() : String" num="46" count="22" type="method"/>
            <line num="47" count="22" type="stmt"/>
            <line complexity="1" visibility="public" signature="getOrigin() : int" num="52" count="18" type="method"/>
            <line num="53" count="18" type="stmt"/>
            <line complexity="1" visibility="public" signature="getDestination() : int" num="59" count="27" type="method"/>
            <line num="60" count="27" type="stmt"/>
            <line complexity="1" visibility="public" signature="leaveElevator() : void" num="66" count="13" type="method"/>
            <line num="67" count="13" type="stmt"/>
            <line complexity="1" visibility="public" signature="isDestinationReached() : boolean" num="73" count="0" type="method"/>
            <line num="74" count="0" type="stmt"/>
            <line complexity="1" visibility="public" signature="enterElevator(Elevator) : void" num="80" count="19" type="method"/>
            <line num="82" count="19" type="stmt"/>
         </file>
         <file path="/home/hieuvd/spl_dataset_generation/InputPreparation/projects/Elevator-FH-JML/mutated_projects/Empty.PL_Interface_impl.AOIS_2/variants/model_m_ca3_0010/src/ElevatorSystem/Floor.java" name="Floor.java">
            <metrics coveredelements="17" coveredconditionals="0" complexity="7" loc="83" coveredmethods="6" methods="7" elements="19" classes="1" ncloc="36" statements="12" conditionals="0" coveredstatements="11"/>
            <class name="Floor">
               <metrics coveredelements="17" coveredconditionals="0" complexity="7" coveredmethods="6" methods="7" elements="19" statements="12" conditionals="0" coveredstatements="11"/>
            </class>
            <line complexity="1" visibility="public" signature="Floor(Environment,int)" num="26" count="190" type="method"/>
            <line num="27" count="190" type="stmt"/>
            <line num="28" count="190" type="stmt"/>
            <line complexity="1" visibility="public" signature="getFloorID() : int" num="34" count="0" type="method"/>
            <line num="35" count="0" type="stmt"/>
            <line complexity="1" visibility="public" signature="callElevator() : void" num="44" count="35" type="method"/>
            <line num="46" count="35" type="stmt"/>
            <line complexity="1" visibility="public" signature="reset() : void" num="52" count="25" type="method"/>
            <line num="53" count="25" type="stmt"/>
            <line complexity="1" visibility="public" signature="hasCall() : boolean" num="59" count="414" type="method"/>
            <line num="60" count="414" type="stmt"/>
            <line complexity="1" visibility="public" signature="processWaitingPersons(Elevator) : void" num="66" count="25" type="method"/>
            <line num="67" count="25" type="stmt"/>
            <line num="68" count="19" type="stmt"/>
            <line num="70" count="25" type="stmt"/>
            <line num="71" count="25" type="stmt"/>
            <line complexity="1" visibility="public" signature="addWaitingPerson(Person) : void" num="77" count="35" type="method"/>
            <line num="78" count="35" type="stmt"/>
            <line num="79" count="35" type="stmt"/>
         </file>
         <file path="/home/hieuvd/spl_dataset_generation/InputPreparation/projects/Elevator-FH-JML/mutated_projects/Empty.PL_Interface_impl.AOIS_2/variants/model_m_ca3_0010/src/ElevatorSystem/EvilPerson.java" name="EvilPerson.java">
            <metrics coveredelements="0" coveredconditionals="0" complexity="2" loc="29" coveredmethods="0" methods="2" elements="7" classes="1" ncloc="15" statements="5" conditionals="0" coveredstatements="0"/>
            <class name="EvilPerson">
               <metrics coveredelements="0" coveredconditionals="0" complexity="2" coveredmethods="0" methods="2" elements="7" statements="5" conditionals="0" coveredstatements="0"/>
            </class>
            <line complexity="1" visibility="public" signature="EvilPerson(String,int,int,int,int[],Environment)" num="12" count="0" type="method"/>
            <line num="14" count="0" type="stmt"/>
            <line num="15" count="0" type="stmt"/>
            <line complexity="1" visibility="public" signature="enterElevator(Elevator) : void" num="21" count="0" type="method"/>
            <line num="23" count="0" type="stmt"/>
            <line num="24" count="0" type="stmt"/>
            <line num="25" count="0" type="stmt"/>
         </file>
         <file path="/home/hieuvd/spl_dataset_generation/InputPreparation/projects/Elevator-FH-JML/mutated_projects/Empty.PL_Interface_impl.AOIS_2/variants/model_m_ca3_0010/src/ElevatorSystem/Elevator.java" name="Elevator.java">
            <metrics coveredelements="187" coveredconditionals="61" complexity="77" loc="419" coveredmethods="25" methods="32" elements="232" classes="3" ncloc="211" statements="120" conditionals="80" coveredstatements="101"/>
            <class name="Elevator">
               <metrics coveredelements="183" coveredconditionals="61" complexity="75" coveredmethods="23" methods="30" elements="228" statements="118" conditionals="80" coveredstatements="99"/>
            </class>
            <class name="Elevator.Direction">
               <metrics coveredelements="4" coveredconditionals="0" complexity="2" coveredmethods="2" methods="2" elements="4" statements="2" conditionals="0" coveredstatements="2"/>
            </class>
            <class name="Elevator.DoorState">
               <metrics coveredelements="0" coveredconditionals="0" complexity="0" coveredmethods="0" methods="0" elements="0" statements="0" conditionals="0" coveredstatements="0"/>
            </class>
            <line complexity="1" visibility="public" signature="reverse() : Direction" num="23" count="38" type="method"/>
            <line num="23" count="38" type="stmt"/>
            <line complexity="1" visibility="public" signature="reverse() : Direction" num="26" count="30" type="method"/>
            <line num="26" count="30" type="stmt"/>
            <line complexity="1" visibility="public" signature="Elevator(Environment,boolean)" num="55" count="15" type="method"/>
            <line num="56" count="15" type="stmt"/>
            <line num="57" count="15" type="stmt"/>
            <line num="58" count="15" type="stmt"/>
            <line num="59" count="15" type="stmt"/>
            <line num="60" count="15" type="stmt"/>
            <line num="61" count="15" type="stmt"/>
            <line complexity="2" visibility="public" signature="Elevator(Environment,boolean,int,boolean)" num="66" count="4" type="method"/>
            <line num="67" count="4" type="stmt"/>
            <line num="68" count="4" type="stmt"/>
            <line falsecount="4" truecount="0" num="68" type="cond"/>
            <line num="69" count="4" type="stmt"/>
            <line num="70" count="4" type="stmt"/>
            <line num="71" count="4" type="stmt"/>
            <line num="72" count="4" type="stmt"/>
            <line complexity="1" visibility="public" signature="isBlocked() : boolean" num="78" count="107" type="method"/>
            <line num="79" count="107" type="stmt"/>
            <line complexity="2" visibility="private" signature="enterElevator__wrappee__Base(Person) : void" num="85" count="19" type="method"/>
            <line num="86" count="19" type="stmt"/>
            <line num="87" count="19" type="stmt"/>
            <line num="88" count="19" type="stmt"/>
            <line num="88" count="11" type="stmt"/>
            <line falsecount="8" truecount="11" num="88" type="cond"/>
            <line complexity="1" visibility="public" signature="enterElevator(Person) : void" num="93" count="19" type="method"/>
            <line num="94" count="19" type="stmt"/>
            <line num="95" count="19" type="stmt"/>
            <line complexity="3" visibility="private" signature="leaveElevator__wrappee__Base(Person) : boolean" num="101" count="13" type="method"/>
            <line num="102" count="13" type="stmt"/>
            <line falsecount="0" truecount="13" num="102" type="cond"/>
            <line num="103" count="13" type="stmt"/>
            <line num="104" count="13" type="stmt"/>
            <line num="105" count="13" type="stmt"/>
            <line num="105" count="11" type="stmt"/>
            <line falsecount="2" truecount="11" num="105" type="cond"/>
            <line num="106" count="13" type="stmt"/>
            <line num="107" count="0" type="stmt"/>
            <line complexity="2" visibility="private" signature="leaveElevator__wrappee__Weight(Person) : boolean" num="113" count="13" type="method"/>
            <line num="114" count="13" type="stmt"/>
            <line falsecount="0" truecount="13" num="114" type="cond"/>
            <line num="115" count="13" type="stmt"/>
            <line num="116" count="13" type="stmt"/>
            <line num="117" count="0" type="stmt"/>
            <line complexity="3" visibility="public" signature="leaveElevator(Person) : boolean" num="122" count="13" type="method"/>
            <line num="123" count="13" type="stmt"/>
            <line falsecount="0" truecount="13" num="123" type="cond"/>
            <line num="124" count="13" type="stmt"/>
            <line falsecount="5" truecount="8" num="124" type="cond"/>
            <line num="125" count="8" type="stmt"/>
            <line num="126" count="13" type="stmt"/>
            <line num="127" count="0" type="stmt"/>
            <line complexity="1" visibility="private" signature="pressInLiftFloorButton__wrappee__Base(int) : void" num="140" count="19" type="method"/>
            <line num="142" count="19" type="stmt"/>
            <line complexity="1" visibility="public" signature="pressInLiftFloorButton(int) : void" num="152" count="19" type="method"/>
            <line num="154" count="19" type="stmt"/>
            <line complexity="1" visibility="private" signature="resetFloorButton(int) : void" num="159" count="25" type="method"/>
            <line num="160" count="25" type="stmt"/>
            <line complexity="1" visibility="public" signature="getCurrentFloorID() : int" num="165" count="11" type="method"/>
            <line num="166" count="11" type="stmt"/>
            <line complexity="1" visibility="public" signature="areDoorsOpen() : boolean" num="172" count="0" type="method"/>
            <line num="173" count="0" type="stmt"/>
            <line complexity="6" visibility="private" signature="timeShift__wrappee__Base() : void" num="188" count="109" type="method"/>
            <line num="191" count="109" type="stmt"/>
            <line falsecount="84" truecount="25" num="191" type="cond"/>
            <line num="193" count="25" type="stmt"/>
            <line num="195" count="25" type="stmt"/>
            <line num="196" count="16" type="stmt"/>
            <line falsecount="3" truecount="13" num="196" type="cond"/>
            <line num="197" count="13" type="stmt"/>
            <line num="200" count="25" type="stmt"/>
            <line num="201" count="25" type="stmt"/>
            <line num="203" count="84" type="stmt"/>
            <line falsecount="58" truecount="26" num="203" type="cond"/>
            <line num="204" count="26" type="stmt"/>
            <line num="207" count="84" type="stmt"/>
            <line falsecount="50" truecount="34" num="207" type="cond"/>
            <line num="210" count="34" type="stmt"/>
            <line num="211" count="50" type="stmt"/>
            <line falsecount="42" truecount="8" num="211" type="cond"/>
            <line num="214" count="8" type="stmt"/>
            <line num="218" count="42" type="stmt"/>
            <line complexity="1" visibility="public" signature="timeShift() : void" num="236" count="109" type="method"/>
            <line num="237" count="109" type="stmt"/>
            <line complexity="1" visibility="private" signature="stopRequestedAtCurrentFloor__wrappee__Base() : boolean" num="244" count="89" type="method"/>
            <line num="245" count="89" type="stmt"/>
            <line complexity="2" visibility="private" signature="stopRequestedAtCurrentFloor() : boolean" num="252" count="109" type="method"/>
            <line num="253" count="109" type="stmt"/>
            <line falsecount="89" truecount="20" num="253" type="cond"/>
            <line num="254" count="20" type="stmt"/>
            <line num="255" count="89" type="stmt"/>
            <line complexity="5" visibility="private" signature="continueInDirection__wrappee__Base(Direction) : void" num="261" count="84" type="method"/>
            <line num="262" count="84" type="stmt"/>
            <line num="263" count="84" type="stmt"/>
            <line falsecount="39" truecount="45" num="263" type="cond"/>
            <line num="264" count="45" type="stmt"/>
            <line falsecount="39" truecount="6" num="264" type="cond"/>
            <line num="266" count="6" type="stmt"/>
            <line num="269" count="39" type="stmt"/>
            <line falsecount="35" truecount="4" num="269" type="cond"/>
            <line num="271" count="4" type="stmt"/>
            <line num="274" count="84" type="stmt"/>
            <line falsecount="41" truecount="43" num="274" type="cond"/>
            <line num="275" count="43" type="stmt"/>
            <line num="277" count="41" type="stmt"/>
            <line complexity="1" visibility="private" signature="continueInDirection(Direction) : void" num="299" count="84" type="method"/>
            <line num="300" count="84" type="stmt"/>
            <line complexity="3" visibility="private" signature="isAnyLiftButtonPressed() : boolean" num="307" count="16" type="method"/>
            <line num="308" count="16" type="stmt"/>
            <line falsecount="0" truecount="38" num="308" type="cond"/>
            <line num="309" count="38" type="stmt"/>
            <line num="309" count="16" type="stmt"/>
            <line falsecount="22" truecount="16" num="309" type="cond"/>
            <line num="311" count="0" type="stmt"/>
            <line complexity="14" visibility="private" signature="stopRequestedInDirection__wrappee__Base(Direction,boolean,boolean) : boolean" num="317" count="134" type="method"/>
            <line num="318" count="134" type="stmt"/>
            <line num="319" count="134" type="stmt"/>
            <line falsecount="67" truecount="67" num="319" type="cond"/>
            <line num="320" count="67" type="stmt"/>
            <line num="320" count="7" type="stmt"/>
            <line falsecount="60" truecount="7" num="320" type="cond"/>
            <line num="321" count="60" type="stmt"/>
            <line falsecount="39" truecount="110" num="321" type="cond"/>
            <line num="322" count="110" type="stmt"/>
            <line num="322" count="13" type="stmt"/>
            <line falsecount="97" truecount="13" num="322" type="cond"/>
            <line num="323" count="97" type="stmt"/>
            <line num="323" count="8" type="stmt"/>
            <line falsecount="89" truecount="8" num="323" type="cond"/>
            <line num="325" count="39" type="stmt"/>
            <line num="327" count="67" type="stmt"/>
            <line num="327" count="8" type="stmt"/>
            <line falsecount="59" truecount="8" num="327" type="cond"/>
            <line num="328" count="59" type="stmt"/>
            <line falsecount="38" truecount="137" num="328" type="cond"/>
            <line num="329" count="137" type="stmt"/>
            <line num="329" count="7" type="stmt"/>
            <line falsecount="130" truecount="7" num="329" type="cond"/>
            <line num="330" count="130" type="stmt"/>
            <line num="330" count="14" type="stmt"/>
            <line falsecount="116" truecount="14" num="330" type="cond"/>
            <line num="332" count="38" type="stmt"/>
            <line complexity="4" visibility="private" signature="stopRequestedInDirection(Direction,boolean,boolean) : boolean" num="339" count="134" type="method"/>
            <line num="340" count="134" type="stmt"/>
            <line falsecount="118" truecount="16" num="340" type="cond"/>
            <line num="341" count="16" type="stmt"/>
            <line num="341" count="12" type="stmt"/>
            <line falsecount="4" truecount="12" num="341" type="cond"/>
            <line num="342" count="16" type="stmt"/>
            <line num="343" count="118" type="stmt"/>
            <line complexity="4" visibility="private" signature="anyStopRequested() : boolean" num="348" count="46" type="method"/>
            <line num="349" count="46" type="stmt"/>
            <line num="350" count="46" type="stmt"/>
            <line falsecount="3" truecount="87" num="350" type="cond"/>
            <line num="351" count="87" type="stmt"/>
            <line num="351" count="21" type="stmt"/>
            <line falsecount="66" truecount="21" num="351" type="cond"/>
            <line num="352" count="66" type="stmt"/>
            <line num="352" count="22" type="stmt"/>
            <line falsecount="44" truecount="22" num="352" type="cond"/>
            <line num="354" count="3" type="stmt"/>
            <line complexity="1" visibility="public" signature="buttonForFloorIsPressed(int) : boolean" num="360" count="0" type="method"/>
            <line num="361" count="0" type="stmt"/>
            <line complexity="1" visibility="public" signature="getCurrentDirection() : Direction" num="367" count="0" type="method"/>
            <line num="368" count="0" type="stmt"/>
            <line complexity="1" visibility="public" signature="getEnv() : Environment" num="373" count="0" type="method"/>
            <line num="374" count="0" type="stmt"/>
            <line complexity="1" visibility="public" signature="isEmpty() : boolean" num="379" count="0" type="method"/>
            <line num="380" count="0" type="stmt"/>
            <line complexity="1" visibility="public" signature="isIdle() : boolean" num="385" count="46" type="method"/>
            <line num="386" count="46" type="stmt"/>
            <line complexity="2" visibility="public" signature="toString() : String" num="392" count="0" type="method"/>
            <line num="394" count="0" type="stmt"/>
            <line falsecount="0" truecount="0" num="394" type="cond"/>
            <line complexity="7" visibility="private" signature="existInLiftCallsInDirection(Direction) : boolean" num="407" count="0" type="method"/>
            <line num="408" count="0" type="stmt"/>
            <line falsecount="0" truecount="0" num="408" type="cond"/>
            <line num="409" count="0" type="stmt"/>
            <line falsecount="0" truecount="0" num="409" type="cond"/>
            <line num="410" count="0" type="stmt"/>
            <line num="410" count="0" type="stmt"/>
            <line falsecount="0" truecount="0" num="410" type="cond"/>
            <line num="411" count="0" type="stmt"/>
            <line falsecount="0" truecount="0" num="411" type="cond"/>
            <line num="412" count="0" type="stmt"/>
            <line falsecount="0" truecount="0" num="412" type="cond"/>
            <line num="413" count="0" type="stmt"/>
            <line num="413" count="0" type="stmt"/>
            <line falsecount="0" truecount="0" num="413" type="cond"/>
            <line num="415" count="0" type="stmt"/>
         </file>
         <file path="/home/hieuvd/spl_dataset_generation/InputPreparation/projects/Elevator-FH-JML/mutated_projects/Empty.PL_Interface_impl.AOIS_2/variants/model_m_ca3_0010/src/ElevatorSystem/Environment.java" name="Environment.java">
            <metrics coveredelements="17" coveredconditionals="4" complexity="6" loc="62" coveredmethods="4" methods="4" elements="17" classes="1" ncloc="23" statements="9" conditionals="4" coveredstatements="9"/>
            <class name="Environment">
               <metrics coveredelements="17" coveredconditionals="4" complexity="6" coveredmethods="4" methods="4" elements="17" statements="9" conditionals="4" coveredstatements="9"/>
            </class>
            <line complexity="3" visibility="public" signature="Environment(int)" num="28" count="19" type="method"/>
            <line num="31" count="19" type="stmt"/>
            <line num="32" count="19" type="stmt"/>
            <line falsecount="19" truecount="95" num="32" type="cond"/>
            <line num="33" count="95" type="stmt"/>
            <line num="36" count="19" type="stmt"/>
            <line num="37" count="19" type="stmt"/>
            <line falsecount="19" truecount="95" num="37" type="cond"/>
            <line num="38" count="95" type="stmt"/>
            <line complexity="1" visibility="public" signature="getFloor(int) : Floor" num="45" count="167" type="method"/>
            <line num="46" count="167" type="stmt"/>
            <line complexity="1" visibility="public" signature="getFloors() : Floor[]" num="51" count="199" type="method"/>
            <line num="52" count="199" type="stmt"/>
            <line complexity="1" visibility="public" signature="isTopFloor(int) : boolean" num="57" count="112" type="method"/>
            <line num="58" count="112" type="stmt"/>
         </file>
      </package>
      <package name="TestSpecifications">
         <metrics coveredelements="2" complexity="7" loc="67" methods="5" classes="2" statements="9" coveredconditionals="0" coveredmethods="1" elements="18" ncloc="29" files="2" conditionals="4" coveredstatements="1"/>
         <file path="/home/hieuvd/spl_dataset_generation/InputPreparation/projects/Elevator-FH-JML/mutated_projects/Empty.PL_Interface_impl.AOIS_2/variants/model_m_ca3_0010/src/TestSpecifications/SpecificationManager.java" name="SpecificationManager.java">
            <metrics coveredelements="2" coveredconditionals="0" complexity="5" loc="41" coveredmethods="1" methods="3" elements="13" classes="1" ncloc="17" statements="6" conditionals="4" coveredstatements="1"/>
            <class name="SpecificationManager">
               <metrics coveredelements="2" coveredconditionals="0" complexity="5" coveredmethods="1" methods="3" elements="13" statements="6" conditionals="4" coveredstatements="1"/>
            </class>
            <line complexity="1" visibility="public" signature="setupSpecifications() : void" num="7" count="0" type="method"/>
            <line complexity="3" visibility="public" signature="checkSpecification(int) : boolean" num="20" count="0" type="method"/>
            <line num="21" count="0" type="stmt"/>
            <line falsecount="0" truecount="0" num="21" type="cond"/>
            <line num="22" count="0" type="stmt"/>
            <line num="23" count="0" type="stmt"/>
            <line falsecount="0" truecount="0" num="23" type="cond"/>
            <line num="24" count="0" type="stmt"/>
            <line num="26" count="0" type="stmt"/>
            <line complexity="1" visibility="public" signature="checkOnlySpecification(int) : void" num="36" count="2" type="method"/>
            <line num="37" count="2" type="stmt"/>
         </file>
         <file path="/home/hieuvd/spl_dataset_generation/InputPreparation/projects/Elevator-FH-JML/mutated_projects/Empty.PL_Interface_impl.AOIS_2/variants/model_m_ca3_0010/src/TestSpecifications/SpecificationException.java" name="SpecificationException.java">
            <metrics coveredelements="0" coveredconditionals="0" complexity="2" loc="26" coveredmethods="0" methods="2" elements="5" classes="1" ncloc="12" statements="3" conditionals="0" coveredstatements="0"/>
            <class name="SpecificationException">
               <metrics coveredelements="0" coveredconditionals="0" complexity="2" coveredmethods="0" methods="2" elements="5" statements="3" conditionals="0" coveredstatements="0"/>
            </class>
            <line complexity="1" visibility="public" signature="SpecificationException(String,String)" num="13" count="0" type="method"/>
            <line num="14" count="0" type="stmt"/>
            <line num="15" count="0" type="stmt"/>
            <line complexity="1" visibility="public" signature="getSpecificationName() : String" num="21" count="0" type="method"/>
            <line num="22" count="0" type="stmt"/>
         </file>
      </package>
   </project>
   <testproject timestamp="1588631798113">
      <metrics coveredelements="0" complexity="0" loc="0" methods="0" classes="0" statements="0" packages="0" coveredconditionals="0" coveredmethods="0" elements="0" ncloc="0" files="0" conditionals="0" coveredstatements="0"/>
   </testproject>
</coverage>