<?xml version="1.0" encoding="UTF-8"?>
<coverage generated="1586058874298" clover="4.4.1">
   <project timestamp="1586058874173">
      <metrics coveredelements="250" complexity="110" loc="1032" methods="78" classes="14" statements="200" packages="1" coveredconditionals="37" coveredmethods="59" elements="336" ncloc="507" files="14" conditionals="58" coveredstatements="154"/>
      <package name="GPL">
         <metrics coveredelements="250" complexity="110" loc="1032" methods="78" classes="14" statements="200" coveredconditionals="37" coveredmethods="59" elements="336" ncloc="507" files="14" conditionals="58" coveredstatements="154"/>
         <file path="/home/hieuvd/spl_dataset_generation/InputPreparation/projects/GPL-Test/mutated_projects/StronglyConnected.GPL.FinishTimeWorkSpace.AORS_2/variants/model_m_ca2_0011/src/GPL/Neighbor.java" name="Neighbor.java">
            <metrics coveredelements="6" coveredconditionals="0" complexity="2" loc="31" coveredmethods="2" methods="2" elements="6" classes="1" ncloc="14" statements="4" conditionals="0" coveredstatements="4"/>
            <class name="Neighbor">
               <metrics coveredelements="6" coveredconditionals="0" complexity="2" coveredmethods="2" methods="2" elements="6" statements="4" conditionals="0" coveredstatements="4"/>
            </class>
            <line complexity="1" visibility="public" signature="Neighbor()" num="17" count="7" type="method"/>
            <line num="18" count="7" type="stmt"/>
            <line num="19" count="7" type="stmt"/>
            <line complexity="1" visibility="public" signature="Neighbor(Vertex,Edge)" num="25" count="7" type="method"/>
            <line num="26" count="7" type="stmt"/>
            <line num="27" count="7" type="stmt"/>
         </file>
         <file path="/home/hieuvd/spl_dataset_generation/InputPreparation/projects/GPL-Test/mutated_projects/StronglyConnected.GPL.FinishTimeWorkSpace.AORS_2/variants/model_m_ca2_0011/src/GPL/Edge.java" name="Edge.java">
            <metrics coveredelements="8" coveredconditionals="0" complexity="13" loc="114" coveredmethods="3" methods="11" elements="33" classes="1" ncloc="53" statements="18" conditionals="4" coveredstatements="5"/>
            <class name="Edge">
               <metrics coveredelements="8" coveredconditionals="0" complexity="13" coveredmethods="3" methods="11" elements="33" statements="18" conditionals="4" coveredstatements="5"/>
            </class>
            <line complexity="1" visibility="public" signature="EdgeConstructor(Vertex,Vertex) : void" num="14" count="7" type="method"/>
            <line num="16" count="7" type="stmt"/>
            <line num="17" count="7" type="stmt"/>
            <line complexity="1" visibility="private" signature="adjustAdorns__wrappee__DirectedWithEdges(EdgeIfc) : void" num="25" count="0" type="method"/>
            <line complexity="1" visibility="public" signature="adjustAdorns(EdgeIfc) : void" num="36" count="0" type="method"/>
            <line num="37" count="0" type="stmt"/>
            <line num="38" count="0" type="stmt"/>
            <line complexity="1" visibility="public" signature="setWeight(int) : void" num="44" count="0" type="method"/>
            <line num="46" count="0" type="stmt"/>
            <line complexity="1" visibility="public" signature="getWeight() : int" num="52" count="0" type="method"/>
            <line num="54" count="0" type="stmt"/>
            <line complexity="3" visibility="public" signature="getOtherVertex(Vertex) : Vertex" num="60" count="0" type="method"/>
            <line num="62" count="0" type="stmt"/>
            <line falsecount="0" truecount="0" num="62" type="cond"/>
            <line num="63" count="0" type="stmt"/>
            <line num="64" count="0" type="stmt"/>
            <line falsecount="0" truecount="0" num="64" type="cond"/>
            <line num="65" count="0" type="stmt"/>
            <line num="67" count="0" type="stmt"/>
            <line complexity="1" visibility="public" signature="getStart() : Vertex" num="73" count="0" type="method"/>
            <line num="75" count="0" type="stmt"/>
            <line complexity="1" visibility="public" signature="getEnd() : Vertex" num="81" count="0" type="method"/>
            <line num="83" count="0" type="stmt"/>
            <line complexity="1" visibility="private" signature="display__wrappee__DirectedWithEdges() : void" num="89" count="2" type="method"/>
            <line num="90" count="2" type="stmt"/>
            <line complexity="1" visibility="public" signature="display() : void" num="96" count="2" type="method"/>
            <line num="97" count="2" type="stmt"/>
            <line num="98" count="2" type="stmt"/>
            <line complexity="1" visibility="public" signature="EdgeConstructor(Vertex,Vertex,int) : void" num="107" count="0" type="method"/>
            <line num="109" count="0" type="stmt"/>
            <line num="110" count="0" type="stmt"/>
         </file>
         <file path="/home/hieuvd/spl_dataset_generation/InputPreparation/projects/GPL-Test/mutated_projects/StronglyConnected.GPL.FinishTimeWorkSpace.AORS_2/variants/model_m_ca2_0011/src/GPL/WorkSpace.java" name="WorkSpace.java">
            <metrics coveredelements="4" coveredconditionals="0" complexity="5" loc="27" coveredmethods="4" methods="5" elements="5" classes="1" ncloc="9" statements="0" conditionals="0" coveredstatements="0"/>
            <class name="WorkSpace">
               <metrics coveredelements="4" coveredconditionals="0" complexity="5" coveredmethods="4" methods="5" elements="5" statements="0" conditionals="0" coveredstatements="0"/>
            </class>
            <line complexity="1" visibility="public" signature="init_vertex(Vertex) : void" num="7" count="14" type="method"/>
            <line complexity="1" visibility="public" signature="preVisitAction(Vertex) : void" num="11" count="0" type="method"/>
            <line complexity="1" visibility="public" signature="postVisitAction(Vertex) : void" num="15" count="8" type="method"/>
            <line complexity="1" visibility="public" signature="nextRegionAction(Vertex) : void" num="19" count="9" type="method"/>
            <line complexity="1" visibility="public" signature="checkNeighborAction(Vertex,Vertex) : void" num="23" count="13" type="method"/>
         </file>
         <file path="/home/hieuvd/spl_dataset_generation/InputPreparation/projects/GPL-Test/mutated_projects/StronglyConnected.GPL.FinishTimeWorkSpace.AORS_2/variants/model_m_ca2_0011/src/GPL/Main.java" name="Main.java">
            <metrics coveredelements="0" coveredconditionals="0" complexity="3" loc="28" coveredmethods="0" methods="1" elements="16" classes="1" ncloc="18" statements="11" conditionals="4" coveredstatements="0"/>
            <class name="Main">
               <metrics coveredelements="0" coveredconditionals="0" complexity="3" coveredmethods="0" methods="1" elements="16" statements="11" conditionals="4" coveredstatements="0"/>
            </class>
            <line complexity="3" visibility="public" signature="main(String[]) : void" num="8" count="0" type="method"/>
            <line num="10" count="0" type="stmt"/>
            <line num="12" count="0" type="stmt"/>
            <line num="13" count="0" type="stmt"/>
            <line falsecount="0" truecount="0" num="13" type="cond"/>
            <line num="14" count="0" type="stmt"/>
            <line num="15" count="0" type="stmt"/>
            <line num="16" count="0" type="stmt"/>
            <line num="17" count="0" type="stmt"/>
            <line falsecount="0" truecount="0" num="17" type="cond"/>
            <line num="18" count="0" type="stmt"/>
            <line num="20" count="0" type="stmt"/>
            <line num="22" count="0" type="stmt"/>
            <line num="23" count="0" type="stmt"/>
         </file>
         <file path="/home/hieuvd/spl_dataset_generation/InputPreparation/projects/GPL-Test/mutated_projects/StronglyConnected.GPL.FinishTimeWorkSpace.AORS_2/variants/model_m_ca2_0011/src/GPL/NeighborIfc.java" name="NeighborIfc.java">
            <metrics coveredelements="0" coveredconditionals="0" complexity="0" loc="11" coveredmethods="0" methods="0" elements="0" classes="1" ncloc="4" statements="0" conditionals="0" coveredstatements="0"/>
            <class name="NeighborIfc">
               <metrics coveredelements="0" coveredconditionals="0" complexity="0" coveredmethods="0" methods="0" elements="0" statements="0" conditionals="0" coveredstatements="0"/>
            </class>
         </file>
         <file path="/home/hieuvd/spl_dataset_generation/InputPreparation/projects/GPL-Test/mutated_projects/StronglyConnected.GPL.FinishTimeWorkSpace.AORS_2/variants/model_m_ca2_0011/src/GPL/Vertex.java" name="Vertex.java">
            <metrics coveredelements="61" coveredconditionals="7" complexity="23" loc="204" coveredmethods="16" methods="19" elements="69" classes="1" ncloc="105" statements="42" conditionals="8" coveredstatements="38"/>
            <class name="Vertex">
               <metrics coveredelements="61" coveredconditionals="7" complexity="23" coveredmethods="16" methods="19" elements="69" statements="42" conditionals="8" coveredstatements="38"/>
            </class>
            <line complexity="1" visibility="public" signature="getName() : String" num="25" count="20" type="method"/>
            <line num="25" count="20" type="stmt"/>
            <line complexity="1" visibility="public" signature="Vertex()" num="30" count="7" type="method"/>
            <line num="31" count="7" type="stmt"/>
            <line complexity="1" visibility="private" signature="VertexConstructor__wrappee__DirectedWithEdges() : void" num="37" count="7" type="method"/>
            <line num="38" count="7" type="stmt"/>
            <line num="39" count="7" type="stmt"/>
            <line complexity="1" visibility="public" signature="VertexConstructor() : void" num="45" count="7" type="method"/>
            <line num="47" count="7" type="stmt"/>
            <line num="48" count="7" type="stmt"/>
            <line complexity="1" visibility="public" signature="assignName(String) : Vertex" num="54" count="6" type="method"/>
            <line num="55" count="6" type="stmt"/>
            <line num="56" count="6" type="stmt"/>
            <line complexity="1" visibility="public" signature="addNeighbor(Neighbor) : void" num="62" count="7" type="method"/>
            <line num="63" count="7" type="stmt"/>
            <line complexity="1" visibility="public" signature="getNeighbors() : VertexIter" num="69" count="23" type="method"/>
            <line num="70" count="23" type="stmt"/>
            <line complexity="1" visibility="public" signature="next() : Vertex" num="72" count="23" type="method"/>
            <line num="72" count="23" type="stmt"/>
            <line complexity="1" visibility="public" signature="hasNext() : boolean" num="73" count="46" type="method"/>
            <line num="73" count="46" type="stmt"/>
            <line complexity="1" visibility="public" signature="getEdges() : EdgeIter" num="80" count="0" type="method"/>
            <line num="82" count="0" type="stmt"/>
            <line complexity="1" visibility="public" signature="next() : EdgeIfc" num="87" count="0" type="method"/>
            <line num="89" count="0" type="stmt"/>
            <line complexity="1" visibility="public" signature="hasNext() : boolean" num="91" count="0" type="method"/>
            <line num="91" count="0" type="stmt"/>
            <line complexity="2" visibility="private" signature="display__wrappee__DirectedWithEdges() : void" num="98" count="2" type="method"/>
            <line num="99" count="2" type="stmt"/>
            <line num="101" count="2" type="stmt"/>
            <line falsecount="2" truecount="2" num="101" type="cond"/>
            <line num="103" count="2" type="stmt"/>
            <line num="104" count="2" type="stmt"/>
            <line num="107" count="2" type="stmt"/>
            <line complexity="1" visibility="private" signature="display__wrappee__Number() : void" num="113" count="2" type="method"/>
            <line num="115" count="2" type="stmt"/>
            <line num="116" count="2" type="stmt"/>
            <line complexity="1" visibility="private" signature="display__wrappee__StronglyConnected() : void" num="122" count="2" type="method"/>
            <line num="123" count="2" type="stmt"/>
            <line num="125" count="2" type="stmt"/>
            <line complexity="1" visibility="private" signature="display__wrappee__Cycle() : void" num="131" count="2" type="method"/>
            <line num="132" count="2" type="stmt"/>
            <line num="133" count="2" type="stmt"/>
            <line complexity="2" visibility="public" signature="display() : void" num="139" count="2" type="method"/>
            <line num="140" count="2" type="stmt"/>
            <line falsecount="0" truecount="2" num="140" type="cond"/>
            <line num="141" count="2" type="stmt"/>
            <line num="143" count="0" type="stmt"/>
            <line num="144" count="2" type="stmt"/>
            <line complexity="1" visibility="public" signature="init_vertex(WorkSpace) : void" num="168" count="16" type="method"/>
            <line num="170" count="16" type="stmt"/>
            <line num="171" count="16" type="stmt"/>
            <line complexity="3" visibility="public" signature="nodeSearch(WorkSpace) : void" num="177" count="30" type="method"/>
            <line num="179" count="30" type="stmt"/>
            <line num="183" count="30" type="stmt"/>
            <line num="185" count="30" type="stmt"/>
            <line falsecount="15" truecount="15" num="185" type="cond"/>
            <line num="186" count="15" type="stmt"/>
            <line num="190" count="15" type="stmt"/>
            <line num="192" count="15" type="stmt"/>
            <line falsecount="15" truecount="15" num="192" type="cond"/>
            <line num="194" count="15" type="stmt"/>
            <line num="195" count="15" type="stmt"/>
            <line num="196" count="15" type="stmt"/>
            <line num="200" count="15" type="stmt"/>
         </file>
         <file path="/home/hieuvd/spl_dataset_generation/InputPreparation/projects/GPL-Test/mutated_projects/StronglyConnected.GPL.FinishTimeWorkSpace.AORS_2/variants/model_m_ca2_0011/src/GPL/FinishTimeWorkSpace.java" name="FinishTimeWorkSpace.java">
            <metrics coveredelements="9" coveredconditionals="2" complexity="4" loc="44" coveredmethods="3" methods="3" elements="9" classes="1" ncloc="21" statements="4" conditionals="2" coveredstatements="4"/>
            <class name="FinishTimeWorkSpace">
               <metrics coveredelements="9" coveredconditionals="2" complexity="4" coveredmethods="3" methods="3" elements="9" statements="4" conditionals="2" coveredstatements="4"/>
            </class>
            <line complexity="1" visibility="public" signature="FinishTimeWorkSpace()" num="20" count="3" type="method"/>
            <line num="22" count="3" type="stmt"/>
            <line complexity="2" visibility="public" signature="preVisitAction(Vertex) : void" num="28" count="10" type="method"/>
            <line num="30" count="10" type="stmt"/>
            <line falsecount="5" truecount="5" num="30" type="cond"/>
            <line num="31" count="5" type="stmt"/>
            <line complexity="1" visibility="public" signature="postVisitAction(Vertex) : void" num="38" count="5" type="method"/>
            <line num="40" count="5" type="stmt"/>
         </file>
         <file path="/home/hieuvd/spl_dataset_generation/InputPreparation/projects/GPL-Test/mutated_projects/StronglyConnected.GPL.FinishTimeWorkSpace.AORS_2/variants/model_m_ca2_0011/src/GPL/CycleWorkSpace.java" name="CycleWorkSpace.java">
            <metrics coveredelements="23" coveredconditionals="5" complexity="12" loc="99" coveredmethods="5" methods="5" elements="28" classes="1" ncloc="51" statements="15" conditionals="8" coveredstatements="13"/>
            <class name="CycleWorkSpace">
               <metrics coveredelements="23" coveredconditionals="5" complexity="12" coveredmethods="5" methods="5" elements="28" statements="15" conditionals="8" coveredstatements="13"/>
            </class>
            <line complexity="1" visibility="public" signature="CycleWorkSpace(boolean)" num="31" count="1" type="method"/>
            <line num="32" count="1" type="stmt"/>
            <line num="33" count="1" type="stmt"/>
            <line num="34" count="1" type="stmt"/>
            <line complexity="1" visibility="public" signature="init_vertex(Vertex) : void" num="40" count="2" type="method"/>
            <line num="42" count="2" type="stmt"/>
            <line num="43" count="2" type="stmt"/>
            <line complexity="2" visibility="public" signature="preVisitAction(Vertex) : void" num="49" count="4" type="method"/>
            <line num="52" count="4" type="stmt"/>
            <line falsecount="2" truecount="2" num="52" type="cond"/>
            <line num="55" count="2" type="stmt"/>
            <line num="56" count="2" type="stmt"/>
            <line complexity="1" visibility="public" signature="postVisitAction(Vertex) : void" num="63" count="2" type="method"/>
            <line num="65" count="2" type="stmt"/>
            <line num="66" count="2" type="stmt"/>
            <line complexity="7" visibility="public" signature="checkNeighborAction(Vertex,Vertex) : void" num="72" count="2" type="method"/>
            <line num="80" count="2" type="stmt"/>
            <line falsecount="0" truecount="2" num="80" type="cond"/>
            <line num="82" count="2" type="stmt"/>
            <line falsecount="1" truecount="1" num="82" type="cond"/>
            <line num="84" count="1" type="stmt"/>
            <line num="89" count="0" type="stmt"/>
            <line falsecount="0" truecount="0" num="89" type="cond"/>
            <line num="92" count="0" type="stmt"/>
         </file>
         <file path="/home/hieuvd/spl_dataset_generation/InputPreparation/projects/GPL-Test/mutated_projects/StronglyConnected.GPL.FinishTimeWorkSpace.AORS_2/variants/model_m_ca2_0011/src/GPL/Graph.java" name="Graph.java">
            <metrics coveredelements="122" coveredconditionals="19" complexity="37" loc="331" coveredmethods="21" methods="23" elements="145" classes="1" ncloc="174" statements="94" conditionals="28" coveredstatements="82"/>
            <class name="Graph">
               <metrics coveredelements="122" coveredconditionals="19" complexity="37" coveredmethods="21" methods="23" elements="145" statements="94" conditionals="28" coveredstatements="82"/>
            </class>
            <line complexity="1" visibility="public" signature="Graph()" num="29" count="4" type="method"/>
            <line num="30" count="4" type="stmt"/>
            <line num="31" count="4" type="stmt"/>
            <line complexity="1" visibility="private" signature="run__wrappee__DirectedWithEdges(Vertex) : void" num="38" count="1" type="method"/>
            <line complexity="1" visibility="private" signature="run__wrappee__Number(Vertex) : void" num="43" count="1" type="method"/>
            <line num="45" count="1" type="stmt"/>
            <line num="46" count="1" type="stmt"/>
            <line num="47" count="1" type="stmt"/>
            <line complexity="1" visibility="private" signature="run__wrappee__StronglyConnected(Vertex) : void" num="54" count="1" type="method"/>
            <line num="56" count="1" type="stmt"/>
            <line num="57" count="1" type="stmt"/>
            <line num="59" count="1" type="stmt"/>
            <line num="61" count="1" type="stmt"/>
            <line complexity="1" visibility="public" signature="run(Vertex) : void" num="68" count="1" type="method"/>
            <line num="70" count="1" type="stmt"/>
            <line num="71" count="1" type="stmt"/>
            <line complexity="1" visibility="public" signature="sortEdges(Comparator) : void" num="77" count="0" type="method"/>
            <line num="78" count="0" type="stmt"/>
            <line complexity="1" visibility="public" signature="sortVertices(Comparator) : void" num="84" count="3" type="method"/>
            <line num="85" count="3" type="stmt"/>
            <line complexity="1" visibility="public" signature="addEdge(Vertex,Vertex) : EdgeIfc" num="92" count="7" type="method"/>
            <line num="93" count="7" type="stmt"/>
            <line num="94" count="7" type="stmt"/>
            <line num="95" count="7" type="stmt"/>
            <line num="96" count="7" type="stmt"/>
            <line num="99" count="7" type="stmt"/>
            <line complexity="1" visibility="protected" signature="addVertex(Vertex) : void" num="105" count="8" type="method"/>
            <line num="106" count="8" type="stmt"/>
            <line complexity="4" visibility="public" signature="findsVertex(String) : Vertex" num="113" count="0" type="method"/>
            <line num="115" count="0" type="stmt"/>
            <line num="118" count="0" type="stmt"/>
            <line falsecount="0" truecount="0" num="118" type="cond"/>
            <line num="119" count="0" type="stmt"/>
            <line num="121" count="0" type="stmt"/>
            <line falsecount="0" truecount="0" num="121" type="cond"/>
            <line num="123" count="0" type="stmt"/>
            <line num="124" count="0" type="stmt"/>
            <line falsecount="0" truecount="0" num="124" type="cond"/>
            <line num="125" count="0" type="stmt"/>
            <line num="128" count="0" type="stmt"/>
            <line complexity="1" visibility="public" signature="getVertices() : VertexIter" num="134" count="26" type="method"/>
            <line num="135" count="26" type="stmt"/>
            <line complexity="1" visibility="public" signature="next() : Vertex" num="137" count="52" type="method"/>
            <line num="137" count="52" type="stmt"/>
            <line complexity="1" visibility="public" signature="hasNext() : boolean" num="138" count="77" type="method"/>
            <line num="138" count="77" type="stmt"/>
            <line complexity="1" visibility="public" signature="getEdges() : EdgeIter" num="146" count="1" type="method"/>
            <line num="147" count="1" type="stmt"/>
            <line complexity="1" visibility="public" signature="next() : EdgeIfc" num="149" count="2" type="method"/>
            <line num="149" count="2" type="stmt"/>
            <line complexity="1" visibility="public" signature="hasNext() : boolean" num="150" count="3" type="method"/>
            <line num="150" count="3" type="stmt"/>
            <line complexity="3" visibility="public" signature="display() : void" num="157" count="1" type="method"/>
            <line num="158" count="1" type="stmt"/>
            <line num="160" count="1" type="stmt"/>
            <line num="161" count="1" type="stmt"/>
            <line num="162" count="1" type="stmt"/>
            <line falsecount="1" truecount="2" num="162" type="cond"/>
            <line num="163" count="2" type="stmt"/>
            <line num="165" count="1" type="stmt"/>
            <line num="166" count="1" type="stmt"/>
            <line num="167" count="1" type="stmt"/>
            <line falsecount="1" truecount="2" num="167" type="cond"/>
            <line num="168" count="2" type="stmt"/>
            <line num="170" count="1" type="stmt"/>
            <line complexity="1" visibility="public" signature="NumberVertices() : void" num="176" count="1" type="method"/>
            <line num="178" count="1" type="stmt"/>
            <line complexity="1" visibility="public" signature="StrongComponents() : Graph" num="184" count="3" type="method"/>
            <line num="186" count="3" type="stmt"/>
            <line num="189" count="3" type="stmt"/>
            <line num="192" count="3" type="stmt"/>
            <line complexity="3" visibility="public" signature="compare(Object,Object) : int" num="194" count="3" type="method"/>
            <line num="196" count="3" type="stmt"/>
            <line num="197" count="3" type="stmt"/>
            <line num="199" count="3" type="stmt"/>
            <line falsecount="3" truecount="0" num="199" type="cond"/>
            <line num="200" count="0" type="stmt"/>
            <line num="202" count="3" type="stmt"/>
            <line falsecount="0" truecount="3" num="202" type="cond"/>
            <line num="203" count="3" type="stmt"/>
            <line num="204" count="0" type="stmt"/>
            <line num="210" count="3" type="stmt"/>
            <line num="213" count="3" type="stmt"/>
            <line num="214" count="3" type="stmt"/>
            <line num="216" count="3" type="stmt"/>
            <line complexity="4" visibility="public" signature="ComputeTranspose(Graph) : Graph" num="223" count="3" type="method"/>
            <line num="225" count="3" type="stmt"/>
            <line num="226" count="3" type="stmt"/>
            <line num="229" count="3" type="stmt"/>
            <line num="232" count="3" type="stmt"/>
            <line num="235" count="3" type="stmt"/>
            <line falsecount="3" truecount="6" num="235" type="cond"/>
            <line num="237" count="6" type="stmt"/>
            <line num="239" count="6" type="stmt"/>
            <line num="241" count="6" type="stmt"/>
            <line num="244" count="6" type="stmt"/>
            <line num="247" count="3" type="stmt"/>
            <line num="248" count="3" type="stmt"/>
            <line num="249" count="3" type="stmt"/>
            <line num="250" count="3" type="stmt"/>
            <line num="254" count="3" type="stmt"/>
            <line num="255" count="3" type="stmt"/>
            <line falsecount="3" truecount="6" num="255" type="cond"/>
            <line num="259" count="6" type="stmt"/>
            <line num="263" count="6" type="stmt"/>
            <line num="265" count="6" type="stmt"/>
            <line falsecount="6" truecount="6" num="265" type="cond"/>
            <line num="268" count="6" type="stmt"/>
            <line num="274" count="6" type="stmt"/>
            <line num="277" count="6" type="stmt"/>
            <line num="287" count="3" type="stmt"/>
            <line complexity="1" visibility="public" signature="CycleCheck() : boolean" num="294" count="1" type="method"/>
            <line num="295" count="1" type="stmt"/>
            <line num="296" count="1" type="stmt"/>
            <line num="297" count="1" type="stmt"/>
            <line complexity="5" visibility="public" signature="GraphSearch(WorkSpace) : void" num="302" count="8" type="method"/>
            <line num="305" count="8" type="stmt"/>
            <line num="306" count="8" type="stmt"/>
            <line falsecount="8" truecount="0" num="306" type="cond"/>
            <line num="308" count="0" type="stmt"/>
            <line num="312" count="8" type="stmt"/>
            <line falsecount="8" truecount="16" num="312" type="cond"/>
            <line num="314" count="16" type="stmt"/>
            <line num="315" count="16" type="stmt"/>
            <line num="319" count="8" type="stmt"/>
            <line falsecount="8" truecount="16" num="319" type="cond"/>
            <line num="321" count="16" type="stmt"/>
            <line num="322" count="16" type="stmt"/>
            <line falsecount="1" truecount="15" num="322" type="cond"/>
            <line num="324" count="15" type="stmt"/>
            <line num="325" count="15" type="stmt"/>
         </file>
         <file path="/home/hieuvd/spl_dataset_generation/InputPreparation/projects/GPL-Test/mutated_projects/StronglyConnected.GPL.FinishTimeWorkSpace.AORS_2/variants/model_m_ca2_0011/src/GPL/VertexIter.java" name="VertexIter.java">
            <metrics coveredelements="0" coveredconditionals="0" complexity="2" loc="13" coveredmethods="0" methods="2" elements="4" classes="1" ncloc="5" statements="2" conditionals="0" coveredstatements="0"/>
            <class name="VertexIter">
               <metrics coveredelements="0" coveredconditionals="0" complexity="2" coveredmethods="0" methods="2" elements="4" statements="2" conditionals="0" coveredstatements="0"/>
            </class>
            <line complexity="1" visibility="public" signature="hasNext() : boolean" num="6" count="0" type="method"/>
            <line num="6" count="0" type="stmt"/>
            <line complexity="1" visibility="public" signature="next() : Vertex" num="10" count="0" type="method"/>
            <line num="10" count="0" type="stmt"/>
         </file>
         <file path="/home/hieuvd/spl_dataset_generation/InputPreparation/projects/GPL-Test/mutated_projects/StronglyConnected.GPL.FinishTimeWorkSpace.AORS_2/variants/model_m_ca2_0011/src/GPL/WorkSpaceTranspose.java" name="WorkSpaceTranspose.java">
            <metrics coveredelements="10" coveredconditionals="2" complexity="4" loc="46" coveredmethods="3" methods="3" elements="10" classes="1" ncloc="23" statements="5" conditionals="2" coveredstatements="5"/>
            <class name="WorkSpaceTranspose">
               <metrics coveredelements="10" coveredconditionals="2" complexity="4" coveredmethods="3" methods="3" elements="10" statements="5" conditionals="2" coveredstatements="5"/>
            </class>
            <line complexity="1" visibility="public" signature="WorkSpaceTranspose()" num="20" count="3" type="method"/>
            <line num="22" count="3" type="stmt"/>
            <line complexity="2" visibility="public" signature="preVisitAction(Vertex) : void" num="28" count="12" type="method"/>
            <line num="30" count="12" type="stmt"/>
            <line falsecount="6" truecount="6" num="30" type="cond"/>
            <line num="32" count="6" type="stmt"/>
            <line num="34" count="12" type="stmt"/>
            <line complexity="1" visibility="public" signature="nextRegionAction(Vertex) : void" num="40" count="6" type="method"/>
            <line num="42" count="6" type="stmt"/>
         </file>
         <file path="/home/hieuvd/spl_dataset_generation/InputPreparation/projects/GPL-Test/mutated_projects/StronglyConnected.GPL.FinishTimeWorkSpace.AORS_2/variants/model_m_ca2_0011/src/GPL/EdgeIfc.java" name="EdgeIfc.java">
            <metrics coveredelements="0" coveredconditionals="0" complexity="0" loc="41" coveredmethods="0" methods="0" elements="0" classes="1" ncloc="10" statements="0" conditionals="0" coveredstatements="0"/>
            <class name="EdgeIfc">
               <metrics coveredelements="0" coveredconditionals="0" complexity="0" coveredmethods="0" methods="0" elements="0" statements="0" conditionals="0" coveredstatements="0"/>
            </class>
         </file>
         <file path="/home/hieuvd/spl_dataset_generation/InputPreparation/projects/GPL-Test/mutated_projects/StronglyConnected.GPL.FinishTimeWorkSpace.AORS_2/variants/model_m_ca2_0011/src/GPL/EdgeIter.java" name="EdgeIter.java">
            <metrics coveredelements="0" coveredconditionals="0" complexity="2" loc="13" coveredmethods="0" methods="2" elements="4" classes="1" ncloc="5" statements="2" conditionals="0" coveredstatements="0"/>
            <class name="EdgeIter">
               <metrics coveredelements="0" coveredconditionals="0" complexity="2" coveredmethods="0" methods="2" elements="4" statements="2" conditionals="0" coveredstatements="0"/>
            </class>
            <line complexity="1" visibility="public" signature="hasNext() : boolean" num="6" count="0" type="method"/>
            <line num="6" count="0" type="stmt"/>
            <line complexity="1" visibility="public" signature="next() : EdgeIfc" num="10" count="0" type="method"/>
            <line num="10" count="0" type="stmt"/>
         </file>
         <file path="/home/hieuvd/spl_dataset_generation/InputPreparation/projects/GPL-Test/mutated_projects/StronglyConnected.GPL.FinishTimeWorkSpace.AORS_2/variants/model_m_ca2_0011/src/GPL/NumberWorkSpace.java" name="NumberWorkSpace.java">
            <metrics coveredelements="7" coveredconditionals="2" complexity="3" loc="30" coveredmethods="2" methods="2" elements="7" classes="1" ncloc="15" statements="3" conditionals="2" coveredstatements="3"/>
            <class name="NumberWorkSpace">
               <metrics coveredelements="7" coveredconditionals="2" complexity="3" coveredmethods="2" methods="2" elements="7" statements="3" conditionals="2" coveredstatements="3"/>
            </class>
            <line complexity="1" visibility="public" signature="NumberWorkSpace()" num="12" count="1" type="method"/>
            <line num="14" count="1" type="stmt"/>
            <line complexity="2" visibility="public" signature="preVisitAction(Vertex) : void" num="20" count="4" type="method"/>
            <line num="23" count="4" type="stmt"/>
            <line falsecount="2" truecount="2" num="23" type="cond"/>
            <line num="25" count="2" type="stmt"/>
         </file>
      </package>
   </project>
   <testproject timestamp="1586058874173">
      <metrics coveredelements="0" complexity="0" loc="0" methods="0" classes="0" statements="0" packages="0" coveredconditionals="0" coveredmethods="0" elements="0" ncloc="0" files="0" conditionals="0" coveredstatements="0"/>
   </testproject>
</coverage>